[2026-05-08T06:51:27.825+0000] {local_task_job_runner.py:123} INFO - ::group::Pre task execution logs
[2026-05-08T06:51:27.838+0000] {taskinstance.py:2613} INFO - Dependencies all met for dep_context=non-requeueable deps ti=<TaskInstance: lazada_dashboard_pipeline.check_environment manual__2026-05-08T06:35:33.233697+00:00 [queued]>
[2026-05-08T06:51:27.845+0000] {taskinstance.py:2613} INFO - Dependencies all met for dep_context=requeueable deps ti=<TaskInstance: lazada_dashboard_pipeline.check_environment manual__2026-05-08T06:35:33.233697+00:00 [queued]>
[2026-05-08T06:51:27.846+0000] {taskinstance.py:2866} INFO - Starting attempt 1 of 2
[2026-05-08T06:51:27.856+0000] {taskinstance.py:2889} INFO - Executing <Task(PythonOperator): check_environment> on 2026-05-08 06:35:33.233697+00:00
[2026-05-08T06:51:27.859+0000] {standard_task_runner.py:72} INFO - Started process 1737 to run task
[2026-05-08T06:51:27.861+0000] {standard_task_runner.py:104} INFO - Running: ['***', 'tasks', 'run', 'lazada_dashboard_pipeline', 'check_environment', 'manual__2026-05-08T06:35:33.233697+00:00', '--job-id', '9', '--raw', '--subdir', 'DAGS_FOLDER/lazada_dashboard_dag.py', '--cfg-path', '/tmp/tmpn5pzvv_3']
[2026-05-08T06:51:27.863+0000] {standard_task_runner.py:105} INFO - Job 9: Subtask check_environment
[2026-05-08T06:51:27.917+0000] {task_command.py:467} INFO - Running <TaskInstance: lazada_dashboard_pipeline.check_environment manual__2026-05-08T06:35:33.233697+00:00 [running]> on host b77580192c62
[2026-05-08T06:51:28.018+0000] {taskinstance.py:3132} INFO - Exporting env vars: AIRFLOW_CTX_DAG_OWNER='lazada-dashboard' AIRFLOW_CTX_DAG_ID='lazada_dashboard_pipeline' AIRFLOW_CTX_TASK_ID='check_environment' AIRFLOW_CTX_EXECUTION_DATE='2026-05-08T06:35:33.233697+00:00' AIRFLOW_CTX_TRY_NUMBER='1' AIRFLOW_CTX_DAG_RUN_ID='manual__2026-05-08T06:35:33.233697+00:00'
[2026-05-08T06:51:28.020+0000] {taskinstance.py:731} INFO - ::endgroup::
[2026-05-08T06:51:28.028+0000] {logging_mixin.py:190} INFO - [check] PROJECT_DIR = /opt/***/project
[2026-05-08T06:51:28.029+0000] {logging_mixin.py:190} INFO - [check] STAGING_DIR = /opt/***/project/data/_staging
[2026-05-08T06:51:28.030+0000] {logging_mixin.py:190} INFO - [check] OUTPUT_PATH = /opt/***/project/data/analytics/dashboard_data.json
[2026-05-08T06:51:28.030+0000] {logging_mixin.py:190} INFO - [check] ROWS_PER_FILE = 25,000,000
[2026-05-08T06:51:28.516+0000] {logging_mixin.py:190} INFO - [check] Environment OK
[2026-05-08T06:51:28.517+0000] {python.py:240} INFO - Done. Returned value was: /opt/***/project
[2026-05-08T06:51:28.554+0000] {taskinstance.py:340} INFO - ::group::Post task execution logs
[2026-05-08T06:51:28.555+0000] {taskinstance.py:352} INFO - Marking task as SUCCESS. dag_id=lazada_dashboard_pipeline, task_id=check_environment, run_id=manual__2026-05-08T06:35:33.233697+00:00, execution_date=20260508T063533, start_date=20260508T065127, end_date=20260508T065128
[2026-05-08T06:51:28.598+0000] {local_task_job_runner.py:266} INFO - Task exited with return code 0
[2026-05-08T06:51:28.621+0000] {taskinstance.py:3895} INFO - 1 downstream tasks scheduled from follow-on schedule check
[2026-05-08T06:51:28.634+0000] {local_task_job_runner.py:245} INFO - ::endgroup::
