[2026-05-08T06:51:29.318+0000] {local_task_job_runner.py:123} INFO - ::group::Pre task execution logs
[2026-05-08T06:51:29.329+0000] {taskinstance.py:2613} INFO - Dependencies all met for dep_context=non-requeueable deps ti=<TaskInstance: lazada_dashboard_pipeline.download_dataset manual__2026-05-08T06:35:33.233697+00:00 [queued]>
[2026-05-08T06:51:29.335+0000] {taskinstance.py:2613} INFO - Dependencies all met for dep_context=requeueable deps ti=<TaskInstance: lazada_dashboard_pipeline.download_dataset manual__2026-05-08T06:35:33.233697+00:00 [queued]>
[2026-05-08T06:51:29.340+0000] {taskinstance.py:2866} INFO - Starting attempt 1 of 2
[2026-05-08T06:51:29.349+0000] {taskinstance.py:2889} INFO - Executing <Task(PythonOperator): download_dataset> on 2026-05-08 06:35:33.233697+00:00
[2026-05-08T06:51:29.352+0000] {standard_task_runner.py:72} INFO - Started process 1741 to run task
[2026-05-08T06:51:29.355+0000] {standard_task_runner.py:104} INFO - Running: ['***', 'tasks', 'run', 'lazada_dashboard_pipeline', 'download_dataset', 'manual__2026-05-08T06:35:33.233697+00:00', '--job-id', '10', '--raw', '--subdir', 'DAGS_FOLDER/lazada_dashboard_dag.py', '--cfg-path', '/tmp/tmply1pzwpp']
[2026-05-08T06:51:29.356+0000] {standard_task_runner.py:105} INFO - Job 10: Subtask download_dataset
[2026-05-08T06:51:29.414+0000] {task_command.py:467} INFO - Running <TaskInstance: lazada_dashboard_pipeline.download_dataset manual__2026-05-08T06:35:33.233697+00:00 [running]> on host b77580192c62
[2026-05-08T06:51:29.496+0000] {taskinstance.py:3132} INFO - Exporting env vars: AIRFLOW_CTX_DAG_OWNER='lazada-dashboard' AIRFLOW_CTX_DAG_ID='lazada_dashboard_pipeline' AIRFLOW_CTX_TASK_ID='download_dataset' AIRFLOW_CTX_EXECUTION_DATE='2026-05-08T06:35:33.233697+00:00' AIRFLOW_CTX_TRY_NUMBER='1' AIRFLOW_CTX_DAG_RUN_ID='manual__2026-05-08T06:35:33.233697+00:00'
[2026-05-08T06:51:29.497+0000] {taskinstance.py:731} INFO - ::endgroup::
[2026-05-08T06:51:29.981+0000] {logging_mixin.py:190} INFO - [download] Pulling Kaggle dataset: mkechinov/ecommerce-behavior-data-from-multi-category-store
[2026-05-08T06:51:30.955+0000] {logging_mixin.py:190} INFO - [download] Dataset cached at: /home/***/.cache/kagglehub/datasets/mkechinov/ecommerce-behavior-data-from-multi-category-store/versions/8
[2026-05-08T06:51:30.957+0000] {logging_mixin.py:190} INFO - [download] Cached at: /home/***/.cache/kagglehub/datasets/mkechinov/ecommerce-behavior-data-from-multi-category-store/versions/8
[2026-05-08T06:51:30.959+0000] {python.py:240} INFO - Done. Returned value was: /home/***/.cache/kagglehub/datasets/mkechinov/ecommerce-behavior-data-from-multi-category-store/versions/8
[2026-05-08T06:51:31.001+0000] {taskinstance.py:340} INFO - ::group::Post task execution logs
[2026-05-08T06:51:31.003+0000] {taskinstance.py:352} INFO - Marking task as SUCCESS. dag_id=lazada_dashboard_pipeline, task_id=download_dataset, run_id=manual__2026-05-08T06:35:33.233697+00:00, execution_date=20260508T063533, start_date=20260508T065129, end_date=20260508T065131
[2026-05-08T06:51:31.054+0000] {local_task_job_runner.py:266} INFO - Task exited with return code 0
[2026-05-08T06:51:31.075+0000] {taskinstance.py:3895} INFO - 1 downstream tasks scheduled from follow-on schedule check
[2026-05-08T06:51:31.092+0000] {local_task_job_runner.py:245} INFO - ::endgroup::
