[2026-05-08T06:30:48.502+0000] {processor.py:186} INFO - Started process (PID=182) to work on /opt/airflow/dags/lazada_dashboard_dag.py
[2026-05-08T06:30:48.502+0000] {processor.py:914} INFO - Processing file /opt/airflow/dags/lazada_dashboard_dag.py for tasks to queue
[2026-05-08T06:30:48.503+0000] {logging_mixin.py:190} INFO - [2026-05-08T06:30:48.503+0000] {dagbag.py:588} INFO - Filling up the DagBag from /opt/airflow/dags/lazada_dashboard_dag.py
[2026-05-08T06:30:48.624+0000] {processor.py:925} INFO - DAG(s) 'lazada_dashboard_pipeline' retrieved from /opt/airflow/dags/lazada_dashboard_dag.py
[2026-05-08T06:30:48.784+0000] {logging_mixin.py:190} INFO - [2026-05-08T06:30:48.783+0000] {override.py:1911} INFO - Created Permission View: can delete on DAG:lazada_dashboard_pipeline
[2026-05-08T06:30:48.793+0000] {logging_mixin.py:190} INFO - [2026-05-08T06:30:48.793+0000] {override.py:1911} INFO - Created Permission View: can edit on DAG:lazada_dashboard_pipeline
[2026-05-08T06:30:48.798+0000] {logging_mixin.py:190} INFO - [2026-05-08T06:30:48.798+0000] {override.py:1911} INFO - Created Permission View: can read on DAG:lazada_dashboard_pipeline
[2026-05-08T06:30:48.805+0000] {logging_mixin.py:190} INFO - [2026-05-08T06:30:48.805+0000] {override.py:1911} INFO - Created Permission View: can delete on DAG Run:lazada_dashboard_pipeline
[2026-05-08T06:30:48.811+0000] {logging_mixin.py:190} INFO - [2026-05-08T06:30:48.810+0000] {override.py:1911} INFO - Created Permission View: menu access on DAG Run:lazada_dashboard_pipeline
[2026-05-08T06:30:48.816+0000] {logging_mixin.py:190} INFO - [2026-05-08T06:30:48.816+0000] {override.py:1911} INFO - Created Permission View: can create on DAG Run:lazada_dashboard_pipeline
[2026-05-08T06:30:48.821+0000] {logging_mixin.py:190} INFO - [2026-05-08T06:30:48.821+0000] {override.py:1911} INFO - Created Permission View: can read on DAG Run:lazada_dashboard_pipeline
[2026-05-08T06:30:48.822+0000] {logging_mixin.py:190} INFO - [2026-05-08T06:30:48.822+0000] {dag.py:3239} INFO - Sync 1 DAGs
[2026-05-08T06:30:48.857+0000] {logging_mixin.py:190} INFO - [2026-05-08T06:30:48.857+0000] {dag.py:3262} INFO - Creating ORM DAG for lazada_dashboard_pipeline
[2026-05-08T06:30:48.873+0000] {logging_mixin.py:190} INFO - [2026-05-08T06:30:48.873+0000] {dag.py:4180} INFO - Setting next_dagrun for lazada_dashboard_pipeline to 2026-05-07 02:00:00+00:00, run_after=2026-05-08 02:00:00+00:00
[2026-05-08T06:30:48.911+0000] {processor.py:208} INFO - Processing /opt/airflow/dags/lazada_dashboard_dag.py took 0.414 seconds
[2026-05-08T06:31:19.214+0000] {processor.py:186} INFO - Started process (PID=199) to work on /opt/airflow/dags/lazada_dashboard_dag.py
[2026-05-08T06:31:19.215+0000] {processor.py:914} INFO - Processing file /opt/airflow/dags/lazada_dashboard_dag.py for tasks to queue
[2026-05-08T06:31:19.217+0000] {logging_mixin.py:190} INFO - [2026-05-08T06:31:19.216+0000] {dagbag.py:588} INFO - Filling up the DagBag from /opt/airflow/dags/lazada_dashboard_dag.py
[2026-05-08T06:31:19.233+0000] {processor.py:925} INFO - DAG(s) 'lazada_dashboard_pipeline' retrieved from /opt/airflow/dags/lazada_dashboard_dag.py
[2026-05-08T06:31:19.254+0000] {logging_mixin.py:190} INFO - [2026-05-08T06:31:19.254+0000] {dag.py:3239} INFO - Sync 1 DAGs
[2026-05-08T06:31:19.272+0000] {logging_mixin.py:190} INFO - [2026-05-08T06:31:19.272+0000] {dag.py:4180} INFO - Setting next_dagrun for lazada_dashboard_pipeline to 2026-05-07 02:00:00+00:00, run_after=2026-05-08 02:00:00+00:00
[2026-05-08T06:31:19.292+0000] {processor.py:208} INFO - Processing /opt/airflow/dags/lazada_dashboard_dag.py took 0.084 seconds
[2026-05-08T06:31:49.480+0000] {processor.py:186} INFO - Started process (PID=210) to work on /opt/airflow/dags/lazada_dashboard_dag.py
[2026-05-08T06:31:49.481+0000] {processor.py:914} INFO - Processing file /opt/airflow/dags/lazada_dashboard_dag.py for tasks to queue
[2026-05-08T06:31:49.483+0000] {logging_mixin.py:190} INFO - [2026-05-08T06:31:49.483+0000] {dagbag.py:588} INFO - Filling up the DagBag from /opt/airflow/dags/lazada_dashboard_dag.py
[2026-05-08T06:31:49.501+0000] {processor.py:925} INFO - DAG(s) 'lazada_dashboard_pipeline' retrieved from /opt/airflow/dags/lazada_dashboard_dag.py
[2026-05-08T06:31:49.522+0000] {logging_mixin.py:190} INFO - [2026-05-08T06:31:49.522+0000] {dag.py:3239} INFO - Sync 1 DAGs
[2026-05-08T06:31:49.538+0000] {logging_mixin.py:190} INFO - [2026-05-08T06:31:49.538+0000] {dag.py:4180} INFO - Setting next_dagrun for lazada_dashboard_pipeline to 2026-05-07 02:00:00+00:00, run_after=2026-05-08 02:00:00+00:00
[2026-05-08T06:31:49.551+0000] {processor.py:208} INFO - Processing /opt/airflow/dags/lazada_dashboard_dag.py took 0.077 seconds
[2026-05-08T06:32:19.809+0000] {processor.py:186} INFO - Started process (PID=221) to work on /opt/airflow/dags/lazada_dashboard_dag.py
[2026-05-08T06:32:19.809+0000] {processor.py:914} INFO - Processing file /opt/airflow/dags/lazada_dashboard_dag.py for tasks to queue
[2026-05-08T06:32:19.811+0000] {logging_mixin.py:190} INFO - [2026-05-08T06:32:19.811+0000] {dagbag.py:588} INFO - Filling up the DagBag from /opt/airflow/dags/lazada_dashboard_dag.py
[2026-05-08T06:32:19.826+0000] {processor.py:925} INFO - DAG(s) 'lazada_dashboard_pipeline' retrieved from /opt/airflow/dags/lazada_dashboard_dag.py
[2026-05-08T06:32:19.844+0000] {logging_mixin.py:190} INFO - [2026-05-08T06:32:19.843+0000] {dag.py:3239} INFO - Sync 1 DAGs
[2026-05-08T06:32:19.860+0000] {logging_mixin.py:190} INFO - [2026-05-08T06:32:19.860+0000] {dag.py:4180} INFO - Setting next_dagrun for lazada_dashboard_pipeline to 2026-05-07 02:00:00+00:00, run_after=2026-05-08 02:00:00+00:00
[2026-05-08T06:32:19.875+0000] {processor.py:208} INFO - Processing /opt/airflow/dags/lazada_dashboard_dag.py took 0.072 seconds
[2026-05-08T06:32:50.028+0000] {processor.py:186} INFO - Started process (PID=232) to work on /opt/airflow/dags/lazada_dashboard_dag.py
[2026-05-08T06:32:50.030+0000] {processor.py:914} INFO - Processing file /opt/airflow/dags/lazada_dashboard_dag.py for tasks to queue
[2026-05-08T06:32:50.031+0000] {logging_mixin.py:190} INFO - [2026-05-08T06:32:50.031+0000] {dagbag.py:588} INFO - Filling up the DagBag from /opt/airflow/dags/lazada_dashboard_dag.py
[2026-05-08T06:32:50.050+0000] {processor.py:925} INFO - DAG(s) 'lazada_dashboard_pipeline' retrieved from /opt/airflow/dags/lazada_dashboard_dag.py
[2026-05-08T06:32:50.070+0000] {logging_mixin.py:190} INFO - [2026-05-08T06:32:50.069+0000] {dag.py:3239} INFO - Sync 1 DAGs
[2026-05-08T06:32:50.086+0000] {logging_mixin.py:190} INFO - [2026-05-08T06:32:50.086+0000] {dag.py:4180} INFO - Setting next_dagrun for lazada_dashboard_pipeline to 2026-05-07 02:00:00+00:00, run_after=2026-05-08 02:00:00+00:00
[2026-05-08T06:32:50.098+0000] {processor.py:208} INFO - Processing /opt/airflow/dags/lazada_dashboard_dag.py took 0.077 seconds
[2026-05-08T06:33:20.222+0000] {processor.py:186} INFO - Started process (PID=243) to work on /opt/airflow/dags/lazada_dashboard_dag.py
[2026-05-08T06:33:20.223+0000] {processor.py:914} INFO - Processing file /opt/airflow/dags/lazada_dashboard_dag.py for tasks to queue
[2026-05-08T06:33:20.227+0000] {logging_mixin.py:190} INFO - [2026-05-08T06:33:20.226+0000] {dagbag.py:588} INFO - Filling up the DagBag from /opt/airflow/dags/lazada_dashboard_dag.py
[2026-05-08T06:33:20.240+0000] {processor.py:925} INFO - DAG(s) 'lazada_dashboard_pipeline' retrieved from /opt/airflow/dags/lazada_dashboard_dag.py
[2026-05-08T06:33:20.263+0000] {logging_mixin.py:190} INFO - [2026-05-08T06:33:20.262+0000] {dag.py:3239} INFO - Sync 1 DAGs
[2026-05-08T06:33:20.281+0000] {logging_mixin.py:190} INFO - [2026-05-08T06:33:20.280+0000] {dag.py:4180} INFO - Setting next_dagrun for lazada_dashboard_pipeline to 2026-05-07 02:00:00+00:00, run_after=2026-05-08 02:00:00+00:00
[2026-05-08T06:33:20.295+0000] {processor.py:208} INFO - Processing /opt/airflow/dags/lazada_dashboard_dag.py took 0.077 seconds
[2026-05-08T06:33:50.572+0000] {processor.py:186} INFO - Started process (PID=254) to work on /opt/airflow/dags/lazada_dashboard_dag.py
[2026-05-08T06:33:50.573+0000] {processor.py:914} INFO - Processing file /opt/airflow/dags/lazada_dashboard_dag.py for tasks to queue
[2026-05-08T06:33:50.575+0000] {logging_mixin.py:190} INFO - [2026-05-08T06:33:50.575+0000] {dagbag.py:588} INFO - Filling up the DagBag from /opt/airflow/dags/lazada_dashboard_dag.py
[2026-05-08T06:33:50.591+0000] {processor.py:925} INFO - DAG(s) 'lazada_dashboard_pipeline' retrieved from /opt/airflow/dags/lazada_dashboard_dag.py
[2026-05-08T06:33:50.609+0000] {logging_mixin.py:190} INFO - [2026-05-08T06:33:50.609+0000] {dag.py:3239} INFO - Sync 1 DAGs
[2026-05-08T06:33:50.627+0000] {logging_mixin.py:190} INFO - [2026-05-08T06:33:50.626+0000] {dag.py:4180} INFO - Setting next_dagrun for lazada_dashboard_pipeline to 2026-05-07 02:00:00+00:00, run_after=2026-05-08 02:00:00+00:00
[2026-05-08T06:33:50.639+0000] {processor.py:208} INFO - Processing /opt/airflow/dags/lazada_dashboard_dag.py took 0.073 seconds
[2026-05-08T06:34:20.878+0000] {processor.py:186} INFO - Started process (PID=265) to work on /opt/airflow/dags/lazada_dashboard_dag.py
[2026-05-08T06:34:20.880+0000] {processor.py:914} INFO - Processing file /opt/airflow/dags/lazada_dashboard_dag.py for tasks to queue
[2026-05-08T06:34:20.881+0000] {logging_mixin.py:190} INFO - [2026-05-08T06:34:20.881+0000] {dagbag.py:588} INFO - Filling up the DagBag from /opt/airflow/dags/lazada_dashboard_dag.py
[2026-05-08T06:34:20.897+0000] {processor.py:925} INFO - DAG(s) 'lazada_dashboard_pipeline' retrieved from /opt/airflow/dags/lazada_dashboard_dag.py
[2026-05-08T06:34:20.916+0000] {logging_mixin.py:190} INFO - [2026-05-08T06:34:20.916+0000] {dag.py:3239} INFO - Sync 1 DAGs
[2026-05-08T06:34:20.932+0000] {logging_mixin.py:190} INFO - [2026-05-08T06:34:20.932+0000] {dag.py:4180} INFO - Setting next_dagrun for lazada_dashboard_pipeline to 2026-05-07 02:00:00+00:00, run_after=2026-05-08 02:00:00+00:00
[2026-05-08T06:34:20.947+0000] {processor.py:208} INFO - Processing /opt/airflow/dags/lazada_dashboard_dag.py took 0.074 seconds
[2026-05-08T06:34:51.122+0000] {processor.py:186} INFO - Started process (PID=276) to work on /opt/airflow/dags/lazada_dashboard_dag.py
[2026-05-08T06:34:51.123+0000] {processor.py:914} INFO - Processing file /opt/airflow/dags/lazada_dashboard_dag.py for tasks to queue
[2026-05-08T06:34:51.124+0000] {logging_mixin.py:190} INFO - [2026-05-08T06:34:51.124+0000] {dagbag.py:588} INFO - Filling up the DagBag from /opt/airflow/dags/lazada_dashboard_dag.py
[2026-05-08T06:34:51.139+0000] {processor.py:925} INFO - DAG(s) 'lazada_dashboard_pipeline' retrieved from /opt/airflow/dags/lazada_dashboard_dag.py
[2026-05-08T06:34:51.158+0000] {logging_mixin.py:190} INFO - [2026-05-08T06:34:51.158+0000] {dag.py:3239} INFO - Sync 1 DAGs
[2026-05-08T06:34:51.174+0000] {logging_mixin.py:190} INFO - [2026-05-08T06:34:51.174+0000] {dag.py:4180} INFO - Setting next_dagrun for lazada_dashboard_pipeline to 2026-05-07 02:00:00+00:00, run_after=2026-05-08 02:00:00+00:00
[2026-05-08T06:34:51.187+0000] {processor.py:208} INFO - Processing /opt/airflow/dags/lazada_dashboard_dag.py took 0.069 seconds
[2026-05-08T06:35:21.399+0000] {processor.py:186} INFO - Started process (PID=287) to work on /opt/airflow/dags/lazada_dashboard_dag.py
[2026-05-08T06:35:21.400+0000] {processor.py:914} INFO - Processing file /opt/airflow/dags/lazada_dashboard_dag.py for tasks to queue
[2026-05-08T06:35:21.402+0000] {logging_mixin.py:190} INFO - [2026-05-08T06:35:21.402+0000] {dagbag.py:588} INFO - Filling up the DagBag from /opt/airflow/dags/lazada_dashboard_dag.py
[2026-05-08T06:35:21.422+0000] {processor.py:925} INFO - DAG(s) 'lazada_dashboard_pipeline' retrieved from /opt/airflow/dags/lazada_dashboard_dag.py
[2026-05-08T06:35:21.439+0000] {logging_mixin.py:190} INFO - [2026-05-08T06:35:21.439+0000] {dag.py:3239} INFO - Sync 1 DAGs
[2026-05-08T06:35:21.455+0000] {logging_mixin.py:190} INFO - [2026-05-08T06:35:21.455+0000] {dag.py:4180} INFO - Setting next_dagrun for lazada_dashboard_pipeline to 2026-05-07 02:00:00+00:00, run_after=2026-05-08 02:00:00+00:00
[2026-05-08T06:35:21.467+0000] {processor.py:208} INFO - Processing /opt/airflow/dags/lazada_dashboard_dag.py took 0.073 seconds
[2026-05-08T06:35:51.677+0000] {processor.py:186} INFO - Started process (PID=307) to work on /opt/airflow/dags/lazada_dashboard_dag.py
[2026-05-08T06:35:51.678+0000] {processor.py:914} INFO - Processing file /opt/airflow/dags/lazada_dashboard_dag.py for tasks to queue
[2026-05-08T06:35:51.682+0000] {logging_mixin.py:190} INFO - [2026-05-08T06:35:51.681+0000] {dagbag.py:588} INFO - Filling up the DagBag from /opt/airflow/dags/lazada_dashboard_dag.py
[2026-05-08T06:35:51.699+0000] {processor.py:925} INFO - DAG(s) 'lazada_dashboard_pipeline' retrieved from /opt/airflow/dags/lazada_dashboard_dag.py
[2026-05-08T06:35:51.719+0000] {logging_mixin.py:190} INFO - [2026-05-08T06:35:51.719+0000] {dag.py:3239} INFO - Sync 1 DAGs
[2026-05-08T06:35:51.748+0000] {processor.py:208} INFO - Processing /opt/airflow/dags/lazada_dashboard_dag.py took 0.077 seconds
[2026-05-08T06:36:21.849+0000] {processor.py:186} INFO - Started process (PID=318) to work on /opt/airflow/dags/lazada_dashboard_dag.py
[2026-05-08T06:36:21.850+0000] {processor.py:914} INFO - Processing file /opt/airflow/dags/lazada_dashboard_dag.py for tasks to queue
[2026-05-08T06:36:21.851+0000] {logging_mixin.py:190} INFO - [2026-05-08T06:36:21.851+0000] {dagbag.py:588} INFO - Filling up the DagBag from /opt/airflow/dags/lazada_dashboard_dag.py
[2026-05-08T06:36:21.865+0000] {processor.py:925} INFO - DAG(s) 'lazada_dashboard_pipeline' retrieved from /opt/airflow/dags/lazada_dashboard_dag.py
[2026-05-08T06:36:21.899+0000] {logging_mixin.py:190} INFO - [2026-05-08T06:36:21.899+0000] {dag.py:3239} INFO - Sync 1 DAGs
[2026-05-08T06:36:21.929+0000] {processor.py:208} INFO - Processing /opt/airflow/dags/lazada_dashboard_dag.py took 0.084 seconds
[2026-05-08T06:36:52.141+0000] {processor.py:186} INFO - Started process (PID=329) to work on /opt/airflow/dags/lazada_dashboard_dag.py
[2026-05-08T06:36:52.142+0000] {processor.py:914} INFO - Processing file /opt/airflow/dags/lazada_dashboard_dag.py for tasks to queue
[2026-05-08T06:36:52.144+0000] {logging_mixin.py:190} INFO - [2026-05-08T06:36:52.144+0000] {dagbag.py:588} INFO - Filling up the DagBag from /opt/airflow/dags/lazada_dashboard_dag.py
[2026-05-08T06:36:52.157+0000] {processor.py:925} INFO - DAG(s) 'lazada_dashboard_pipeline' retrieved from /opt/airflow/dags/lazada_dashboard_dag.py
[2026-05-08T06:36:52.178+0000] {logging_mixin.py:190} INFO - [2026-05-08T06:36:52.177+0000] {dag.py:3239} INFO - Sync 1 DAGs
[2026-05-08T06:36:52.206+0000] {processor.py:208} INFO - Processing /opt/airflow/dags/lazada_dashboard_dag.py took 0.069 seconds
[2026-05-08T06:37:22.323+0000] {processor.py:186} INFO - Started process (PID=340) to work on /opt/airflow/dags/lazada_dashboard_dag.py
[2026-05-08T06:37:22.323+0000] {processor.py:914} INFO - Processing file /opt/airflow/dags/lazada_dashboard_dag.py for tasks to queue
[2026-05-08T06:37:22.325+0000] {logging_mixin.py:190} INFO - [2026-05-08T06:37:22.325+0000] {dagbag.py:588} INFO - Filling up the DagBag from /opt/airflow/dags/lazada_dashboard_dag.py
[2026-05-08T06:37:22.337+0000] {processor.py:925} INFO - DAG(s) 'lazada_dashboard_pipeline' retrieved from /opt/airflow/dags/lazada_dashboard_dag.py
[2026-05-08T06:37:22.355+0000] {logging_mixin.py:190} INFO - [2026-05-08T06:37:22.355+0000] {dag.py:3239} INFO - Sync 1 DAGs
[2026-05-08T06:37:22.389+0000] {processor.py:208} INFO - Processing /opt/airflow/dags/lazada_dashboard_dag.py took 0.070 seconds
[2026-05-08T06:37:52.601+0000] {processor.py:186} INFO - Started process (PID=351) to work on /opt/airflow/dags/lazada_dashboard_dag.py
[2026-05-08T06:37:52.622+0000] {processor.py:914} INFO - Processing file /opt/airflow/dags/lazada_dashboard_dag.py for tasks to queue
[2026-05-08T06:37:52.624+0000] {logging_mixin.py:190} INFO - [2026-05-08T06:37:52.624+0000] {dagbag.py:588} INFO - Filling up the DagBag from /opt/airflow/dags/lazada_dashboard_dag.py
[2026-05-08T06:37:52.732+0000] {processor.py:925} INFO - DAG(s) 'lazada_dashboard_pipeline' retrieved from /opt/airflow/dags/lazada_dashboard_dag.py
[2026-05-08T06:37:52.755+0000] {logging_mixin.py:190} INFO - [2026-05-08T06:37:52.755+0000] {dag.py:3239} INFO - Sync 1 DAGs
[2026-05-08T06:37:52.791+0000] {processor.py:208} INFO - Processing /opt/airflow/dags/lazada_dashboard_dag.py took 0.195 seconds
[2026-05-08T06:38:22.987+0000] {processor.py:186} INFO - Started process (PID=362) to work on /opt/airflow/dags/lazada_dashboard_dag.py
[2026-05-08T06:38:22.989+0000] {processor.py:914} INFO - Processing file /opt/airflow/dags/lazada_dashboard_dag.py for tasks to queue
[2026-05-08T06:38:22.991+0000] {logging_mixin.py:190} INFO - [2026-05-08T06:38:22.990+0000] {dagbag.py:588} INFO - Filling up the DagBag from /opt/airflow/dags/lazada_dashboard_dag.py
[2026-05-08T06:38:23.006+0000] {processor.py:925} INFO - DAG(s) 'lazada_dashboard_pipeline' retrieved from /opt/airflow/dags/lazada_dashboard_dag.py
[2026-05-08T06:38:23.029+0000] {logging_mixin.py:190} INFO - [2026-05-08T06:38:23.029+0000] {dag.py:3239} INFO - Sync 1 DAGs
[2026-05-08T06:38:23.075+0000] {processor.py:208} INFO - Processing /opt/airflow/dags/lazada_dashboard_dag.py took 0.093 seconds
[2026-05-08T06:38:53.210+0000] {processor.py:186} INFO - Started process (PID=373) to work on /opt/airflow/dags/lazada_dashboard_dag.py
[2026-05-08T06:38:53.212+0000] {processor.py:914} INFO - Processing file /opt/airflow/dags/lazada_dashboard_dag.py for tasks to queue
[2026-05-08T06:38:53.214+0000] {logging_mixin.py:190} INFO - [2026-05-08T06:38:53.213+0000] {dagbag.py:588} INFO - Filling up the DagBag from /opt/airflow/dags/lazada_dashboard_dag.py
[2026-05-08T06:38:53.228+0000] {processor.py:925} INFO - DAG(s) 'lazada_dashboard_pipeline' retrieved from /opt/airflow/dags/lazada_dashboard_dag.py
[2026-05-08T06:38:53.251+0000] {logging_mixin.py:190} INFO - [2026-05-08T06:38:53.251+0000] {dag.py:3239} INFO - Sync 1 DAGs
[2026-05-08T06:38:53.279+0000] {processor.py:208} INFO - Processing /opt/airflow/dags/lazada_dashboard_dag.py took 0.073 seconds
[2026-05-08T06:39:23.451+0000] {processor.py:186} INFO - Started process (PID=384) to work on /opt/airflow/dags/lazada_dashboard_dag.py
[2026-05-08T06:39:23.452+0000] {processor.py:914} INFO - Processing file /opt/airflow/dags/lazada_dashboard_dag.py for tasks to queue
[2026-05-08T06:39:23.453+0000] {logging_mixin.py:190} INFO - [2026-05-08T06:39:23.453+0000] {dagbag.py:588} INFO - Filling up the DagBag from /opt/airflow/dags/lazada_dashboard_dag.py
[2026-05-08T06:39:23.467+0000] {processor.py:925} INFO - DAG(s) 'lazada_dashboard_pipeline' retrieved from /opt/airflow/dags/lazada_dashboard_dag.py
[2026-05-08T06:39:23.494+0000] {logging_mixin.py:190} INFO - [2026-05-08T06:39:23.494+0000] {dag.py:3239} INFO - Sync 1 DAGs
[2026-05-08T06:39:23.532+0000] {processor.py:208} INFO - Processing /opt/airflow/dags/lazada_dashboard_dag.py took 0.085 seconds
[2026-05-08T06:39:53.649+0000] {processor.py:186} INFO - Started process (PID=395) to work on /opt/airflow/dags/lazada_dashboard_dag.py
[2026-05-08T06:39:53.650+0000] {processor.py:914} INFO - Processing file /opt/airflow/dags/lazada_dashboard_dag.py for tasks to queue
[2026-05-08T06:39:53.652+0000] {logging_mixin.py:190} INFO - [2026-05-08T06:39:53.652+0000] {dagbag.py:588} INFO - Filling up the DagBag from /opt/airflow/dags/lazada_dashboard_dag.py
[2026-05-08T06:39:53.680+0000] {processor.py:925} INFO - DAG(s) 'lazada_dashboard_pipeline' retrieved from /opt/airflow/dags/lazada_dashboard_dag.py
[2026-05-08T06:39:53.707+0000] {logging_mixin.py:190} INFO - [2026-05-08T06:39:53.707+0000] {dag.py:3239} INFO - Sync 1 DAGs
[2026-05-08T06:39:53.742+0000] {processor.py:208} INFO - Processing /opt/airflow/dags/lazada_dashboard_dag.py took 0.099 seconds
[2026-05-08T06:40:23.899+0000] {processor.py:186} INFO - Started process (PID=406) to work on /opt/airflow/dags/lazada_dashboard_dag.py
[2026-05-08T06:40:23.900+0000] {processor.py:914} INFO - Processing file /opt/airflow/dags/lazada_dashboard_dag.py for tasks to queue
[2026-05-08T06:40:23.902+0000] {logging_mixin.py:190} INFO - [2026-05-08T06:40:23.901+0000] {dagbag.py:588} INFO - Filling up the DagBag from /opt/airflow/dags/lazada_dashboard_dag.py
[2026-05-08T06:40:23.920+0000] {processor.py:925} INFO - DAG(s) 'lazada_dashboard_pipeline' retrieved from /opt/airflow/dags/lazada_dashboard_dag.py
[2026-05-08T06:40:23.945+0000] {logging_mixin.py:190} INFO - [2026-05-08T06:40:23.944+0000] {dag.py:3239} INFO - Sync 1 DAGs
[2026-05-08T06:40:23.975+0000] {processor.py:208} INFO - Processing /opt/airflow/dags/lazada_dashboard_dag.py took 0.080 seconds
[2026-05-08T06:40:54.102+0000] {processor.py:186} INFO - Started process (PID=417) to work on /opt/airflow/dags/lazada_dashboard_dag.py
[2026-05-08T06:40:54.104+0000] {processor.py:914} INFO - Processing file /opt/airflow/dags/lazada_dashboard_dag.py for tasks to queue
[2026-05-08T06:40:54.105+0000] {logging_mixin.py:190} INFO - [2026-05-08T06:40:54.105+0000] {dagbag.py:588} INFO - Filling up the DagBag from /opt/airflow/dags/lazada_dashboard_dag.py
[2026-05-08T06:40:54.118+0000] {processor.py:925} INFO - DAG(s) 'lazada_dashboard_pipeline' retrieved from /opt/airflow/dags/lazada_dashboard_dag.py
[2026-05-08T06:40:54.139+0000] {logging_mixin.py:190} INFO - [2026-05-08T06:40:54.139+0000] {dag.py:3239} INFO - Sync 1 DAGs
[2026-05-08T06:40:54.166+0000] {processor.py:208} INFO - Processing /opt/airflow/dags/lazada_dashboard_dag.py took 0.067 seconds
[2026-05-08T06:41:24.341+0000] {processor.py:186} INFO - Started process (PID=428) to work on /opt/airflow/dags/lazada_dashboard_dag.py
[2026-05-08T06:41:24.343+0000] {processor.py:914} INFO - Processing file /opt/airflow/dags/lazada_dashboard_dag.py for tasks to queue
[2026-05-08T06:41:24.345+0000] {logging_mixin.py:190} INFO - [2026-05-08T06:41:24.344+0000] {dagbag.py:588} INFO - Filling up the DagBag from /opt/airflow/dags/lazada_dashboard_dag.py
[2026-05-08T06:41:24.362+0000] {processor.py:925} INFO - DAG(s) 'lazada_dashboard_pipeline' retrieved from /opt/airflow/dags/lazada_dashboard_dag.py
[2026-05-08T06:41:24.386+0000] {logging_mixin.py:190} INFO - [2026-05-08T06:41:24.386+0000] {dag.py:3239} INFO - Sync 1 DAGs
[2026-05-08T06:41:24.436+0000] {processor.py:208} INFO - Processing /opt/airflow/dags/lazada_dashboard_dag.py took 0.102 seconds
[2026-05-08T06:41:54.550+0000] {processor.py:186} INFO - Started process (PID=439) to work on /opt/airflow/dags/lazada_dashboard_dag.py
[2026-05-08T06:41:54.552+0000] {processor.py:914} INFO - Processing file /opt/airflow/dags/lazada_dashboard_dag.py for tasks to queue
[2026-05-08T06:41:54.554+0000] {logging_mixin.py:190} INFO - [2026-05-08T06:41:54.553+0000] {dagbag.py:588} INFO - Filling up the DagBag from /opt/airflow/dags/lazada_dashboard_dag.py
[2026-05-08T06:41:54.596+0000] {processor.py:925} INFO - DAG(s) 'lazada_dashboard_pipeline' retrieved from /opt/airflow/dags/lazada_dashboard_dag.py
[2026-05-08T06:41:54.622+0000] {logging_mixin.py:190} INFO - [2026-05-08T06:41:54.622+0000] {dag.py:3239} INFO - Sync 1 DAGs
[2026-05-08T06:41:54.671+0000] {processor.py:208} INFO - Processing /opt/airflow/dags/lazada_dashboard_dag.py took 0.128 seconds
[2026-05-08T06:42:24.838+0000] {processor.py:186} INFO - Started process (PID=450) to work on /opt/airflow/dags/lazada_dashboard_dag.py
[2026-05-08T06:42:24.840+0000] {processor.py:914} INFO - Processing file /opt/airflow/dags/lazada_dashboard_dag.py for tasks to queue
[2026-05-08T06:42:24.843+0000] {logging_mixin.py:190} INFO - [2026-05-08T06:42:24.842+0000] {dagbag.py:588} INFO - Filling up the DagBag from /opt/airflow/dags/lazada_dashboard_dag.py
[2026-05-08T06:42:24.860+0000] {processor.py:925} INFO - DAG(s) 'lazada_dashboard_pipeline' retrieved from /opt/airflow/dags/lazada_dashboard_dag.py
[2026-05-08T06:42:24.884+0000] {logging_mixin.py:190} INFO - [2026-05-08T06:42:24.884+0000] {dag.py:3239} INFO - Sync 1 DAGs
[2026-05-08T06:42:24.926+0000] {processor.py:208} INFO - Processing /opt/airflow/dags/lazada_dashboard_dag.py took 0.095 seconds
[2026-05-08T06:42:55.044+0000] {processor.py:186} INFO - Started process (PID=461) to work on /opt/airflow/dags/lazada_dashboard_dag.py
[2026-05-08T06:42:55.044+0000] {processor.py:914} INFO - Processing file /opt/airflow/dags/lazada_dashboard_dag.py for tasks to queue
[2026-05-08T06:42:55.048+0000] {logging_mixin.py:190} INFO - [2026-05-08T06:42:55.047+0000] {dagbag.py:588} INFO - Filling up the DagBag from /opt/airflow/dags/lazada_dashboard_dag.py
[2026-05-08T06:42:55.063+0000] {processor.py:925} INFO - DAG(s) 'lazada_dashboard_pipeline' retrieved from /opt/airflow/dags/lazada_dashboard_dag.py
[2026-05-08T06:42:55.085+0000] {logging_mixin.py:190} INFO - [2026-05-08T06:42:55.085+0000] {dag.py:3239} INFO - Sync 1 DAGs
[2026-05-08T06:42:55.113+0000] {processor.py:208} INFO - Processing /opt/airflow/dags/lazada_dashboard_dag.py took 0.074 seconds
[2026-05-08T06:43:25.327+0000] {processor.py:186} INFO - Started process (PID=472) to work on /opt/airflow/dags/lazada_dashboard_dag.py
[2026-05-08T06:43:25.328+0000] {processor.py:914} INFO - Processing file /opt/airflow/dags/lazada_dashboard_dag.py for tasks to queue
[2026-05-08T06:43:25.331+0000] {logging_mixin.py:190} INFO - [2026-05-08T06:43:25.330+0000] {dagbag.py:588} INFO - Filling up the DagBag from /opt/airflow/dags/lazada_dashboard_dag.py
[2026-05-08T06:43:25.346+0000] {processor.py:925} INFO - DAG(s) 'lazada_dashboard_pipeline' retrieved from /opt/airflow/dags/lazada_dashboard_dag.py
[2026-05-08T06:43:25.369+0000] {logging_mixin.py:190} INFO - [2026-05-08T06:43:25.369+0000] {dag.py:3239} INFO - Sync 1 DAGs
[2026-05-08T06:43:25.414+0000] {processor.py:208} INFO - Processing /opt/airflow/dags/lazada_dashboard_dag.py took 0.092 seconds
[2026-05-08T06:43:55.537+0000] {processor.py:186} INFO - Started process (PID=483) to work on /opt/airflow/dags/lazada_dashboard_dag.py
[2026-05-08T06:43:55.538+0000] {processor.py:914} INFO - Processing file /opt/airflow/dags/lazada_dashboard_dag.py for tasks to queue
[2026-05-08T06:43:55.539+0000] {logging_mixin.py:190} INFO - [2026-05-08T06:43:55.539+0000] {dagbag.py:588} INFO - Filling up the DagBag from /opt/airflow/dags/lazada_dashboard_dag.py
[2026-05-08T06:43:55.551+0000] {processor.py:925} INFO - DAG(s) 'lazada_dashboard_pipeline' retrieved from /opt/airflow/dags/lazada_dashboard_dag.py
[2026-05-08T06:43:55.574+0000] {logging_mixin.py:190} INFO - [2026-05-08T06:43:55.573+0000] {dag.py:3239} INFO - Sync 1 DAGs
[2026-05-08T06:43:55.608+0000] {processor.py:208} INFO - Processing /opt/airflow/dags/lazada_dashboard_dag.py took 0.075 seconds
[2026-05-08T06:44:25.767+0000] {processor.py:186} INFO - Started process (PID=494) to work on /opt/airflow/dags/lazada_dashboard_dag.py
[2026-05-08T06:44:25.768+0000] {processor.py:914} INFO - Processing file /opt/airflow/dags/lazada_dashboard_dag.py for tasks to queue
[2026-05-08T06:44:25.770+0000] {logging_mixin.py:190} INFO - [2026-05-08T06:44:25.770+0000] {dagbag.py:588} INFO - Filling up the DagBag from /opt/airflow/dags/lazada_dashboard_dag.py
[2026-05-08T06:44:25.788+0000] {processor.py:925} INFO - DAG(s) 'lazada_dashboard_pipeline' retrieved from /opt/airflow/dags/lazada_dashboard_dag.py
[2026-05-08T06:44:25.810+0000] {logging_mixin.py:190} INFO - [2026-05-08T06:44:25.810+0000] {dag.py:3239} INFO - Sync 1 DAGs
[2026-05-08T06:44:25.844+0000] {processor.py:208} INFO - Processing /opt/airflow/dags/lazada_dashboard_dag.py took 0.083 seconds
[2026-05-08T06:44:55.967+0000] {processor.py:186} INFO - Started process (PID=505) to work on /opt/airflow/dags/lazada_dashboard_dag.py
[2026-05-08T06:44:56.637+0000] {processor.py:914} INFO - Processing file /opt/airflow/dags/lazada_dashboard_dag.py for tasks to queue
[2026-05-08T06:44:56.642+0000] {logging_mixin.py:190} INFO - [2026-05-08T06:44:56.641+0000] {dagbag.py:588} INFO - Filling up the DagBag from /opt/airflow/dags/lazada_dashboard_dag.py
[2026-05-08T06:45:01.424+0000] {processor.py:925} INFO - DAG(s) 'lazada_dashboard_pipeline' retrieved from /opt/airflow/dags/lazada_dashboard_dag.py
[2026-05-08T06:45:01.549+0000] {logging_mixin.py:190} INFO - [2026-05-08T06:45:01.549+0000] {dag.py:3239} INFO - Sync 1 DAGs
[2026-05-08T06:45:01.686+0000] {processor.py:208} INFO - Processing /opt/airflow/dags/lazada_dashboard_dag.py took 5.722 seconds
[2026-05-08T06:45:32.047+0000] {processor.py:186} INFO - Started process (PID=698) to work on /opt/airflow/dags/lazada_dashboard_dag.py
[2026-05-08T06:45:32.055+0000] {processor.py:914} INFO - Processing file /opt/airflow/dags/lazada_dashboard_dag.py for tasks to queue
[2026-05-08T06:45:32.152+0000] {logging_mixin.py:190} INFO - [2026-05-08T06:45:32.123+0000] {dagbag.py:588} INFO - Filling up the DagBag from /opt/airflow/dags/lazada_dashboard_dag.py
[2026-05-08T06:45:34.142+0000] {processor.py:925} INFO - DAG(s) 'lazada_dashboard_pipeline' retrieved from /opt/airflow/dags/lazada_dashboard_dag.py
[2026-05-08T06:45:35.748+0000] {logging_mixin.py:190} INFO - [2026-05-08T06:45:35.747+0000] {dag.py:3239} INFO - Sync 1 DAGs
[2026-05-08T06:45:37.248+0000] {processor.py:208} INFO - Processing /opt/airflow/dags/lazada_dashboard_dag.py took 5.263 seconds
[2026-05-08T06:46:11.947+0000] {processor.py:186} INFO - Started process (PID=710) to work on /opt/airflow/dags/lazada_dashboard_dag.py
[2026-05-08T06:46:12.016+0000] {processor.py:914} INFO - Processing file /opt/airflow/dags/lazada_dashboard_dag.py for tasks to queue
[2026-05-08T06:46:13.224+0000] {logging_mixin.py:190} INFO - [2026-05-08T06:46:13.004+0000] {dagbag.py:588} INFO - Filling up the DagBag from /opt/airflow/dags/lazada_dashboard_dag.py
[2026-05-08T06:46:19.051+0000] {processor.py:925} INFO - DAG(s) 'lazada_dashboard_pipeline' retrieved from /opt/airflow/dags/lazada_dashboard_dag.py
[2026-05-08T06:46:19.857+0000] {logging_mixin.py:190} INFO - [2026-05-08T06:46:19.857+0000] {dag.py:3239} INFO - Sync 1 DAGs
[2026-05-08T06:46:20.157+0000] {processor.py:208} INFO - Processing /opt/airflow/dags/lazada_dashboard_dag.py took 10.588 seconds
[2026-05-08T06:46:50.554+0000] {processor.py:186} INFO - Started process (PID=731) to work on /opt/airflow/dags/lazada_dashboard_dag.py
[2026-05-08T06:46:50.585+0000] {processor.py:914} INFO - Processing file /opt/airflow/dags/lazada_dashboard_dag.py for tasks to queue
[2026-05-08T06:46:50.592+0000] {logging_mixin.py:190} INFO - [2026-05-08T06:46:50.591+0000] {dagbag.py:588} INFO - Filling up the DagBag from /opt/airflow/dags/lazada_dashboard_dag.py
[2026-05-08T06:46:50.772+0000] {processor.py:925} INFO - DAG(s) 'lazada_dashboard_pipeline' retrieved from /opt/airflow/dags/lazada_dashboard_dag.py
[2026-05-08T06:46:50.911+0000] {logging_mixin.py:190} INFO - [2026-05-08T06:46:50.911+0000] {dag.py:3239} INFO - Sync 1 DAGs
[2026-05-08T06:46:51.026+0000] {processor.py:208} INFO - Processing /opt/airflow/dags/lazada_dashboard_dag.py took 0.497 seconds
[2026-05-08T06:47:21.580+0000] {processor.py:186} INFO - Started process (PID=743) to work on /opt/airflow/dags/lazada_dashboard_dag.py
[2026-05-08T06:47:21.591+0000] {processor.py:914} INFO - Processing file /opt/airflow/dags/lazada_dashboard_dag.py for tasks to queue
[2026-05-08T06:47:21.746+0000] {logging_mixin.py:190} INFO - [2026-05-08T06:47:21.682+0000] {dagbag.py:588} INFO - Filling up the DagBag from /opt/airflow/dags/lazada_dashboard_dag.py
[2026-05-08T06:47:23.686+0000] {processor.py:925} INFO - DAG(s) 'lazada_dashboard_pipeline' retrieved from /opt/airflow/dags/lazada_dashboard_dag.py
[2026-05-08T06:47:24.954+0000] {logging_mixin.py:190} INFO - [2026-05-08T06:47:24.954+0000] {dag.py:3239} INFO - Sync 1 DAGs
[2026-05-08T06:47:26.910+0000] {processor.py:208} INFO - Processing /opt/airflow/dags/lazada_dashboard_dag.py took 5.499 seconds
[2026-05-08T06:47:57.303+0000] {processor.py:186} INFO - Started process (PID=834) to work on /opt/airflow/dags/lazada_dashboard_dag.py
[2026-05-08T06:47:57.307+0000] {processor.py:914} INFO - Processing file /opt/airflow/dags/lazada_dashboard_dag.py for tasks to queue
[2026-05-08T06:47:57.346+0000] {logging_mixin.py:190} INFO - [2026-05-08T06:47:57.342+0000] {dagbag.py:588} INFO - Filling up the DagBag from /opt/airflow/dags/lazada_dashboard_dag.py
[2026-05-08T06:47:57.557+0000] {processor.py:925} INFO - DAG(s) 'lazada_dashboard_pipeline' retrieved from /opt/airflow/dags/lazada_dashboard_dag.py
[2026-05-08T06:47:57.785+0000] {logging_mixin.py:190} INFO - [2026-05-08T06:47:57.785+0000] {dag.py:3239} INFO - Sync 1 DAGs
[2026-05-08T06:47:57.911+0000] {processor.py:208} INFO - Processing /opt/airflow/dags/lazada_dashboard_dag.py took 0.711 seconds
[2026-05-08T06:48:28.100+0000] {processor.py:186} INFO - Started process (PID=949) to work on /opt/airflow/dags/lazada_dashboard_dag.py
[2026-05-08T06:48:28.101+0000] {processor.py:914} INFO - Processing file /opt/airflow/dags/lazada_dashboard_dag.py for tasks to queue
[2026-05-08T06:48:28.103+0000] {logging_mixin.py:190} INFO - [2026-05-08T06:48:28.103+0000] {dagbag.py:588} INFO - Filling up the DagBag from /opt/airflow/dags/lazada_dashboard_dag.py
[2026-05-08T06:48:28.121+0000] {processor.py:925} INFO - DAG(s) 'lazada_dashboard_pipeline' retrieved from /opt/airflow/dags/lazada_dashboard_dag.py
[2026-05-08T06:48:28.148+0000] {logging_mixin.py:190} INFO - [2026-05-08T06:48:28.147+0000] {dag.py:3239} INFO - Sync 1 DAGs
[2026-05-08T06:48:28.206+0000] {processor.py:208} INFO - Processing /opt/airflow/dags/lazada_dashboard_dag.py took 0.112 seconds
[2026-05-08T06:48:58.263+0000] {processor.py:186} INFO - Started process (PID=1060) to work on /opt/airflow/dags/lazada_dashboard_dag.py
[2026-05-08T06:48:58.264+0000] {processor.py:914} INFO - Processing file /opt/airflow/dags/lazada_dashboard_dag.py for tasks to queue
[2026-05-08T06:48:58.267+0000] {logging_mixin.py:190} INFO - [2026-05-08T06:48:58.266+0000] {dagbag.py:588} INFO - Filling up the DagBag from /opt/airflow/dags/lazada_dashboard_dag.py
[2026-05-08T06:48:58.289+0000] {processor.py:925} INFO - DAG(s) 'lazada_dashboard_pipeline' retrieved from /opt/airflow/dags/lazada_dashboard_dag.py
[2026-05-08T06:48:58.318+0000] {logging_mixin.py:190} INFO - [2026-05-08T06:48:58.317+0000] {dag.py:3239} INFO - Sync 1 DAGs
[2026-05-08T06:48:58.356+0000] {processor.py:208} INFO - Processing /opt/airflow/dags/lazada_dashboard_dag.py took 0.097 seconds
[2026-05-08T06:49:28.538+0000] {processor.py:186} INFO - Started process (PID=1176) to work on /opt/airflow/dags/lazada_dashboard_dag.py
[2026-05-08T06:49:28.539+0000] {processor.py:914} INFO - Processing file /opt/airflow/dags/lazada_dashboard_dag.py for tasks to queue
[2026-05-08T06:49:28.540+0000] {logging_mixin.py:190} INFO - [2026-05-08T06:49:28.540+0000] {dagbag.py:588} INFO - Filling up the DagBag from /opt/airflow/dags/lazada_dashboard_dag.py
[2026-05-08T06:49:28.563+0000] {processor.py:925} INFO - DAG(s) 'lazada_dashboard_pipeline' retrieved from /opt/airflow/dags/lazada_dashboard_dag.py
[2026-05-08T06:49:28.593+0000] {logging_mixin.py:190} INFO - [2026-05-08T06:49:28.593+0000] {dag.py:3239} INFO - Sync 1 DAGs
[2026-05-08T06:49:28.639+0000] {processor.py:208} INFO - Processing /opt/airflow/dags/lazada_dashboard_dag.py took 0.109 seconds
[2026-05-08T06:49:58.877+0000] {processor.py:186} INFO - Started process (PID=1363) to work on /opt/airflow/dags/lazada_dashboard_dag.py
[2026-05-08T06:49:58.889+0000] {processor.py:914} INFO - Processing file /opt/airflow/dags/lazada_dashboard_dag.py for tasks to queue
[2026-05-08T06:49:58.931+0000] {logging_mixin.py:190} INFO - [2026-05-08T06:49:58.930+0000] {dagbag.py:588} INFO - Filling up the DagBag from /opt/airflow/dags/lazada_dashboard_dag.py
[2026-05-08T06:49:59.098+0000] {processor.py:925} INFO - DAG(s) 'lazada_dashboard_pipeline' retrieved from /opt/airflow/dags/lazada_dashboard_dag.py
[2026-05-08T06:49:59.258+0000] {logging_mixin.py:190} INFO - [2026-05-08T06:49:59.258+0000] {dag.py:3239} INFO - Sync 1 DAGs
[2026-05-08T06:49:59.380+0000] {processor.py:208} INFO - Processing /opt/airflow/dags/lazada_dashboard_dag.py took 0.544 seconds
[2026-05-08T06:50:29.897+0000] {processor.py:186} INFO - Started process (PID=1381) to work on /opt/airflow/dags/lazada_dashboard_dag.py
[2026-05-08T06:50:29.899+0000] {processor.py:914} INFO - Processing file /opt/airflow/dags/lazada_dashboard_dag.py for tasks to queue
[2026-05-08T06:50:29.923+0000] {logging_mixin.py:190} INFO - [2026-05-08T06:50:29.923+0000] {dagbag.py:588} INFO - Filling up the DagBag from /opt/airflow/dags/lazada_dashboard_dag.py
[2026-05-08T06:50:29.976+0000] {processor.py:925} INFO - DAG(s) 'lazada_dashboard_pipeline' retrieved from /opt/airflow/dags/lazada_dashboard_dag.py
[2026-05-08T06:50:30.110+0000] {logging_mixin.py:190} INFO - [2026-05-08T06:50:30.110+0000] {dag.py:3239} INFO - Sync 1 DAGs
[2026-05-08T06:50:30.274+0000] {processor.py:208} INFO - Processing /opt/airflow/dags/lazada_dashboard_dag.py took 0.388 seconds
[2026-05-08T06:51:01.006+0000] {processor.py:186} INFO - Started process (PID=1435) to work on /opt/airflow/dags/lazada_dashboard_dag.py
[2026-05-08T06:51:01.008+0000] {processor.py:914} INFO - Processing file /opt/airflow/dags/lazada_dashboard_dag.py for tasks to queue
[2026-05-08T06:51:01.020+0000] {logging_mixin.py:190} INFO - [2026-05-08T06:51:01.017+0000] {dagbag.py:588} INFO - Filling up the DagBag from /opt/airflow/dags/lazada_dashboard_dag.py
[2026-05-08T06:51:01.262+0000] {processor.py:925} INFO - DAG(s) 'lazada_dashboard_pipeline' retrieved from /opt/airflow/dags/lazada_dashboard_dag.py
[2026-05-08T06:51:01.437+0000] {logging_mixin.py:190} INFO - [2026-05-08T06:51:01.437+0000] {dag.py:3239} INFO - Sync 1 DAGs
[2026-05-08T06:51:02.036+0000] {processor.py:208} INFO - Processing /opt/airflow/dags/lazada_dashboard_dag.py took 1.130 seconds
[2026-05-08T06:51:32.215+0000] {processor.py:186} INFO - Started process (PID=1747) to work on /opt/airflow/dags/lazada_dashboard_dag.py
[2026-05-08T06:51:32.216+0000] {processor.py:914} INFO - Processing file /opt/airflow/dags/lazada_dashboard_dag.py for tasks to queue
[2026-05-08T06:51:32.217+0000] {logging_mixin.py:190} INFO - [2026-05-08T06:51:32.217+0000] {dagbag.py:588} INFO - Filling up the DagBag from /opt/airflow/dags/lazada_dashboard_dag.py
[2026-05-08T06:51:32.233+0000] {processor.py:925} INFO - DAG(s) 'lazada_dashboard_pipeline' retrieved from /opt/airflow/dags/lazada_dashboard_dag.py
[2026-05-08T06:51:32.263+0000] {logging_mixin.py:190} INFO - [2026-05-08T06:51:32.263+0000] {dag.py:3239} INFO - Sync 1 DAGs
[2026-05-08T06:51:32.309+0000] {processor.py:208} INFO - Processing /opt/airflow/dags/lazada_dashboard_dag.py took 0.099 seconds
[2026-05-08T06:52:02.477+0000] {processor.py:186} INFO - Started process (PID=1950) to work on /opt/airflow/dags/lazada_dashboard_dag.py
[2026-05-08T06:52:02.479+0000] {processor.py:914} INFO - Processing file /opt/airflow/dags/lazada_dashboard_dag.py for tasks to queue
[2026-05-08T06:52:02.483+0000] {logging_mixin.py:190} INFO - [2026-05-08T06:52:02.482+0000] {dagbag.py:588} INFO - Filling up the DagBag from /opt/airflow/dags/lazada_dashboard_dag.py
[2026-05-08T06:52:02.522+0000] {processor.py:925} INFO - DAG(s) 'lazada_dashboard_pipeline' retrieved from /opt/airflow/dags/lazada_dashboard_dag.py
[2026-05-08T06:52:02.664+0000] {logging_mixin.py:190} INFO - [2026-05-08T06:52:02.664+0000] {dag.py:3239} INFO - Sync 1 DAGs
[2026-05-08T06:52:02.755+0000] {processor.py:208} INFO - Processing /opt/airflow/dags/lazada_dashboard_dag.py took 0.290 seconds
[2026-05-08T06:52:32.946+0000] {processor.py:186} INFO - Started process (PID=1976) to work on /opt/airflow/dags/lazada_dashboard_dag.py
[2026-05-08T06:52:32.947+0000] {processor.py:914} INFO - Processing file /opt/airflow/dags/lazada_dashboard_dag.py for tasks to queue
[2026-05-08T06:52:32.949+0000] {logging_mixin.py:190} INFO - [2026-05-08T06:52:32.949+0000] {dagbag.py:588} INFO - Filling up the DagBag from /opt/airflow/dags/lazada_dashboard_dag.py
[2026-05-08T06:52:32.966+0000] {processor.py:925} INFO - DAG(s) 'lazada_dashboard_pipeline' retrieved from /opt/airflow/dags/lazada_dashboard_dag.py
[2026-05-08T06:52:32.994+0000] {logging_mixin.py:190} INFO - [2026-05-08T06:52:32.994+0000] {dag.py:3239} INFO - Sync 1 DAGs
[2026-05-08T06:52:33.030+0000] {processor.py:208} INFO - Processing /opt/airflow/dags/lazada_dashboard_dag.py took 0.092 seconds
[2026-05-08T06:53:03.342+0000] {processor.py:186} INFO - Started process (PID=1996) to work on /opt/airflow/dags/lazada_dashboard_dag.py
[2026-05-08T06:53:03.344+0000] {processor.py:914} INFO - Processing file /opt/airflow/dags/lazada_dashboard_dag.py for tasks to queue
[2026-05-08T06:53:03.348+0000] {logging_mixin.py:190} INFO - [2026-05-08T06:53:03.347+0000] {dagbag.py:588} INFO - Filling up the DagBag from /opt/airflow/dags/lazada_dashboard_dag.py
[2026-05-08T06:53:03.402+0000] {processor.py:925} INFO - DAG(s) 'lazada_dashboard_pipeline' retrieved from /opt/airflow/dags/lazada_dashboard_dag.py
[2026-05-08T06:53:03.450+0000] {logging_mixin.py:190} INFO - [2026-05-08T06:53:03.450+0000] {dag.py:3239} INFO - Sync 1 DAGs
[2026-05-08T06:53:03.517+0000] {processor.py:208} INFO - Processing /opt/airflow/dags/lazada_dashboard_dag.py took 0.189 seconds
[2026-05-08T06:53:33.786+0000] {processor.py:186} INFO - Started process (PID=2047) to work on /opt/airflow/dags/lazada_dashboard_dag.py
[2026-05-08T06:53:33.786+0000] {processor.py:914} INFO - Processing file /opt/airflow/dags/lazada_dashboard_dag.py for tasks to queue
[2026-05-08T06:53:33.788+0000] {logging_mixin.py:190} INFO - [2026-05-08T06:53:33.788+0000] {dagbag.py:588} INFO - Filling up the DagBag from /opt/airflow/dags/lazada_dashboard_dag.py
[2026-05-08T06:53:33.816+0000] {processor.py:925} INFO - DAG(s) 'lazada_dashboard_pipeline' retrieved from /opt/airflow/dags/lazada_dashboard_dag.py
[2026-05-08T06:53:33.845+0000] {logging_mixin.py:190} INFO - [2026-05-08T06:53:33.844+0000] {dag.py:3239} INFO - Sync 1 DAGs
[2026-05-08T06:53:33.875+0000] {processor.py:208} INFO - Processing /opt/airflow/dags/lazada_dashboard_dag.py took 0.095 seconds
[2026-05-08T06:54:03.957+0000] {processor.py:186} INFO - Started process (PID=2146) to work on /opt/airflow/dags/lazada_dashboard_dag.py
[2026-05-08T06:54:03.958+0000] {processor.py:914} INFO - Processing file /opt/airflow/dags/lazada_dashboard_dag.py for tasks to queue
[2026-05-08T06:54:03.960+0000] {logging_mixin.py:190} INFO - [2026-05-08T06:54:03.959+0000] {dagbag.py:588} INFO - Filling up the DagBag from /opt/airflow/dags/lazada_dashboard_dag.py
[2026-05-08T06:54:03.974+0000] {processor.py:925} INFO - DAG(s) 'lazada_dashboard_pipeline' retrieved from /opt/airflow/dags/lazada_dashboard_dag.py
[2026-05-08T06:54:03.996+0000] {logging_mixin.py:190} INFO - [2026-05-08T06:54:03.996+0000] {dag.py:3239} INFO - Sync 1 DAGs
[2026-05-08T06:54:04.026+0000] {processor.py:208} INFO - Processing /opt/airflow/dags/lazada_dashboard_dag.py took 0.074 seconds
[2026-05-08T06:54:34.208+0000] {processor.py:186} INFO - Started process (PID=2265) to work on /opt/airflow/dags/lazada_dashboard_dag.py
[2026-05-08T06:54:34.209+0000] {processor.py:914} INFO - Processing file /opt/airflow/dags/lazada_dashboard_dag.py for tasks to queue
[2026-05-08T06:54:34.210+0000] {logging_mixin.py:190} INFO - [2026-05-08T06:54:34.210+0000] {dagbag.py:588} INFO - Filling up the DagBag from /opt/airflow/dags/lazada_dashboard_dag.py
[2026-05-08T06:54:34.237+0000] {processor.py:925} INFO - DAG(s) 'lazada_dashboard_pipeline' retrieved from /opt/airflow/dags/lazada_dashboard_dag.py
[2026-05-08T06:54:34.260+0000] {logging_mixin.py:190} INFO - [2026-05-08T06:54:34.259+0000] {dag.py:3239} INFO - Sync 1 DAGs
[2026-05-08T06:54:34.295+0000] {processor.py:208} INFO - Processing /opt/airflow/dags/lazada_dashboard_dag.py took 0.093 seconds
[2026-05-08T06:55:04.372+0000] {processor.py:186} INFO - Started process (PID=2380) to work on /opt/airflow/dags/lazada_dashboard_dag.py
[2026-05-08T06:55:04.373+0000] {processor.py:914} INFO - Processing file /opt/airflow/dags/lazada_dashboard_dag.py for tasks to queue
[2026-05-08T06:55:04.375+0000] {logging_mixin.py:190} INFO - [2026-05-08T06:55:04.375+0000] {dagbag.py:588} INFO - Filling up the DagBag from /opt/airflow/dags/lazada_dashboard_dag.py
[2026-05-08T06:55:04.396+0000] {processor.py:925} INFO - DAG(s) 'lazada_dashboard_pipeline' retrieved from /opt/airflow/dags/lazada_dashboard_dag.py
[2026-05-08T06:55:04.424+0000] {logging_mixin.py:190} INFO - [2026-05-08T06:55:04.424+0000] {dag.py:3239} INFO - Sync 1 DAGs
[2026-05-08T06:55:04.458+0000] {processor.py:208} INFO - Processing /opt/airflow/dags/lazada_dashboard_dag.py took 0.091 seconds
[2026-05-08T06:55:34.570+0000] {processor.py:186} INFO - Started process (PID=2483) to work on /opt/airflow/dags/lazada_dashboard_dag.py
[2026-05-08T06:55:34.572+0000] {processor.py:914} INFO - Processing file /opt/airflow/dags/lazada_dashboard_dag.py for tasks to queue
[2026-05-08T06:55:34.573+0000] {logging_mixin.py:190} INFO - [2026-05-08T06:55:34.573+0000] {dagbag.py:588} INFO - Filling up the DagBag from /opt/airflow/dags/lazada_dashboard_dag.py
[2026-05-08T06:55:34.589+0000] {processor.py:925} INFO - DAG(s) 'lazada_dashboard_pipeline' retrieved from /opt/airflow/dags/lazada_dashboard_dag.py
[2026-05-08T06:55:34.612+0000] {logging_mixin.py:190} INFO - [2026-05-08T06:55:34.612+0000] {dag.py:3239} INFO - Sync 1 DAGs
[2026-05-08T06:55:34.646+0000] {processor.py:208} INFO - Processing /opt/airflow/dags/lazada_dashboard_dag.py took 0.081 seconds
[2026-05-08T06:56:04.983+0000] {processor.py:186} INFO - Started process (PID=2620) to work on /opt/airflow/dags/lazada_dashboard_dag.py
[2026-05-08T06:56:04.987+0000] {processor.py:914} INFO - Processing file /opt/airflow/dags/lazada_dashboard_dag.py for tasks to queue
[2026-05-08T06:56:04.993+0000] {logging_mixin.py:190} INFO - [2026-05-08T06:56:04.993+0000] {dagbag.py:588} INFO - Filling up the DagBag from /opt/airflow/dags/lazada_dashboard_dag.py
[2026-05-08T06:56:05.024+0000] {processor.py:925} INFO - DAG(s) 'lazada_dashboard_pipeline' retrieved from /opt/airflow/dags/lazada_dashboard_dag.py
[2026-05-08T06:56:08.621+0000] {logging_mixin.py:190} INFO - [2026-05-08T06:56:08.620+0000] {dag.py:3239} INFO - Sync 1 DAGs
[2026-05-08T06:56:08.769+0000] {processor.py:208} INFO - Processing /opt/airflow/dags/lazada_dashboard_dag.py took 3.800 seconds
[2026-05-08T06:56:39.060+0000] {processor.py:186} INFO - Started process (PID=2676) to work on /opt/airflow/dags/lazada_dashboard_dag.py
[2026-05-08T06:56:39.061+0000] {processor.py:914} INFO - Processing file /opt/airflow/dags/lazada_dashboard_dag.py for tasks to queue
[2026-05-08T06:56:39.063+0000] {logging_mixin.py:190} INFO - [2026-05-08T06:56:39.063+0000] {dagbag.py:588} INFO - Filling up the DagBag from /opt/airflow/dags/lazada_dashboard_dag.py
[2026-05-08T06:56:39.081+0000] {processor.py:925} INFO - DAG(s) 'lazada_dashboard_pipeline' retrieved from /opt/airflow/dags/lazada_dashboard_dag.py
[2026-05-08T06:56:39.110+0000] {logging_mixin.py:190} INFO - [2026-05-08T06:56:39.110+0000] {dag.py:3239} INFO - Sync 1 DAGs
[2026-05-08T06:56:39.168+0000] {processor.py:208} INFO - Processing /opt/airflow/dags/lazada_dashboard_dag.py took 0.113 seconds
[2026-05-08T06:57:09.416+0000] {processor.py:186} INFO - Started process (PID=2687) to work on /opt/airflow/dags/lazada_dashboard_dag.py
[2026-05-08T06:57:09.417+0000] {processor.py:914} INFO - Processing file /opt/airflow/dags/lazada_dashboard_dag.py for tasks to queue
[2026-05-08T06:57:09.419+0000] {logging_mixin.py:190} INFO - [2026-05-08T06:57:09.419+0000] {dagbag.py:588} INFO - Filling up the DagBag from /opt/airflow/dags/lazada_dashboard_dag.py
[2026-05-08T06:57:09.434+0000] {processor.py:925} INFO - DAG(s) 'lazada_dashboard_pipeline' retrieved from /opt/airflow/dags/lazada_dashboard_dag.py
[2026-05-08T06:57:09.460+0000] {logging_mixin.py:190} INFO - [2026-05-08T06:57:09.460+0000] {dag.py:3239} INFO - Sync 1 DAGs
[2026-05-08T06:57:09.495+0000] {processor.py:208} INFO - Processing /opt/airflow/dags/lazada_dashboard_dag.py took 0.082 seconds
[2026-05-08T06:57:39.681+0000] {processor.py:186} INFO - Started process (PID=2698) to work on /opt/airflow/dags/lazada_dashboard_dag.py
[2026-05-08T06:57:39.682+0000] {processor.py:914} INFO - Processing file /opt/airflow/dags/lazada_dashboard_dag.py for tasks to queue
[2026-05-08T06:57:39.684+0000] {logging_mixin.py:190} INFO - [2026-05-08T06:57:39.684+0000] {dagbag.py:588} INFO - Filling up the DagBag from /opt/airflow/dags/lazada_dashboard_dag.py
[2026-05-08T06:57:39.698+0000] {processor.py:925} INFO - DAG(s) 'lazada_dashboard_pipeline' retrieved from /opt/airflow/dags/lazada_dashboard_dag.py
[2026-05-08T06:57:39.729+0000] {logging_mixin.py:190} INFO - [2026-05-08T06:57:39.729+0000] {dag.py:3239} INFO - Sync 1 DAGs
[2026-05-08T06:57:39.774+0000] {processor.py:208} INFO - Processing /opt/airflow/dags/lazada_dashboard_dag.py took 0.098 seconds
[2026-05-08T06:58:10.096+0000] {processor.py:186} INFO - Started process (PID=2709) to work on /opt/airflow/dags/lazada_dashboard_dag.py
[2026-05-08T06:58:10.097+0000] {processor.py:914} INFO - Processing file /opt/airflow/dags/lazada_dashboard_dag.py for tasks to queue
[2026-05-08T06:58:10.098+0000] {logging_mixin.py:190} INFO - [2026-05-08T06:58:10.098+0000] {dagbag.py:588} INFO - Filling up the DagBag from /opt/airflow/dags/lazada_dashboard_dag.py
[2026-05-08T06:58:10.121+0000] {processor.py:925} INFO - DAG(s) 'lazada_dashboard_pipeline' retrieved from /opt/airflow/dags/lazada_dashboard_dag.py
[2026-05-08T06:58:10.140+0000] {logging_mixin.py:190} INFO - [2026-05-08T06:58:10.140+0000] {dag.py:3239} INFO - Sync 1 DAGs
[2026-05-08T06:58:10.179+0000] {processor.py:208} INFO - Processing /opt/airflow/dags/lazada_dashboard_dag.py took 0.087 seconds
[2026-05-08T06:58:40.404+0000] {processor.py:186} INFO - Started process (PID=2720) to work on /opt/airflow/dags/lazada_dashboard_dag.py
[2026-05-08T06:58:40.405+0000] {processor.py:914} INFO - Processing file /opt/airflow/dags/lazada_dashboard_dag.py for tasks to queue
[2026-05-08T06:58:40.407+0000] {logging_mixin.py:190} INFO - [2026-05-08T06:58:40.407+0000] {dagbag.py:588} INFO - Filling up the DagBag from /opt/airflow/dags/lazada_dashboard_dag.py
[2026-05-08T06:58:40.431+0000] {processor.py:925} INFO - DAG(s) 'lazada_dashboard_pipeline' retrieved from /opt/airflow/dags/lazada_dashboard_dag.py
[2026-05-08T06:58:40.450+0000] {logging_mixin.py:190} INFO - [2026-05-08T06:58:40.450+0000] {dag.py:3239} INFO - Sync 1 DAGs
[2026-05-08T06:58:40.489+0000] {processor.py:208} INFO - Processing /opt/airflow/dags/lazada_dashboard_dag.py took 0.090 seconds
[2026-05-08T06:59:10.779+0000] {processor.py:186} INFO - Started process (PID=2731) to work on /opt/airflow/dags/lazada_dashboard_dag.py
[2026-05-08T06:59:10.780+0000] {processor.py:914} INFO - Processing file /opt/airflow/dags/lazada_dashboard_dag.py for tasks to queue
[2026-05-08T06:59:10.783+0000] {logging_mixin.py:190} INFO - [2026-05-08T06:59:10.782+0000] {dagbag.py:588} INFO - Filling up the DagBag from /opt/airflow/dags/lazada_dashboard_dag.py
[2026-05-08T06:59:10.807+0000] {processor.py:925} INFO - DAG(s) 'lazada_dashboard_pipeline' retrieved from /opt/airflow/dags/lazada_dashboard_dag.py
[2026-05-08T06:59:10.826+0000] {logging_mixin.py:190} INFO - [2026-05-08T06:59:10.826+0000] {dag.py:3239} INFO - Sync 1 DAGs
[2026-05-08T06:59:10.869+0000] {processor.py:208} INFO - Processing /opt/airflow/dags/lazada_dashboard_dag.py took 0.096 seconds
[2026-05-08T06:59:41.048+0000] {processor.py:186} INFO - Started process (PID=2742) to work on /opt/airflow/dags/lazada_dashboard_dag.py
[2026-05-08T06:59:41.049+0000] {processor.py:914} INFO - Processing file /opt/airflow/dags/lazada_dashboard_dag.py for tasks to queue
[2026-05-08T06:59:41.051+0000] {logging_mixin.py:190} INFO - [2026-05-08T06:59:41.051+0000] {dagbag.py:588} INFO - Filling up the DagBag from /opt/airflow/dags/lazada_dashboard_dag.py
[2026-05-08T06:59:41.075+0000] {processor.py:925} INFO - DAG(s) 'lazada_dashboard_pipeline' retrieved from /opt/airflow/dags/lazada_dashboard_dag.py
[2026-05-08T06:59:41.095+0000] {logging_mixin.py:190} INFO - [2026-05-08T06:59:41.095+0000] {dag.py:3239} INFO - Sync 1 DAGs
[2026-05-08T06:59:41.141+0000] {processor.py:208} INFO - Processing /opt/airflow/dags/lazada_dashboard_dag.py took 0.100 seconds
[2026-05-08T07:00:11.483+0000] {processor.py:186} INFO - Started process (PID=2753) to work on /opt/airflow/dags/lazada_dashboard_dag.py
[2026-05-08T07:00:11.483+0000] {processor.py:914} INFO - Processing file /opt/airflow/dags/lazada_dashboard_dag.py for tasks to queue
[2026-05-08T07:00:11.485+0000] {logging_mixin.py:190} INFO - [2026-05-08T07:00:11.485+0000] {dagbag.py:588} INFO - Filling up the DagBag from /opt/airflow/dags/lazada_dashboard_dag.py
[2026-05-08T07:00:11.499+0000] {processor.py:925} INFO - DAG(s) 'lazada_dashboard_pipeline' retrieved from /opt/airflow/dags/lazada_dashboard_dag.py
[2026-05-08T07:00:11.519+0000] {logging_mixin.py:190} INFO - [2026-05-08T07:00:11.518+0000] {dag.py:3239} INFO - Sync 1 DAGs
[2026-05-08T07:00:11.561+0000] {processor.py:208} INFO - Processing /opt/airflow/dags/lazada_dashboard_dag.py took 0.083 seconds
[2026-05-08T07:00:41.764+0000] {processor.py:186} INFO - Started process (PID=2764) to work on /opt/airflow/dags/lazada_dashboard_dag.py
[2026-05-08T07:00:41.765+0000] {processor.py:914} INFO - Processing file /opt/airflow/dags/lazada_dashboard_dag.py for tasks to queue
[2026-05-08T07:00:41.767+0000] {logging_mixin.py:190} INFO - [2026-05-08T07:00:41.767+0000] {dagbag.py:588} INFO - Filling up the DagBag from /opt/airflow/dags/lazada_dashboard_dag.py
[2026-05-08T07:00:41.782+0000] {processor.py:925} INFO - DAG(s) 'lazada_dashboard_pipeline' retrieved from /opt/airflow/dags/lazada_dashboard_dag.py
[2026-05-08T07:00:41.805+0000] {logging_mixin.py:190} INFO - [2026-05-08T07:00:41.805+0000] {dag.py:3239} INFO - Sync 1 DAGs
[2026-05-08T07:00:41.845+0000] {processor.py:208} INFO - Processing /opt/airflow/dags/lazada_dashboard_dag.py took 0.085 seconds
[2026-05-08T07:01:12.149+0000] {processor.py:186} INFO - Started process (PID=2776) to work on /opt/airflow/dags/lazada_dashboard_dag.py
[2026-05-08T07:01:12.150+0000] {processor.py:914} INFO - Processing file /opt/airflow/dags/lazada_dashboard_dag.py for tasks to queue
[2026-05-08T07:01:12.152+0000] {logging_mixin.py:190} INFO - [2026-05-08T07:01:12.152+0000] {dagbag.py:588} INFO - Filling up the DagBag from /opt/airflow/dags/lazada_dashboard_dag.py
[2026-05-08T07:01:12.169+0000] {processor.py:925} INFO - DAG(s) 'lazada_dashboard_pipeline' retrieved from /opt/airflow/dags/lazada_dashboard_dag.py
[2026-05-08T07:01:12.196+0000] {logging_mixin.py:190} INFO - [2026-05-08T07:01:12.196+0000] {dag.py:3239} INFO - Sync 1 DAGs
[2026-05-08T07:01:12.230+0000] {processor.py:208} INFO - Processing /opt/airflow/dags/lazada_dashboard_dag.py took 0.086 seconds
[2026-05-08T07:01:42.523+0000] {processor.py:186} INFO - Started process (PID=2975) to work on /opt/airflow/dags/lazada_dashboard_dag.py
[2026-05-08T07:01:42.529+0000] {processor.py:914} INFO - Processing file /opt/airflow/dags/lazada_dashboard_dag.py for tasks to queue
[2026-05-08T07:01:42.532+0000] {logging_mixin.py:190} INFO - [2026-05-08T07:01:42.531+0000] {dagbag.py:588} INFO - Filling up the DagBag from /opt/airflow/dags/lazada_dashboard_dag.py
[2026-05-08T07:01:42.575+0000] {processor.py:925} INFO - DAG(s) 'lazada_dashboard_pipeline' retrieved from /opt/airflow/dags/lazada_dashboard_dag.py
[2026-05-08T07:01:42.623+0000] {logging_mixin.py:190} INFO - [2026-05-08T07:01:42.623+0000] {dag.py:3239} INFO - Sync 1 DAGs
[2026-05-08T07:01:43.829+0000] {processor.py:208} INFO - Processing /opt/airflow/dags/lazada_dashboard_dag.py took 1.323 seconds
[2026-05-08T07:02:22.843+0000] {processor.py:186} INFO - Started process (PID=3006) to work on /opt/airflow/dags/lazada_dashboard_dag.py
[2026-05-08T07:02:22.855+0000] {processor.py:914} INFO - Processing file /opt/airflow/dags/lazada_dashboard_dag.py for tasks to queue
[2026-05-08T07:02:22.857+0000] {logging_mixin.py:190} INFO - [2026-05-08T07:02:22.857+0000] {dagbag.py:588} INFO - Filling up the DagBag from /opt/airflow/dags/lazada_dashboard_dag.py
[2026-05-08T07:02:29.248+0000] {processor.py:925} INFO - DAG(s) 'lazada_dashboard_pipeline' retrieved from /opt/airflow/dags/lazada_dashboard_dag.py
[2026-05-08T07:02:33.141+0000] {logging_mixin.py:190} INFO - [2026-05-08T07:02:33.141+0000] {dag.py:3239} INFO - Sync 1 DAGs
[2026-05-08T07:02:34.498+0000] {processor.py:208} INFO - Processing /opt/airflow/dags/lazada_dashboard_dag.py took 12.948 seconds
[2026-05-08T07:03:04.792+0000] {processor.py:186} INFO - Started process (PID=3020) to work on /opt/airflow/dags/lazada_dashboard_dag.py
[2026-05-08T07:03:04.794+0000] {processor.py:914} INFO - Processing file /opt/airflow/dags/lazada_dashboard_dag.py for tasks to queue
[2026-05-08T07:03:04.796+0000] {logging_mixin.py:190} INFO - [2026-05-08T07:03:04.795+0000] {dagbag.py:588} INFO - Filling up the DagBag from /opt/airflow/dags/lazada_dashboard_dag.py
[2026-05-08T07:03:04.938+0000] {processor.py:925} INFO - DAG(s) 'lazada_dashboard_pipeline' retrieved from /opt/airflow/dags/lazada_dashboard_dag.py
[2026-05-08T07:03:05.028+0000] {logging_mixin.py:190} INFO - [2026-05-08T07:03:05.028+0000] {dag.py:3239} INFO - Sync 1 DAGs
[2026-05-08T07:03:05.121+0000] {processor.py:208} INFO - Processing /opt/airflow/dags/lazada_dashboard_dag.py took 0.349 seconds
[2026-05-08T07:03:35.384+0000] {processor.py:186} INFO - Started process (PID=3032) to work on /opt/airflow/dags/lazada_dashboard_dag.py
[2026-05-08T07:03:35.385+0000] {processor.py:914} INFO - Processing file /opt/airflow/dags/lazada_dashboard_dag.py for tasks to queue
[2026-05-08T07:03:35.387+0000] {logging_mixin.py:190} INFO - [2026-05-08T07:03:35.387+0000] {dagbag.py:588} INFO - Filling up the DagBag from /opt/airflow/dags/lazada_dashboard_dag.py
[2026-05-08T07:03:35.731+0000] {processor.py:925} INFO - DAG(s) 'lazada_dashboard_pipeline' retrieved from /opt/airflow/dags/lazada_dashboard_dag.py
[2026-05-08T07:03:35.936+0000] {logging_mixin.py:190} INFO - [2026-05-08T07:03:35.936+0000] {dag.py:3239} INFO - Sync 1 DAGs
[2026-05-08T07:03:35.999+0000] {processor.py:208} INFO - Processing /opt/airflow/dags/lazada_dashboard_dag.py took 0.628 seconds
[2026-05-08T07:04:06.361+0000] {processor.py:186} INFO - Started process (PID=3055) to work on /opt/airflow/dags/lazada_dashboard_dag.py
[2026-05-08T07:04:06.364+0000] {processor.py:914} INFO - Processing file /opt/airflow/dags/lazada_dashboard_dag.py for tasks to queue
[2026-05-08T07:04:06.369+0000] {logging_mixin.py:190} INFO - [2026-05-08T07:04:06.369+0000] {dagbag.py:588} INFO - Filling up the DagBag from /opt/airflow/dags/lazada_dashboard_dag.py
[2026-05-08T07:04:06.452+0000] {processor.py:925} INFO - DAG(s) 'lazada_dashboard_pipeline' retrieved from /opt/airflow/dags/lazada_dashboard_dag.py
[2026-05-08T07:04:06.602+0000] {logging_mixin.py:190} INFO - [2026-05-08T07:04:06.602+0000] {dag.py:3239} INFO - Sync 1 DAGs
[2026-05-08T07:04:06.723+0000] {processor.py:208} INFO - Processing /opt/airflow/dags/lazada_dashboard_dag.py took 0.384 seconds
[2026-05-08T07:04:38.059+0000] {processor.py:186} INFO - Started process (PID=3092) to work on /opt/airflow/dags/lazada_dashboard_dag.py
[2026-05-08T07:04:38.060+0000] {processor.py:914} INFO - Processing file /opt/airflow/dags/lazada_dashboard_dag.py for tasks to queue
[2026-05-08T07:04:38.061+0000] {logging_mixin.py:190} INFO - [2026-05-08T07:04:38.061+0000] {dagbag.py:588} INFO - Filling up the DagBag from /opt/airflow/dags/lazada_dashboard_dag.py
[2026-05-08T07:04:39.643+0000] {processor.py:925} INFO - DAG(s) 'lazada_dashboard_pipeline' retrieved from /opt/airflow/dags/lazada_dashboard_dag.py
[2026-05-08T07:04:40.114+0000] {logging_mixin.py:190} INFO - [2026-05-08T07:04:40.114+0000] {dag.py:3239} INFO - Sync 1 DAGs
[2026-05-08T07:04:40.199+0000] {processor.py:208} INFO - Processing /opt/airflow/dags/lazada_dashboard_dag.py took 2.145 seconds
[2026-05-08T07:05:10.312+0000] {processor.py:186} INFO - Started process (PID=3108) to work on /opt/airflow/dags/lazada_dashboard_dag.py
[2026-05-08T07:05:10.313+0000] {processor.py:914} INFO - Processing file /opt/airflow/dags/lazada_dashboard_dag.py for tasks to queue
[2026-05-08T07:05:10.315+0000] {logging_mixin.py:190} INFO - [2026-05-08T07:05:10.315+0000] {dagbag.py:588} INFO - Filling up the DagBag from /opt/airflow/dags/lazada_dashboard_dag.py
[2026-05-08T07:05:10.331+0000] {processor.py:925} INFO - DAG(s) 'lazada_dashboard_pipeline' retrieved from /opt/airflow/dags/lazada_dashboard_dag.py
[2026-05-08T07:05:10.365+0000] {logging_mixin.py:190} INFO - [2026-05-08T07:05:10.365+0000] {dag.py:3239} INFO - Sync 1 DAGs
[2026-05-08T07:05:10.571+0000] {processor.py:208} INFO - Processing /opt/airflow/dags/lazada_dashboard_dag.py took 0.265 seconds
[2026-05-08T07:05:40.683+0000] {processor.py:186} INFO - Started process (PID=3113) to work on /opt/airflow/dags/lazada_dashboard_dag.py
[2026-05-08T07:05:40.684+0000] {processor.py:914} INFO - Processing file /opt/airflow/dags/lazada_dashboard_dag.py for tasks to queue
[2026-05-08T07:05:40.687+0000] {logging_mixin.py:190} INFO - [2026-05-08T07:05:40.686+0000] {dagbag.py:588} INFO - Filling up the DagBag from /opt/airflow/dags/lazada_dashboard_dag.py
[2026-05-08T07:05:40.707+0000] {processor.py:925} INFO - DAG(s) 'lazada_dashboard_pipeline' retrieved from /opt/airflow/dags/lazada_dashboard_dag.py
[2026-05-08T07:05:40.735+0000] {logging_mixin.py:190} INFO - [2026-05-08T07:05:40.735+0000] {dag.py:3239} INFO - Sync 1 DAGs
[2026-05-08T07:05:40.835+0000] {processor.py:208} INFO - Processing /opt/airflow/dags/lazada_dashboard_dag.py took 0.157 seconds
[2026-05-08T07:06:10.936+0000] {processor.py:186} INFO - Started process (PID=3165) to work on /opt/airflow/dags/lazada_dashboard_dag.py
[2026-05-08T07:06:10.937+0000] {processor.py:914} INFO - Processing file /opt/airflow/dags/lazada_dashboard_dag.py for tasks to queue
[2026-05-08T07:06:10.939+0000] {logging_mixin.py:190} INFO - [2026-05-08T07:06:10.939+0000] {dagbag.py:588} INFO - Filling up the DagBag from /opt/airflow/dags/lazada_dashboard_dag.py
[2026-05-08T07:06:10.960+0000] {processor.py:925} INFO - DAG(s) 'lazada_dashboard_pipeline' retrieved from /opt/airflow/dags/lazada_dashboard_dag.py
[2026-05-08T07:06:10.986+0000] {logging_mixin.py:190} INFO - [2026-05-08T07:06:10.985+0000] {dag.py:3239} INFO - Sync 1 DAGs
[2026-05-08T07:06:11.314+0000] {processor.py:208} INFO - Processing /opt/airflow/dags/lazada_dashboard_dag.py took 0.383 seconds
[2026-05-08T07:06:41.676+0000] {processor.py:186} INFO - Started process (PID=3260) to work on /opt/airflow/dags/lazada_dashboard_dag.py
[2026-05-08T07:06:41.677+0000] {processor.py:914} INFO - Processing file /opt/airflow/dags/lazada_dashboard_dag.py for tasks to queue
[2026-05-08T07:06:41.680+0000] {logging_mixin.py:190} INFO - [2026-05-08T07:06:41.680+0000] {dagbag.py:588} INFO - Filling up the DagBag from /opt/airflow/dags/lazada_dashboard_dag.py
[2026-05-08T07:06:41.708+0000] {processor.py:925} INFO - DAG(s) 'lazada_dashboard_pipeline' retrieved from /opt/airflow/dags/lazada_dashboard_dag.py
[2026-05-08T07:06:41.735+0000] {logging_mixin.py:190} INFO - [2026-05-08T07:06:41.735+0000] {dag.py:3239} INFO - Sync 1 DAGs
[2026-05-08T07:06:41.769+0000] {processor.py:208} INFO - Processing /opt/airflow/dags/lazada_dashboard_dag.py took 0.099 seconds
[2026-05-08T07:07:12.236+0000] {processor.py:186} INFO - Started process (PID=3343) to work on /opt/airflow/dags/lazada_dashboard_dag.py
[2026-05-08T07:07:12.237+0000] {processor.py:914} INFO - Processing file /opt/airflow/dags/lazada_dashboard_dag.py for tasks to queue
[2026-05-08T07:07:12.239+0000] {logging_mixin.py:190} INFO - [2026-05-08T07:07:12.238+0000] {dagbag.py:588} INFO - Filling up the DagBag from /opt/airflow/dags/lazada_dashboard_dag.py
[2026-05-08T07:07:13.371+0000] {processor.py:925} INFO - DAG(s) 'lazada_dashboard_pipeline' retrieved from /opt/airflow/dags/lazada_dashboard_dag.py
[2026-05-08T07:07:13.405+0000] {logging_mixin.py:190} INFO - [2026-05-08T07:07:13.404+0000] {dag.py:3239} INFO - Sync 1 DAGs
[2026-05-08T07:07:13.446+0000] {processor.py:208} INFO - Processing /opt/airflow/dags/lazada_dashboard_dag.py took 1.215 seconds
[2026-05-08T07:07:43.667+0000] {processor.py:186} INFO - Started process (PID=3398) to work on /opt/airflow/dags/lazada_dashboard_dag.py
[2026-05-08T07:07:43.668+0000] {processor.py:914} INFO - Processing file /opt/airflow/dags/lazada_dashboard_dag.py for tasks to queue
[2026-05-08T07:07:43.670+0000] {logging_mixin.py:190} INFO - [2026-05-08T07:07:43.669+0000] {dagbag.py:588} INFO - Filling up the DagBag from /opt/airflow/dags/lazada_dashboard_dag.py
[2026-05-08T07:07:43.733+0000] {processor.py:925} INFO - DAG(s) 'lazada_dashboard_pipeline' retrieved from /opt/airflow/dags/lazada_dashboard_dag.py
[2026-05-08T07:07:43.765+0000] {logging_mixin.py:190} INFO - [2026-05-08T07:07:43.765+0000] {dag.py:3239} INFO - Sync 1 DAGs
[2026-05-08T07:07:43.806+0000] {processor.py:208} INFO - Processing /opt/airflow/dags/lazada_dashboard_dag.py took 0.158 seconds
[2026-05-08T07:08:14.005+0000] {processor.py:186} INFO - Started process (PID=3501) to work on /opt/airflow/dags/lazada_dashboard_dag.py
[2026-05-08T07:08:14.006+0000] {processor.py:914} INFO - Processing file /opt/airflow/dags/lazada_dashboard_dag.py for tasks to queue
[2026-05-08T07:08:14.008+0000] {logging_mixin.py:190} INFO - [2026-05-08T07:08:14.008+0000] {dagbag.py:588} INFO - Filling up the DagBag from /opt/airflow/dags/lazada_dashboard_dag.py
[2026-05-08T07:08:14.031+0000] {processor.py:925} INFO - DAG(s) 'lazada_dashboard_pipeline' retrieved from /opt/airflow/dags/lazada_dashboard_dag.py
[2026-05-08T07:08:14.054+0000] {logging_mixin.py:190} INFO - [2026-05-08T07:08:14.053+0000] {dag.py:3239} INFO - Sync 1 DAGs
[2026-05-08T07:08:14.086+0000] {processor.py:208} INFO - Processing /opt/airflow/dags/lazada_dashboard_dag.py took 0.107 seconds
[2026-05-08T07:08:44.253+0000] {processor.py:186} INFO - Started process (PID=3593) to work on /opt/airflow/dags/lazada_dashboard_dag.py
[2026-05-08T07:08:44.280+0000] {processor.py:914} INFO - Processing file /opt/airflow/dags/lazada_dashboard_dag.py for tasks to queue
[2026-05-08T07:08:44.307+0000] {logging_mixin.py:190} INFO - [2026-05-08T07:08:44.306+0000] {dagbag.py:588} INFO - Filling up the DagBag from /opt/airflow/dags/lazada_dashboard_dag.py
[2026-05-08T07:08:44.919+0000] {processor.py:925} INFO - DAG(s) 'lazada_dashboard_pipeline' retrieved from /opt/airflow/dags/lazada_dashboard_dag.py
[2026-05-08T07:08:45.132+0000] {logging_mixin.py:190} INFO - [2026-05-08T07:08:45.131+0000] {dag.py:3239} INFO - Sync 1 DAGs
[2026-05-08T07:08:45.258+0000] {processor.py:208} INFO - Processing /opt/airflow/dags/lazada_dashboard_dag.py took 1.022 seconds
[2026-05-08T07:09:16.017+0000] {processor.py:186} INFO - Started process (PID=3707) to work on /opt/airflow/dags/lazada_dashboard_dag.py
[2026-05-08T07:09:16.019+0000] {processor.py:914} INFO - Processing file /opt/airflow/dags/lazada_dashboard_dag.py for tasks to queue
[2026-05-08T07:09:16.154+0000] {logging_mixin.py:190} INFO - [2026-05-08T07:09:16.097+0000] {dagbag.py:588} INFO - Filling up the DagBag from /opt/airflow/dags/lazada_dashboard_dag.py
[2026-05-08T07:09:17.197+0000] {processor.py:925} INFO - DAG(s) 'lazada_dashboard_pipeline' retrieved from /opt/airflow/dags/lazada_dashboard_dag.py
[2026-05-08T07:09:20.335+0000] {logging_mixin.py:190} INFO - [2026-05-08T07:09:20.316+0000] {dag.py:3239} INFO - Sync 1 DAGs
[2026-05-08T07:09:20.502+0000] {processor.py:208} INFO - Processing /opt/airflow/dags/lazada_dashboard_dag.py took 4.654 seconds
[2026-05-08T07:09:50.810+0000] {processor.py:186} INFO - Started process (PID=3713) to work on /opt/airflow/dags/lazada_dashboard_dag.py
[2026-05-08T07:09:50.814+0000] {processor.py:914} INFO - Processing file /opt/airflow/dags/lazada_dashboard_dag.py for tasks to queue
[2026-05-08T07:09:50.816+0000] {logging_mixin.py:190} INFO - [2026-05-08T07:09:50.815+0000] {dagbag.py:588} INFO - Filling up the DagBag from /opt/airflow/dags/lazada_dashboard_dag.py
[2026-05-08T07:09:50.885+0000] {processor.py:925} INFO - DAG(s) 'lazada_dashboard_pipeline' retrieved from /opt/airflow/dags/lazada_dashboard_dag.py
[2026-05-08T07:09:51.460+0000] {logging_mixin.py:190} INFO - [2026-05-08T07:09:51.459+0000] {dag.py:3239} INFO - Sync 1 DAGs
[2026-05-08T07:09:52.038+0000] {processor.py:208} INFO - Processing /opt/airflow/dags/lazada_dashboard_dag.py took 1.262 seconds
[2026-05-08T07:10:23.320+0000] {processor.py:186} INFO - Started process (PID=3726) to work on /opt/airflow/dags/lazada_dashboard_dag.py
[2026-05-08T07:10:23.326+0000] {processor.py:914} INFO - Processing file /opt/airflow/dags/lazada_dashboard_dag.py for tasks to queue
[2026-05-08T07:10:23.369+0000] {logging_mixin.py:190} INFO - [2026-05-08T07:10:23.363+0000] {dagbag.py:588} INFO - Filling up the DagBag from /opt/airflow/dags/lazada_dashboard_dag.py
[2026-05-08T07:10:23.798+0000] {processor.py:925} INFO - DAG(s) 'lazada_dashboard_pipeline' retrieved from /opt/airflow/dags/lazada_dashboard_dag.py
[2026-05-08T07:10:25.032+0000] {logging_mixin.py:190} INFO - [2026-05-08T07:10:25.031+0000] {dag.py:3239} INFO - Sync 1 DAGs
[2026-05-08T07:10:25.390+0000] {logging_mixin.py:190} INFO - [2026-05-08T07:10:25.389+0000] {dag.py:4180} INFO - Setting next_dagrun for lazada_dashboard_pipeline to 2026-05-08 02:00:00+00:00, run_after=2026-05-09 02:00:00+00:00
[2026-05-08T07:10:25.530+0000] {processor.py:208} INFO - Processing /opt/airflow/dags/lazada_dashboard_dag.py took 3.080 seconds
[2026-05-08T07:10:56.086+0000] {processor.py:186} INFO - Started process (PID=3743) to work on /opt/airflow/dags/lazada_dashboard_dag.py
[2026-05-08T07:10:56.092+0000] {processor.py:914} INFO - Processing file /opt/airflow/dags/lazada_dashboard_dag.py for tasks to queue
[2026-05-08T07:10:56.228+0000] {logging_mixin.py:190} INFO - [2026-05-08T07:10:56.219+0000] {dagbag.py:588} INFO - Filling up the DagBag from /opt/airflow/dags/lazada_dashboard_dag.py
[2026-05-08T07:10:57.173+0000] {processor.py:925} INFO - DAG(s) 'lazada_dashboard_pipeline' retrieved from /opt/airflow/dags/lazada_dashboard_dag.py
[2026-05-08T07:10:57.569+0000] {logging_mixin.py:190} INFO - [2026-05-08T07:10:57.569+0000] {dag.py:3239} INFO - Sync 1 DAGs
[2026-05-08T07:10:57.827+0000] {logging_mixin.py:190} INFO - [2026-05-08T07:10:57.826+0000] {dag.py:4180} INFO - Setting next_dagrun for lazada_dashboard_pipeline to 2026-05-08 02:00:00+00:00, run_after=2026-05-09 02:00:00+00:00
[2026-05-08T07:10:57.947+0000] {processor.py:208} INFO - Processing /opt/airflow/dags/lazada_dashboard_dag.py took 2.037 seconds
[2026-05-08T07:11:28.087+0000] {processor.py:186} INFO - Started process (PID=3754) to work on /opt/airflow/dags/lazada_dashboard_dag.py
[2026-05-08T07:11:28.088+0000] {processor.py:914} INFO - Processing file /opt/airflow/dags/lazada_dashboard_dag.py for tasks to queue
[2026-05-08T07:11:28.092+0000] {logging_mixin.py:190} INFO - [2026-05-08T07:11:28.092+0000] {dagbag.py:588} INFO - Filling up the DagBag from /opt/airflow/dags/lazada_dashboard_dag.py
[2026-05-08T07:11:28.130+0000] {processor.py:925} INFO - DAG(s) 'lazada_dashboard_pipeline' retrieved from /opt/airflow/dags/lazada_dashboard_dag.py
[2026-05-08T07:11:28.171+0000] {logging_mixin.py:190} INFO - [2026-05-08T07:11:28.171+0000] {dag.py:3239} INFO - Sync 1 DAGs
[2026-05-08T07:11:28.201+0000] {logging_mixin.py:190} INFO - [2026-05-08T07:11:28.201+0000] {dag.py:4180} INFO - Setting next_dagrun for lazada_dashboard_pipeline to 2026-05-08 02:00:00+00:00, run_after=2026-05-09 02:00:00+00:00
[2026-05-08T07:11:28.226+0000] {processor.py:208} INFO - Processing /opt/airflow/dags/lazada_dashboard_dag.py took 0.152 seconds
[2026-05-08T07:11:58.445+0000] {processor.py:186} INFO - Started process (PID=3764) to work on /opt/airflow/dags/lazada_dashboard_dag.py
[2026-05-08T07:11:58.446+0000] {processor.py:914} INFO - Processing file /opt/airflow/dags/lazada_dashboard_dag.py for tasks to queue
[2026-05-08T07:11:58.448+0000] {logging_mixin.py:190} INFO - [2026-05-08T07:11:58.447+0000] {dagbag.py:588} INFO - Filling up the DagBag from /opt/airflow/dags/lazada_dashboard_dag.py
[2026-05-08T07:11:58.468+0000] {processor.py:925} INFO - DAG(s) 'lazada_dashboard_pipeline' retrieved from /opt/airflow/dags/lazada_dashboard_dag.py
[2026-05-08T07:11:58.486+0000] {logging_mixin.py:190} INFO - [2026-05-08T07:11:58.486+0000] {dag.py:3239} INFO - Sync 1 DAGs
[2026-05-08T07:11:58.502+0000] {logging_mixin.py:190} INFO - [2026-05-08T07:11:58.502+0000] {dag.py:4180} INFO - Setting next_dagrun for lazada_dashboard_pipeline to 2026-05-08 02:00:00+00:00, run_after=2026-05-09 02:00:00+00:00
[2026-05-08T07:11:58.514+0000] {processor.py:208} INFO - Processing /opt/airflow/dags/lazada_dashboard_dag.py took 0.073 seconds
[2026-05-08T07:12:28.742+0000] {processor.py:186} INFO - Started process (PID=3775) to work on /opt/airflow/dags/lazada_dashboard_dag.py
[2026-05-08T07:12:28.743+0000] {processor.py:914} INFO - Processing file /opt/airflow/dags/lazada_dashboard_dag.py for tasks to queue
[2026-05-08T07:12:28.745+0000] {logging_mixin.py:190} INFO - [2026-05-08T07:12:28.744+0000] {dagbag.py:588} INFO - Filling up the DagBag from /opt/airflow/dags/lazada_dashboard_dag.py
[2026-05-08T07:12:28.769+0000] {processor.py:925} INFO - DAG(s) 'lazada_dashboard_pipeline' retrieved from /opt/airflow/dags/lazada_dashboard_dag.py
[2026-05-08T07:12:28.790+0000] {logging_mixin.py:190} INFO - [2026-05-08T07:12:28.790+0000] {dag.py:3239} INFO - Sync 1 DAGs
[2026-05-08T07:12:28.807+0000] {logging_mixin.py:190} INFO - [2026-05-08T07:12:28.807+0000] {dag.py:4180} INFO - Setting next_dagrun for lazada_dashboard_pipeline to 2026-05-08 02:00:00+00:00, run_after=2026-05-09 02:00:00+00:00
[2026-05-08T07:12:28.833+0000] {processor.py:208} INFO - Processing /opt/airflow/dags/lazada_dashboard_dag.py took 0.095 seconds
[2026-05-08T07:12:59.007+0000] {processor.py:186} INFO - Started process (PID=3786) to work on /opt/airflow/dags/lazada_dashboard_dag.py
[2026-05-08T07:12:59.008+0000] {processor.py:914} INFO - Processing file /opt/airflow/dags/lazada_dashboard_dag.py for tasks to queue
[2026-05-08T07:12:59.009+0000] {logging_mixin.py:190} INFO - [2026-05-08T07:12:59.009+0000] {dagbag.py:588} INFO - Filling up the DagBag from /opt/airflow/dags/lazada_dashboard_dag.py
[2026-05-08T07:12:59.024+0000] {processor.py:925} INFO - DAG(s) 'lazada_dashboard_pipeline' retrieved from /opt/airflow/dags/lazada_dashboard_dag.py
[2026-05-08T07:12:59.045+0000] {logging_mixin.py:190} INFO - [2026-05-08T07:12:59.044+0000] {dag.py:3239} INFO - Sync 1 DAGs
[2026-05-08T07:12:59.063+0000] {logging_mixin.py:190} INFO - [2026-05-08T07:12:59.062+0000] {dag.py:4180} INFO - Setting next_dagrun for lazada_dashboard_pipeline to 2026-05-08 02:00:00+00:00, run_after=2026-05-09 02:00:00+00:00
[2026-05-08T07:12:59.087+0000] {processor.py:208} INFO - Processing /opt/airflow/dags/lazada_dashboard_dag.py took 0.086 seconds
[2026-05-08T07:13:29.245+0000] {processor.py:186} INFO - Started process (PID=3797) to work on /opt/airflow/dags/lazada_dashboard_dag.py
[2026-05-08T07:13:29.245+0000] {processor.py:914} INFO - Processing file /opt/airflow/dags/lazada_dashboard_dag.py for tasks to queue
[2026-05-08T07:13:29.247+0000] {logging_mixin.py:190} INFO - [2026-05-08T07:13:29.247+0000] {dagbag.py:588} INFO - Filling up the DagBag from /opt/airflow/dags/lazada_dashboard_dag.py
[2026-05-08T07:13:29.264+0000] {processor.py:925} INFO - DAG(s) 'lazada_dashboard_pipeline' retrieved from /opt/airflow/dags/lazada_dashboard_dag.py
[2026-05-08T07:13:29.287+0000] {logging_mixin.py:190} INFO - [2026-05-08T07:13:29.287+0000] {dag.py:3239} INFO - Sync 1 DAGs
[2026-05-08T07:13:29.304+0000] {logging_mixin.py:190} INFO - [2026-05-08T07:13:29.304+0000] {dag.py:4180} INFO - Setting next_dagrun for lazada_dashboard_pipeline to 2026-05-08 02:00:00+00:00, run_after=2026-05-09 02:00:00+00:00
[2026-05-08T07:13:29.332+0000] {processor.py:208} INFO - Processing /opt/airflow/dags/lazada_dashboard_dag.py took 0.093 seconds
[2026-05-08T07:14:00.392+0000] {processor.py:186} INFO - Started process (PID=3999) to work on /opt/airflow/dags/lazada_dashboard_dag.py
[2026-05-08T07:14:00.393+0000] {processor.py:914} INFO - Processing file /opt/airflow/dags/lazada_dashboard_dag.py for tasks to queue
[2026-05-08T07:14:00.395+0000] {logging_mixin.py:190} INFO - [2026-05-08T07:14:00.394+0000] {dagbag.py:588} INFO - Filling up the DagBag from /opt/airflow/dags/lazada_dashboard_dag.py
[2026-05-08T07:14:01.950+0000] {processor.py:925} INFO - DAG(s) 'lazada_dashboard_pipeline' retrieved from /opt/airflow/dags/lazada_dashboard_dag.py
[2026-05-08T07:14:01.973+0000] {logging_mixin.py:190} INFO - [2026-05-08T07:14:01.973+0000] {dag.py:3239} INFO - Sync 1 DAGs
[2026-05-08T07:14:02.011+0000] {processor.py:208} INFO - Processing /opt/airflow/dags/lazada_dashboard_dag.py took 1.625 seconds
[2026-05-08T07:14:35.472+0000] {processor.py:186} INFO - Started process (PID=4020) to work on /opt/airflow/dags/lazada_dashboard_dag.py
[2026-05-08T07:14:35.537+0000] {processor.py:914} INFO - Processing file /opt/airflow/dags/lazada_dashboard_dag.py for tasks to queue
[2026-05-08T07:14:36.777+0000] {logging_mixin.py:190} INFO - [2026-05-08T07:14:36.618+0000] {dagbag.py:588} INFO - Filling up the DagBag from /opt/airflow/dags/lazada_dashboard_dag.py
[2026-05-08T07:14:40.384+0000] {processor.py:925} INFO - DAG(s) 'lazada_dashboard_pipeline' retrieved from /opt/airflow/dags/lazada_dashboard_dag.py
[2026-05-08T07:14:43.204+0000] {logging_mixin.py:190} INFO - [2026-05-08T07:14:43.204+0000] {dag.py:3239} INFO - Sync 1 DAGs
[2026-05-08T07:14:43.453+0000] {processor.py:208} INFO - Processing /opt/airflow/dags/lazada_dashboard_dag.py took 10.191 seconds
[2026-05-08T07:15:14.324+0000] {processor.py:186} INFO - Started process (PID=4033) to work on /opt/airflow/dags/lazada_dashboard_dag.py
[2026-05-08T07:15:14.338+0000] {processor.py:914} INFO - Processing file /opt/airflow/dags/lazada_dashboard_dag.py for tasks to queue
[2026-05-08T07:15:14.423+0000] {logging_mixin.py:190} INFO - [2026-05-08T07:15:14.417+0000] {dagbag.py:588} INFO - Filling up the DagBag from /opt/airflow/dags/lazada_dashboard_dag.py
[2026-05-08T07:15:14.735+0000] {processor.py:925} INFO - DAG(s) 'lazada_dashboard_pipeline' retrieved from /opt/airflow/dags/lazada_dashboard_dag.py
[2026-05-08T07:15:14.865+0000] {logging_mixin.py:190} INFO - [2026-05-08T07:15:14.865+0000] {dag.py:3239} INFO - Sync 1 DAGs
[2026-05-08T07:15:14.918+0000] {processor.py:208} INFO - Processing /opt/airflow/dags/lazada_dashboard_dag.py took 0.798 seconds
[2026-05-08T07:15:48.372+0000] {processor.py:186} INFO - Started process (PID=4059) to work on /opt/airflow/dags/lazada_dashboard_dag.py
[2026-05-08T07:15:48.424+0000] {processor.py:914} INFO - Processing file /opt/airflow/dags/lazada_dashboard_dag.py for tasks to queue
[2026-05-08T07:15:49.922+0000] {logging_mixin.py:190} INFO - [2026-05-08T07:15:49.776+0000] {dagbag.py:588} INFO - Filling up the DagBag from /opt/airflow/dags/lazada_dashboard_dag.py
[2026-05-08T07:15:54.468+0000] {processor.py:925} INFO - DAG(s) 'lazada_dashboard_pipeline' retrieved from /opt/airflow/dags/lazada_dashboard_dag.py
[2026-05-08T07:16:01.564+0000] {logging_mixin.py:190} INFO - [2026-05-08T07:16:01.557+0000] {dag.py:3239} INFO - Sync 1 DAGs
[2026-05-08T07:16:06.355+0000] {processor.py:208} INFO - Processing /opt/airflow/dags/lazada_dashboard_dag.py took 20.177 seconds
[2026-05-08T07:16:36.907+0000] {processor.py:186} INFO - Started process (PID=4144) to work on /opt/airflow/dags/lazada_dashboard_dag.py
[2026-05-08T07:16:36.908+0000] {processor.py:914} INFO - Processing file /opt/airflow/dags/lazada_dashboard_dag.py for tasks to queue
[2026-05-08T07:16:36.912+0000] {logging_mixin.py:190} INFO - [2026-05-08T07:16:36.910+0000] {dagbag.py:588} INFO - Filling up the DagBag from /opt/airflow/dags/lazada_dashboard_dag.py
[2026-05-08T07:16:36.936+0000] {processor.py:925} INFO - DAG(s) 'lazada_dashboard_pipeline' retrieved from /opt/airflow/dags/lazada_dashboard_dag.py
[2026-05-08T07:16:36.964+0000] {logging_mixin.py:190} INFO - [2026-05-08T07:16:36.964+0000] {dag.py:3239} INFO - Sync 1 DAGs
[2026-05-08T07:16:37.013+0000] {processor.py:208} INFO - Processing /opt/airflow/dags/lazada_dashboard_dag.py took 0.114 seconds
[2026-05-08T07:17:07.080+0000] {processor.py:186} INFO - Started process (PID=4255) to work on /opt/airflow/dags/lazada_dashboard_dag.py
[2026-05-08T07:17:07.081+0000] {processor.py:914} INFO - Processing file /opt/airflow/dags/lazada_dashboard_dag.py for tasks to queue
[2026-05-08T07:17:07.083+0000] {logging_mixin.py:190} INFO - [2026-05-08T07:17:07.083+0000] {dagbag.py:588} INFO - Filling up the DagBag from /opt/airflow/dags/lazada_dashboard_dag.py
[2026-05-08T07:17:07.098+0000] {processor.py:925} INFO - DAG(s) 'lazada_dashboard_pipeline' retrieved from /opt/airflow/dags/lazada_dashboard_dag.py
[2026-05-08T07:17:07.123+0000] {logging_mixin.py:190} INFO - [2026-05-08T07:17:07.123+0000] {dag.py:3239} INFO - Sync 1 DAGs
[2026-05-08T07:17:07.165+0000] {processor.py:208} INFO - Processing /opt/airflow/dags/lazada_dashboard_dag.py took 0.090 seconds
[2026-05-08T07:17:37.352+0000] {processor.py:186} INFO - Started process (PID=4374) to work on /opt/airflow/dags/lazada_dashboard_dag.py
[2026-05-08T07:17:37.367+0000] {processor.py:914} INFO - Processing file /opt/airflow/dags/lazada_dashboard_dag.py for tasks to queue
[2026-05-08T07:17:37.369+0000] {logging_mixin.py:190} INFO - [2026-05-08T07:17:37.369+0000] {dagbag.py:588} INFO - Filling up the DagBag from /opt/airflow/dags/lazada_dashboard_dag.py
[2026-05-08T07:17:37.388+0000] {processor.py:925} INFO - DAG(s) 'lazada_dashboard_pipeline' retrieved from /opt/airflow/dags/lazada_dashboard_dag.py
[2026-05-08T07:17:37.415+0000] {logging_mixin.py:190} INFO - [2026-05-08T07:17:37.414+0000] {dag.py:3239} INFO - Sync 1 DAGs
[2026-05-08T07:17:37.454+0000] {processor.py:208} INFO - Processing /opt/airflow/dags/lazada_dashboard_dag.py took 0.108 seconds
[2026-05-08T07:18:07.517+0000] {processor.py:186} INFO - Started process (PID=4493) to work on /opt/airflow/dags/lazada_dashboard_dag.py
[2026-05-08T07:18:07.518+0000] {processor.py:914} INFO - Processing file /opt/airflow/dags/lazada_dashboard_dag.py for tasks to queue
[2026-05-08T07:18:07.520+0000] {logging_mixin.py:190} INFO - [2026-05-08T07:18:07.520+0000] {dagbag.py:588} INFO - Filling up the DagBag from /opt/airflow/dags/lazada_dashboard_dag.py
[2026-05-08T07:18:07.536+0000] {processor.py:925} INFO - DAG(s) 'lazada_dashboard_pipeline' retrieved from /opt/airflow/dags/lazada_dashboard_dag.py
[2026-05-08T07:18:07.558+0000] {logging_mixin.py:190} INFO - [2026-05-08T07:18:07.558+0000] {dag.py:3239} INFO - Sync 1 DAGs
[2026-05-08T07:18:07.589+0000] {processor.py:208} INFO - Processing /opt/airflow/dags/lazada_dashboard_dag.py took 0.076 seconds
[2026-05-08T07:18:42.628+0000] {processor.py:186} INFO - Started process (PID=4680) to work on /opt/airflow/dags/lazada_dashboard_dag.py
[2026-05-08T07:18:42.964+0000] {processor.py:914} INFO - Processing file /opt/airflow/dags/lazada_dashboard_dag.py for tasks to queue
[2026-05-08T07:18:43.476+0000] {logging_mixin.py:190} INFO - [2026-05-08T07:18:43.449+0000] {dagbag.py:588} INFO - Filling up the DagBag from /opt/airflow/dags/lazada_dashboard_dag.py
[2026-05-08T07:20:45.138+0000] {processor.py:186} INFO - Started process (PID=4689) to work on /opt/airflow/dags/lazada_dashboard_dag.py
[2026-05-08T07:20:45.140+0000] {processor.py:914} INFO - Processing file /opt/airflow/dags/lazada_dashboard_dag.py for tasks to queue
[2026-05-08T07:20:45.167+0000] {logging_mixin.py:190} INFO - [2026-05-08T07:20:45.164+0000] {dagbag.py:588} INFO - Filling up the DagBag from /opt/airflow/dags/lazada_dashboard_dag.py
[2026-05-08T07:20:45.261+0000] {processor.py:925} INFO - DAG(s) 'lazada_dashboard_pipeline' retrieved from /opt/airflow/dags/lazada_dashboard_dag.py
[2026-05-08T07:20:45.600+0000] {logging_mixin.py:190} INFO - [2026-05-08T07:20:45.599+0000] {dag.py:3239} INFO - Sync 1 DAGs
[2026-05-08T07:20:45.834+0000] {processor.py:208} INFO - Processing /opt/airflow/dags/lazada_dashboard_dag.py took 0.749 seconds
[2026-05-08T07:21:16.236+0000] {processor.py:186} INFO - Started process (PID=4706) to work on /opt/airflow/dags/lazada_dashboard_dag.py
[2026-05-08T07:21:16.236+0000] {processor.py:914} INFO - Processing file /opt/airflow/dags/lazada_dashboard_dag.py for tasks to queue
[2026-05-08T07:21:16.238+0000] {logging_mixin.py:190} INFO - [2026-05-08T07:21:16.238+0000] {dagbag.py:588} INFO - Filling up the DagBag from /opt/airflow/dags/lazada_dashboard_dag.py
[2026-05-08T07:21:16.254+0000] {processor.py:925} INFO - DAG(s) 'lazada_dashboard_pipeline' retrieved from /opt/airflow/dags/lazada_dashboard_dag.py
[2026-05-08T07:21:16.286+0000] {logging_mixin.py:190} INFO - [2026-05-08T07:21:16.286+0000] {dag.py:3239} INFO - Sync 1 DAGs
[2026-05-08T07:21:16.326+0000] {processor.py:208} INFO - Processing /opt/airflow/dags/lazada_dashboard_dag.py took 0.096 seconds
[2026-05-08T07:21:46.480+0000] {processor.py:186} INFO - Started process (PID=4750) to work on /opt/airflow/dags/lazada_dashboard_dag.py
[2026-05-08T07:21:46.480+0000] {processor.py:914} INFO - Processing file /opt/airflow/dags/lazada_dashboard_dag.py for tasks to queue
[2026-05-08T07:21:46.482+0000] {logging_mixin.py:190} INFO - [2026-05-08T07:21:46.482+0000] {dagbag.py:588} INFO - Filling up the DagBag from /opt/airflow/dags/lazada_dashboard_dag.py
[2026-05-08T07:21:46.498+0000] {processor.py:925} INFO - DAG(s) 'lazada_dashboard_pipeline' retrieved from /opt/airflow/dags/lazada_dashboard_dag.py
[2026-05-08T07:21:46.520+0000] {logging_mixin.py:190} INFO - [2026-05-08T07:21:46.520+0000] {dag.py:3239} INFO - Sync 1 DAGs
[2026-05-08T07:21:46.552+0000] {processor.py:208} INFO - Processing /opt/airflow/dags/lazada_dashboard_dag.py took 0.079 seconds
[2026-05-08T07:22:16.738+0000] {processor.py:186} INFO - Started process (PID=4924) to work on /opt/airflow/dags/lazada_dashboard_dag.py
[2026-05-08T07:22:16.739+0000] {processor.py:914} INFO - Processing file /opt/airflow/dags/lazada_dashboard_dag.py for tasks to queue
[2026-05-08T07:22:16.742+0000] {logging_mixin.py:190} INFO - [2026-05-08T07:22:16.741+0000] {dagbag.py:588} INFO - Filling up the DagBag from /opt/airflow/dags/lazada_dashboard_dag.py
[2026-05-08T07:22:16.759+0000] {processor.py:925} INFO - DAG(s) 'lazada_dashboard_pipeline' retrieved from /opt/airflow/dags/lazada_dashboard_dag.py
[2026-05-08T07:22:16.797+0000] {logging_mixin.py:190} INFO - [2026-05-08T07:22:16.797+0000] {dag.py:3239} INFO - Sync 1 DAGs
[2026-05-08T07:22:16.834+0000] {processor.py:208} INFO - Processing /opt/airflow/dags/lazada_dashboard_dag.py took 0.104 seconds
