[2026-05-08T06:51:16.249+0000] {local_task_job_runner.py:123} INFO - ::group::Pre task execution logs
[2026-05-08T06:51:16.280+0000] {taskinstance.py:2613} INFO - Dependencies all met for dep_context=non-requeueable deps ti=<TaskInstance: lazada_dashboard_pipeline.build_payload scheduled__2026-05-07T02:00:00+00:00 [queued]>
[2026-05-08T06:51:16.292+0000] {taskinstance.py:2613} INFO - Dependencies all met for dep_context=requeueable deps ti=<TaskInstance: lazada_dashboard_pipeline.build_payload scheduled__2026-05-07T02:00:00+00:00 [queued]>
[2026-05-08T06:51:16.294+0000] {taskinstance.py:2866} INFO - Starting attempt 1 of 2
[2026-05-08T06:51:16.310+0000] {taskinstance.py:2889} INFO - Executing <Task(PythonOperator): build_payload> on 2026-05-07 02:00:00+00:00
[2026-05-08T06:51:16.314+0000] {standard_task_runner.py:72} INFO - Started process 1708 to run task
[2026-05-08T06:51:16.322+0000] {standard_task_runner.py:104} INFO - Running: ['***', 'tasks', 'run', 'lazada_dashboard_pipeline', 'build_payload', 'scheduled__2026-05-07T02:00:00+00:00', '--job-id', '5', '--raw', '--subdir', 'DAGS_FOLDER/lazada_dashboard_dag.py', '--cfg-path', '/tmp/tmpdowhd128']
[2026-05-08T06:51:16.324+0000] {standard_task_runner.py:105} INFO - Job 5: Subtask build_payload
[2026-05-08T06:51:16.376+0000] {task_command.py:467} INFO - Running <TaskInstance: lazada_dashboard_pipeline.build_payload scheduled__2026-05-07T02:00:00+00:00 [running]> on host b77580192c62
[2026-05-08T06:51:16.518+0000] {taskinstance.py:3132} INFO - Exporting env vars: AIRFLOW_CTX_DAG_OWNER='lazada-dashboard' AIRFLOW_CTX_DAG_ID='lazada_dashboard_pipeline' AIRFLOW_CTX_TASK_ID='build_payload' AIRFLOW_CTX_EXECUTION_DATE='2026-05-07T02:00:00+00:00' AIRFLOW_CTX_TRY_NUMBER='1' AIRFLOW_CTX_DAG_RUN_ID='scheduled__2026-05-07T02:00:00+00:00'
[2026-05-08T06:51:16.521+0000] {taskinstance.py:731} INFO - ::endgroup::
[2026-05-08T06:51:19.391+0000] {logging_mixin.py:190} INFO - [pandas] Loading staged data from /opt/***/project/data/_staging/scheduled__2026-05-07T02_00_00+00_00
[2026-05-08T06:51:19.501+0000] {logging_mixin.py:190} INFO - [pandas] Building dashboard payload...
[2026-05-08T06:51:22.247+0000] {logging_mixin.py:190} INFO - [payload] Written staging payload -> /opt/***/project/data/_staging/scheduled__2026-05-07T02_00_00+00_00/payload.json
[2026-05-08T06:51:22.248+0000] {python.py:240} INFO - Done. Returned value was: /opt/***/project/data/_staging/scheduled__2026-05-07T02_00_00+00_00/payload.json
[2026-05-08T06:51:22.269+0000] {taskinstance.py:340} INFO - ::group::Post task execution logs
[2026-05-08T06:51:22.270+0000] {taskinstance.py:352} INFO - Marking task as SUCCESS. dag_id=lazada_dashboard_pipeline, task_id=build_payload, run_id=scheduled__2026-05-07T02:00:00+00:00, execution_date=20260507T020000, start_date=20260508T065116, end_date=20260508T065122
[2026-05-08T06:51:22.296+0000] {local_task_job_runner.py:266} INFO - Task exited with return code 0
[2026-05-08T06:51:22.312+0000] {taskinstance.py:3895} INFO - 1 downstream tasks scheduled from follow-on schedule check
[2026-05-08T06:51:22.315+0000] {local_task_job_runner.py:245} INFO - ::endgroup::
