[2026-05-08T06:35:33.697+0000] {local_task_job_runner.py:123} INFO - ::group::Pre task execution logs
[2026-05-08T06:35:33.711+0000] {taskinstance.py:2613} INFO - Dependencies all met for dep_context=non-requeueable deps ti=<TaskInstance: lazada_dashboard_pipeline.check_environment scheduled__2026-05-07T02:00:00+00:00 [queued]>
[2026-05-08T06:35:33.720+0000] {taskinstance.py:2613} INFO - Dependencies all met for dep_context=requeueable deps ti=<TaskInstance: lazada_dashboard_pipeline.check_environment scheduled__2026-05-07T02:00:00+00:00 [queued]>
[2026-05-08T06:35:33.721+0000] {taskinstance.py:2866} INFO - Starting attempt 1 of 2
[2026-05-08T06:35:33.734+0000] {taskinstance.py:2889} INFO - Executing <Task(PythonOperator): check_environment> on 2026-05-07 02:00:00+00:00
[2026-05-08T06:35:33.738+0000] {standard_task_runner.py:72} INFO - Started process 293 to run task
[2026-05-08T06:35:33.740+0000] {standard_task_runner.py:104} INFO - Running: ['***', 'tasks', 'run', 'lazada_dashboard_pipeline', 'check_environment', 'scheduled__2026-05-07T02:00:00+00:00', '--job-id', '2', '--raw', '--subdir', 'DAGS_FOLDER/lazada_dashboard_dag.py', '--cfg-path', '/tmp/tmpu3q6lmx3']
[2026-05-08T06:35:33.742+0000] {standard_task_runner.py:105} INFO - Job 2: Subtask check_environment
[2026-05-08T06:35:33.780+0000] {task_command.py:467} INFO - Running <TaskInstance: lazada_dashboard_pipeline.check_environment scheduled__2026-05-07T02:00:00+00:00 [running]> on host b77580192c62
[2026-05-08T06:35:33.849+0000] {taskinstance.py:3132} INFO - Exporting env vars: AIRFLOW_CTX_DAG_OWNER='lazada-dashboard' AIRFLOW_CTX_DAG_ID='lazada_dashboard_pipeline' AIRFLOW_CTX_TASK_ID='check_environment' AIRFLOW_CTX_EXECUTION_DATE='2026-05-07T02:00:00+00:00' AIRFLOW_CTX_TRY_NUMBER='1' AIRFLOW_CTX_DAG_RUN_ID='scheduled__2026-05-07T02:00:00+00:00'
[2026-05-08T06:35:33.850+0000] {taskinstance.py:731} INFO - ::endgroup::
[2026-05-08T06:35:33.869+0000] {logging_mixin.py:190} INFO - [check] PROJECT_DIR = /opt/***/project
[2026-05-08T06:35:33.869+0000] {logging_mixin.py:190} INFO - [check] STAGING_DIR = /opt/***/project/data/_staging
[2026-05-08T06:35:33.870+0000] {logging_mixin.py:190} INFO - [check] OUTPUT_PATH = /opt/***/project/data/analytics/dashboard_data.json
[2026-05-08T06:35:33.871+0000] {logging_mixin.py:190} INFO - [check] ROWS_PER_FILE = 25,000,000
[2026-05-08T06:35:34.373+0000] {logging_mixin.py:190} INFO - [check] Environment OK
[2026-05-08T06:35:34.373+0000] {python.py:240} INFO - Done. Returned value was: /opt/***/project
[2026-05-08T06:35:34.393+0000] {taskinstance.py:340} INFO - ::group::Post task execution logs
[2026-05-08T06:35:34.394+0000] {taskinstance.py:352} INFO - Marking task as SUCCESS. dag_id=lazada_dashboard_pipeline, task_id=check_environment, run_id=scheduled__2026-05-07T02:00:00+00:00, execution_date=20260507T020000, start_date=20260508T063533, end_date=20260508T063534
[2026-05-08T06:35:34.435+0000] {local_task_job_runner.py:266} INFO - Task exited with return code 0
[2026-05-08T06:35:34.458+0000] {taskinstance.py:3895} INFO - 1 downstream tasks scheduled from follow-on schedule check
[2026-05-08T06:35:34.463+0000] {local_task_job_runner.py:245} INFO - ::endgroup::
