[2026-05-08T06:30:48.430+0000] {manager.py:483} INFO - Processing files using up to 2 processes at a time 
[2026-05-08T06:30:48.431+0000] {manager.py:484} INFO - Process each file at most once every 30 seconds
[2026-05-08T06:30:48.431+0000] {manager.py:485} INFO - Checking for new files in /opt/airflow/dags every 300 seconds
[2026-05-08T06:30:48.432+0000] {manager.py:821} INFO - Searching for files in /opt/airflow/dags
[2026-05-08T06:30:48.448+0000] {manager.py:824} INFO - There are 1 files in /opt/airflow/dags
[2026-05-08T06:30:48.501+0000] {manager.py:997} INFO - 
================================================================================
DAG File Processing Stats

File Path                                    PID  Runtime      # DAGs    # Errors  Last Runtime    Last Run      Last # of DB Queries
-----------------------------------------  -----  ---------  --------  ----------  --------------  ----------  ----------------------
/opt/airflow/dags/lazada_dashboard_dag.py    182  0.01s             0           0                                                   0
================================================================================
[2026-05-08T06:31:18.775+0000] {manager.py:997} INFO - 
================================================================================
DAG File Processing Stats

File Path                                  PID    Runtime      # DAGs    # Errors  Last Runtime    Last Run               Last # of DB Queries
-----------------------------------------  -----  ---------  --------  ----------  --------------  -------------------  ----------------------
/opt/airflow/dags/lazada_dashboard_dag.py                           1           0  0.43s           2026-05-08T06:30:48                      45
================================================================================
[2026-05-08T06:31:49.464+0000] {manager.py:997} INFO - 
================================================================================
DAG File Processing Stats

File Path                                    PID  Runtime      # DAGs    # Errors  Last Runtime    Last Run               Last # of DB Queries
-----------------------------------------  -----  ---------  --------  ----------  --------------  -------------------  ----------------------
/opt/airflow/dags/lazada_dashboard_dag.py    210  0.00s             1           0  0.11s           2026-05-08T06:31:19                      12
================================================================================
[2026-05-08T06:32:19.791+0000] {manager.py:997} INFO - 
================================================================================
DAG File Processing Stats

File Path                                    PID  Runtime      # DAGs    # Errors  Last Runtime    Last Run               Last # of DB Queries
-----------------------------------------  -----  ---------  --------  ----------  --------------  -------------------  ----------------------
/opt/airflow/dags/lazada_dashboard_dag.py    221  0.00s             1           0  0.10s           2026-05-08T06:31:49                      12
================================================================================
[2026-05-08T06:32:50.005+0000] {manager.py:997} INFO - 
================================================================================
DAG File Processing Stats

File Path                                    PID  Runtime      # DAGs    # Errors  Last Runtime    Last Run               Last # of DB Queries
-----------------------------------------  -----  ---------  --------  ----------  --------------  -------------------  ----------------------
/opt/airflow/dags/lazada_dashboard_dag.py    232  0.00s             1           0  0.09s           2026-05-08T06:32:19                      12
================================================================================
[2026-05-08T06:33:20.210+0000] {manager.py:997} INFO - 
================================================================================
DAG File Processing Stats

File Path                                    PID  Runtime      # DAGs    # Errors  Last Runtime    Last Run               Last # of DB Queries
-----------------------------------------  -----  ---------  --------  ----------  --------------  -------------------  ----------------------
/opt/airflow/dags/lazada_dashboard_dag.py    243  0.00s             1           0  0.10s           2026-05-08T06:32:50                      12
================================================================================
[2026-05-08T06:33:50.553+0000] {manager.py:997} INFO - 
================================================================================
DAG File Processing Stats

File Path                                    PID  Runtime      # DAGs    # Errors  Last Runtime    Last Run               Last # of DB Queries
-----------------------------------------  -----  ---------  --------  ----------  --------------  -------------------  ----------------------
/opt/airflow/dags/lazada_dashboard_dag.py    254  0.00s             1           0  0.09s           2026-05-08T06:33:20                      12
================================================================================
[2026-05-08T06:34:20.860+0000] {manager.py:997} INFO - 
================================================================================
DAG File Processing Stats

File Path                                    PID  Runtime      # DAGs    # Errors  Last Runtime    Last Run               Last # of DB Queries
-----------------------------------------  -----  ---------  --------  ----------  --------------  -------------------  ----------------------
/opt/airflow/dags/lazada_dashboard_dag.py    265  0.00s             1           0  0.10s           2026-05-08T06:33:50                      12
================================================================================
[2026-05-08T06:34:51.105+0000] {manager.py:997} INFO - 
================================================================================
DAG File Processing Stats

File Path                                    PID  Runtime      # DAGs    # Errors  Last Runtime    Last Run               Last # of DB Queries
-----------------------------------------  -----  ---------  --------  ----------  --------------  -------------------  ----------------------
/opt/airflow/dags/lazada_dashboard_dag.py    276  0.00s             1           0  0.10s           2026-05-08T06:34:20                      12
================================================================================
[2026-05-08T06:35:21.382+0000] {manager.py:997} INFO - 
================================================================================
DAG File Processing Stats

File Path                                    PID  Runtime      # DAGs    # Errors  Last Runtime    Last Run               Last # of DB Queries
-----------------------------------------  -----  ---------  --------  ----------  --------------  -------------------  ----------------------
/opt/airflow/dags/lazada_dashboard_dag.py    287  0.00s             1           0  0.09s           2026-05-08T06:34:51                      12
================================================================================
[2026-05-08T06:35:48.563+0000] {manager.py:821} INFO - Searching for files in /opt/airflow/dags
[2026-05-08T06:35:48.593+0000] {manager.py:824} INFO - There are 1 files in /opt/airflow/dags
[2026-05-08T06:35:51.645+0000] {manager.py:997} INFO - 
================================================================================
DAG File Processing Stats

File Path                                    PID  Runtime      # DAGs    # Errors  Last Runtime    Last Run               Last # of DB Queries
-----------------------------------------  -----  ---------  --------  ----------  --------------  -------------------  ----------------------
/opt/airflow/dags/lazada_dashboard_dag.py    307  0.01s             1           0  0.09s           2026-05-08T06:35:21                      12
================================================================================
[2026-05-08T06:36:21.838+0000] {manager.py:997} INFO - 
================================================================================
DAG File Processing Stats

File Path                                    PID  Runtime      # DAGs    # Errors  Last Runtime    Last Run               Last # of DB Queries
-----------------------------------------  -----  ---------  --------  ----------  --------------  -------------------  ----------------------
/opt/airflow/dags/lazada_dashboard_dag.py    318  0.00s             1           0  0.11s           2026-05-08T06:35:51                      12
================================================================================
[2026-05-08T06:36:52.131+0000] {manager.py:997} INFO - 
================================================================================
DAG File Processing Stats

File Path                                    PID  Runtime      # DAGs    # Errors  Last Runtime    Last Run               Last # of DB Queries
-----------------------------------------  -----  ---------  --------  ----------  --------------  -------------------  ----------------------
/opt/airflow/dags/lazada_dashboard_dag.py    329  0.00s             1           0  0.10s           2026-05-08T06:36:21                      12
================================================================================
[2026-05-08T06:37:22.311+0000] {manager.py:997} INFO - 
================================================================================
DAG File Processing Stats

File Path                                    PID  Runtime      # DAGs    # Errors  Last Runtime    Last Run               Last # of DB Queries
-----------------------------------------  -----  ---------  --------  ----------  --------------  -------------------  ----------------------
/opt/airflow/dags/lazada_dashboard_dag.py    340  0.00s             1           0  0.08s           2026-05-08T06:36:52                      12
================================================================================
[2026-05-08T06:37:52.584+0000] {manager.py:997} INFO - 
================================================================================
DAG File Processing Stats

File Path                                    PID  Runtime      # DAGs    # Errors  Last Runtime    Last Run               Last # of DB Queries
-----------------------------------------  -----  ---------  --------  ----------  --------------  -------------------  ----------------------
/opt/airflow/dags/lazada_dashboard_dag.py    351  0.00s             1           0  0.09s           2026-05-08T06:37:22                      12
================================================================================
[2026-05-08T06:38:22.777+0000] {manager.py:997} INFO - 
================================================================================
DAG File Processing Stats

File Path                                  PID    Runtime      # DAGs    # Errors  Last Runtime    Last Run               Last # of DB Queries
-----------------------------------------  -----  ---------  --------  ----------  --------------  -------------------  ----------------------
/opt/airflow/dags/lazada_dashboard_dag.py                           1           0  0.22s           2026-05-08T06:37:52                      12
================================================================================
[2026-05-08T06:38:53.189+0000] {manager.py:997} INFO - 
================================================================================
DAG File Processing Stats

File Path                                    PID  Runtime      # DAGs    # Errors  Last Runtime    Last Run               Last # of DB Queries
-----------------------------------------  -----  ---------  --------  ----------  --------------  -------------------  ----------------------
/opt/airflow/dags/lazada_dashboard_dag.py    373  0.00s             1           0  0.11s           2026-05-08T06:38:23                      12
================================================================================
[2026-05-08T06:39:23.429+0000] {manager.py:997} INFO - 
================================================================================
DAG File Processing Stats

File Path                                    PID  Runtime      # DAGs    # Errors  Last Runtime    Last Run               Last # of DB Queries
-----------------------------------------  -----  ---------  --------  ----------  --------------  -------------------  ----------------------
/opt/airflow/dags/lazada_dashboard_dag.py    384  0.00s             1           0  0.10s           2026-05-08T06:38:53                      12
================================================================================
[2026-05-08T06:39:53.633+0000] {manager.py:997} INFO - 
================================================================================
DAG File Processing Stats

File Path                                    PID  Runtime      # DAGs    # Errors  Last Runtime    Last Run               Last # of DB Queries
-----------------------------------------  -----  ---------  --------  ----------  --------------  -------------------  ----------------------
/opt/airflow/dags/lazada_dashboard_dag.py    395  0.00s             1           0  0.11s           2026-05-08T06:39:23                      12
================================================================================
[2026-05-08T06:40:23.883+0000] {manager.py:997} INFO - 
================================================================================
DAG File Processing Stats

File Path                                    PID  Runtime      # DAGs    # Errors  Last Runtime    Last Run               Last # of DB Queries
-----------------------------------------  -----  ---------  --------  ----------  --------------  -------------------  ----------------------
/opt/airflow/dags/lazada_dashboard_dag.py    406  0.00s             1           0  0.12s           2026-05-08T06:39:53                      12
================================================================================
[2026-05-08T06:40:49.033+0000] {manager.py:821} INFO - Searching for files in /opt/airflow/dags
[2026-05-08T06:40:49.053+0000] {manager.py:824} INFO - There are 1 files in /opt/airflow/dags
[2026-05-08T06:40:54.092+0000] {manager.py:997} INFO - 
================================================================================
DAG File Processing Stats

File Path                                    PID  Runtime      # DAGs    # Errors  Last Runtime    Last Run               Last # of DB Queries
-----------------------------------------  -----  ---------  --------  ----------  --------------  -------------------  ----------------------
/opt/airflow/dags/lazada_dashboard_dag.py    417  0.00s             1           0  0.10s           2026-05-08T06:40:23                      12
================================================================================
[2026-05-08T06:41:24.323+0000] {manager.py:997} INFO - 
================================================================================
DAG File Processing Stats

File Path                                    PID  Runtime      # DAGs    # Errors  Last Runtime    Last Run               Last # of DB Queries
-----------------------------------------  -----  ---------  --------  ----------  --------------  -------------------  ----------------------
/opt/airflow/dags/lazada_dashboard_dag.py    428  0.00s             1           0  0.08s           2026-05-08T06:40:54                      12
================================================================================
[2026-05-08T06:41:54.535+0000] {manager.py:997} INFO - 
================================================================================
DAG File Processing Stats

File Path                                    PID  Runtime      # DAGs    # Errors  Last Runtime    Last Run               Last # of DB Queries
-----------------------------------------  -----  ---------  --------  ----------  --------------  -------------------  ----------------------
/opt/airflow/dags/lazada_dashboard_dag.py    439  0.00s             1           0  0.12s           2026-05-08T06:41:24                      12
================================================================================
[2026-05-08T06:42:24.820+0000] {manager.py:997} INFO - 
================================================================================
DAG File Processing Stats

File Path                                    PID  Runtime      # DAGs    # Errors  Last Runtime    Last Run               Last # of DB Queries
-----------------------------------------  -----  ---------  --------  ----------  --------------  -------------------  ----------------------
/opt/airflow/dags/lazada_dashboard_dag.py    450  0.00s             1           0  0.15s           2026-05-08T06:41:54                      12
================================================================================
[2026-05-08T06:42:55.030+0000] {manager.py:997} INFO - 
================================================================================
DAG File Processing Stats

File Path                                    PID  Runtime      # DAGs    # Errors  Last Runtime    Last Run               Last # of DB Queries
-----------------------------------------  -----  ---------  --------  ----------  --------------  -------------------  ----------------------
/opt/airflow/dags/lazada_dashboard_dag.py    461  0.00s             1           0  0.12s           2026-05-08T06:42:24                      12
================================================================================
[2026-05-08T06:43:25.315+0000] {manager.py:997} INFO - 
================================================================================
DAG File Processing Stats

File Path                                    PID  Runtime      # DAGs    # Errors  Last Runtime    Last Run               Last # of DB Queries
-----------------------------------------  -----  ---------  --------  ----------  --------------  -------------------  ----------------------
/opt/airflow/dags/lazada_dashboard_dag.py    472  0.00s             1           0  0.09s           2026-05-08T06:42:55                      12
================================================================================
[2026-05-08T06:43:55.527+0000] {manager.py:997} INFO - 
================================================================================
DAG File Processing Stats

File Path                                    PID  Runtime      # DAGs    # Errors  Last Runtime    Last Run               Last # of DB Queries
-----------------------------------------  -----  ---------  --------  ----------  --------------  -------------------  ----------------------
/opt/airflow/dags/lazada_dashboard_dag.py    483  0.00s             1           0  0.11s           2026-05-08T06:43:25                      12
================================================================================
[2026-05-08T06:44:25.753+0000] {manager.py:997} INFO - 
================================================================================
DAG File Processing Stats

File Path                                    PID  Runtime      # DAGs    # Errors  Last Runtime    Last Run               Last # of DB Queries
-----------------------------------------  -----  ---------  --------  ----------  --------------  -------------------  ----------------------
/opt/airflow/dags/lazada_dashboard_dag.py    494  0.00s             1           0  0.09s           2026-05-08T06:43:55                      12
================================================================================
[2026-05-08T06:44:55.955+0000] {manager.py:997} INFO - 
================================================================================
DAG File Processing Stats

File Path                                    PID  Runtime      # DAGs    # Errors  Last Runtime    Last Run               Last # of DB Queries
-----------------------------------------  -----  ---------  --------  ----------  --------------  -------------------  ----------------------
/opt/airflow/dags/lazada_dashboard_dag.py    505  0.00s             1           0  0.11s           2026-05-08T06:44:25                      12
================================================================================
[2026-05-08T06:45:26.584+0000] {manager.py:997} INFO - 
================================================================================
DAG File Processing Stats

File Path                                  PID    Runtime      # DAGs    # Errors  Last Runtime    Last Run               Last # of DB Queries
-----------------------------------------  -----  ---------  --------  ----------  --------------  -------------------  ----------------------
/opt/airflow/dags/lazada_dashboard_dag.py                           1           0  5.74s           2026-05-08T06:45:01                      12
================================================================================
[2026-05-08T06:45:49.047+0000] {manager.py:821} INFO - Searching for files in /opt/airflow/dags
[2026-05-08T06:45:49.074+0000] {manager.py:824} INFO - There are 1 files in /opt/airflow/dags
[2026-05-08T06:45:57.148+0000] {manager.py:997} INFO - 
================================================================================
DAG File Processing Stats

File Path                                  PID    Runtime      # DAGs    # Errors  Last Runtime    Last Run               Last # of DB Queries
-----------------------------------------  -----  ---------  --------  ----------  --------------  -------------------  ----------------------
/opt/airflow/dags/lazada_dashboard_dag.py                           1           0  5.44s           2026-05-08T06:45:37                      12
================================================================================
[2026-05-08T06:46:27.223+0000] {manager.py:997} INFO - 
================================================================================
DAG File Processing Stats

File Path                                  PID    Runtime      # DAGs    # Errors  Last Runtime    Last Run               Last # of DB Queries
-----------------------------------------  -----  ---------  --------  ----------  --------------  -------------------  ----------------------
/opt/airflow/dags/lazada_dashboard_dag.py                           1           0  12.57s          2026-05-08T06:46:20                      12
================================================================================
[2026-05-08T06:46:57.525+0000] {manager.py:997} INFO - 
================================================================================
DAG File Processing Stats

File Path                                  PID    Runtime      # DAGs    # Errors  Last Runtime    Last Run               Last # of DB Queries
-----------------------------------------  -----  ---------  --------  ----------  --------------  -------------------  ----------------------
/opt/airflow/dags/lazada_dashboard_dag.py                           1           0  0.57s           2026-05-08T06:46:51                      12
================================================================================
[2026-05-08T06:47:27.745+0000] {manager.py:997} INFO - 
================================================================================
DAG File Processing Stats

File Path                                  PID    Runtime      # DAGs    # Errors  Last Runtime    Last Run               Last # of DB Queries
-----------------------------------------  -----  ---------  --------  ----------  --------------  -------------------  ----------------------
/opt/airflow/dags/lazada_dashboard_dag.py                           1           0  5.68s           2026-05-08T06:47:26                      12
================================================================================
[2026-05-08T06:47:57.925+0000] {manager.py:997} INFO - 
================================================================================
DAG File Processing Stats

File Path                                  PID    Runtime      # DAGs    # Errors  Last Runtime    Last Run               Last # of DB Queries
-----------------------------------------  -----  ---------  --------  ----------  --------------  -------------------  ----------------------
/opt/airflow/dags/lazada_dashboard_dag.py                           1           0  0.78s           2026-05-08T06:47:57                      12
================================================================================
[2026-05-08T06:48:28.086+0000] {manager.py:997} INFO - 
================================================================================
DAG File Processing Stats

File Path                                    PID  Runtime      # DAGs    # Errors  Last Runtime    Last Run               Last # of DB Queries
-----------------------------------------  -----  ---------  --------  ----------  --------------  -------------------  ----------------------
/opt/airflow/dags/lazada_dashboard_dag.py    949  0.00s             1           0  0.78s           2026-05-08T06:47:57                      12
================================================================================
[2026-05-08T06:48:58.251+0000] {manager.py:997} INFO - 
================================================================================
DAG File Processing Stats

File Path                                    PID  Runtime      # DAGs    # Errors  Last Runtime    Last Run               Last # of DB Queries
-----------------------------------------  -----  ---------  --------  ----------  --------------  -------------------  ----------------------
/opt/airflow/dags/lazada_dashboard_dag.py   1060  0.00s             1           0  0.13s           2026-05-08T06:48:28                      12
================================================================================
[2026-05-08T06:49:28.507+0000] {manager.py:997} INFO - 
================================================================================
DAG File Processing Stats

File Path                                    PID  Runtime      # DAGs    # Errors  Last Runtime    Last Run               Last # of DB Queries
-----------------------------------------  -----  ---------  --------  ----------  --------------  -------------------  ----------------------
/opt/airflow/dags/lazada_dashboard_dag.py   1176  0.01s             1           0  0.13s           2026-05-08T06:48:58                      12
================================================================================
[2026-05-08T06:49:58.736+0000] {manager.py:997} INFO - 
================================================================================
DAG File Processing Stats

File Path                                    PID  Runtime      # DAGs    # Errors  Last Runtime    Last Run               Last # of DB Queries
-----------------------------------------  -----  ---------  --------  ----------  --------------  -------------------  ----------------------
/opt/airflow/dags/lazada_dashboard_dag.py   1363  0.00s             1           0  0.15s           2026-05-08T06:49:28                      12
================================================================================
[2026-05-08T06:50:28.808+0000] {manager.py:997} INFO - 
================================================================================
DAG File Processing Stats

File Path                                  PID    Runtime      # DAGs    # Errors  Last Runtime    Last Run               Last # of DB Queries
-----------------------------------------  -----  ---------  --------  ----------  --------------  -------------------  ----------------------
/opt/airflow/dags/lazada_dashboard_dag.py                           1           0  0.72s           2026-05-08T06:49:59                      12
================================================================================
[2026-05-08T06:50:49.415+0000] {manager.py:821} INFO - Searching for files in /opt/airflow/dags
[2026-05-08T06:50:49.436+0000] {manager.py:824} INFO - There are 1 files in /opt/airflow/dags
[2026-05-08T06:50:59.567+0000] {manager.py:997} INFO - 
================================================================================
DAG File Processing Stats

File Path                                  PID    Runtime      # DAGs    # Errors  Last Runtime    Last Run               Last # of DB Queries
-----------------------------------------  -----  ---------  --------  ----------  --------------  -------------------  ----------------------
/opt/airflow/dags/lazada_dashboard_dag.py                           1           0  0.52s           2026-05-08T06:50:30                      12
================================================================================
[2026-05-08T06:51:29.883+0000] {manager.py:997} INFO - 
================================================================================
DAG File Processing Stats

File Path                                  PID    Runtime      # DAGs    # Errors  Last Runtime    Last Run               Last # of DB Queries
-----------------------------------------  -----  ---------  --------  ----------  --------------  -------------------  ----------------------
/opt/airflow/dags/lazada_dashboard_dag.py                           1           0  1.44s           2026-05-08T06:51:02                      12
================================================================================
[2026-05-08T06:52:00.401+0000] {manager.py:997} INFO - 
================================================================================
DAG File Processing Stats

File Path                                  PID    Runtime      # DAGs    # Errors  Last Runtime    Last Run               Last # of DB Queries
-----------------------------------------  -----  ---------  --------  ----------  --------------  -------------------  ----------------------
/opt/airflow/dags/lazada_dashboard_dag.py                           1           0  0.12s           2026-05-08T06:51:32                      12
================================================================================
[2026-05-08T06:52:30.654+0000] {manager.py:997} INFO - 
================================================================================
DAG File Processing Stats

File Path                                  PID    Runtime      # DAGs    # Errors  Last Runtime    Last Run               Last # of DB Queries
-----------------------------------------  -----  ---------  --------  ----------  --------------  -------------------  ----------------------
/opt/airflow/dags/lazada_dashboard_dag.py                           1           0  0.35s           2026-05-08T06:52:02                      12
================================================================================
[2026-05-08T06:53:01.132+0000] {manager.py:997} INFO - 
================================================================================
DAG File Processing Stats

File Path                                  PID    Runtime      # DAGs    # Errors  Last Runtime    Last Run               Last # of DB Queries
-----------------------------------------  -----  ---------  --------  ----------  --------------  -------------------  ----------------------
/opt/airflow/dags/lazada_dashboard_dag.py                           1           0  0.12s           2026-05-08T06:52:33                      12
================================================================================
[2026-05-08T06:53:31.500+0000] {manager.py:997} INFO - 
================================================================================
DAG File Processing Stats

File Path                                  PID    Runtime      # DAGs    # Errors  Last Runtime    Last Run               Last # of DB Queries
-----------------------------------------  -----  ---------  --------  ----------  --------------  -------------------  ----------------------
/opt/airflow/dags/lazada_dashboard_dag.py                           1           0  0.27s           2026-05-08T06:53:03                      12
================================================================================
[2026-05-08T06:54:01.928+0000] {manager.py:997} INFO - 
================================================================================
DAG File Processing Stats

File Path                                  PID    Runtime      # DAGs    # Errors  Last Runtime    Last Run               Last # of DB Queries
-----------------------------------------  -----  ---------  --------  ----------  --------------  -------------------  ----------------------
/opt/airflow/dags/lazada_dashboard_dag.py                           1           0  0.12s           2026-05-08T06:53:33                      12
================================================================================
[2026-05-08T06:54:32.172+0000] {manager.py:997} INFO - 
================================================================================
DAG File Processing Stats

File Path                                  PID    Runtime      # DAGs    # Errors  Last Runtime    Last Run               Last # of DB Queries
-----------------------------------------  -----  ---------  --------  ----------  --------------  -------------------  ----------------------
/opt/airflow/dags/lazada_dashboard_dag.py                           1           0  0.10s           2026-05-08T06:54:04                      12
================================================================================
[2026-05-08T06:55:02.335+0000] {manager.py:997} INFO - 
================================================================================
DAG File Processing Stats

File Path                                  PID    Runtime      # DAGs    # Errors  Last Runtime    Last Run               Last # of DB Queries
-----------------------------------------  -----  ---------  --------  ----------  --------------  -------------------  ----------------------
/opt/airflow/dags/lazada_dashboard_dag.py                           1           0  0.11s           2026-05-08T06:54:34                      12
================================================================================
[2026-05-08T06:55:32.535+0000] {manager.py:997} INFO - 
================================================================================
DAG File Processing Stats

File Path                                  PID    Runtime      # DAGs    # Errors  Last Runtime    Last Run               Last # of DB Queries
-----------------------------------------  -----  ---------  --------  ----------  --------------  -------------------  ----------------------
/opt/airflow/dags/lazada_dashboard_dag.py                           1           0  0.11s           2026-05-08T06:55:04                      12
================================================================================
[2026-05-08T06:55:49.700+0000] {manager.py:821} INFO - Searching for files in /opt/airflow/dags
[2026-05-08T06:55:49.724+0000] {manager.py:824} INFO - There are 1 files in /opt/airflow/dags
[2026-05-08T06:56:02.911+0000] {manager.py:997} INFO - 
================================================================================
DAG File Processing Stats

File Path                                  PID    Runtime      # DAGs    # Errors  Last Runtime    Last Run               Last # of DB Queries
-----------------------------------------  -----  ---------  --------  ----------  --------------  -------------------  ----------------------
/opt/airflow/dags/lazada_dashboard_dag.py                           1           0  0.10s           2026-05-08T06:55:34                      12
================================================================================
[2026-05-08T06:56:32.995+0000] {manager.py:997} INFO - 
================================================================================
DAG File Processing Stats

File Path                                  PID    Runtime      # DAGs    # Errors  Last Runtime    Last Run               Last # of DB Queries
-----------------------------------------  -----  ---------  --------  ----------  --------------  -------------------  ----------------------
/opt/airflow/dags/lazada_dashboard_dag.py                           1           0  3.86s           2026-05-08T06:56:08                      12
================================================================================
[2026-05-08T06:57:03.335+0000] {manager.py:997} INFO - 
================================================================================
DAG File Processing Stats

File Path                                  PID    Runtime      # DAGs    # Errors  Last Runtime    Last Run               Last # of DB Queries
-----------------------------------------  -----  ---------  --------  ----------  --------------  -------------------  ----------------------
/opt/airflow/dags/lazada_dashboard_dag.py                           1           0  0.14s           2026-05-08T06:56:39                      12
================================================================================
[2026-05-08T06:57:33.597+0000] {manager.py:997} INFO - 
================================================================================
DAG File Processing Stats

File Path                                  PID    Runtime      # DAGs    # Errors  Last Runtime    Last Run               Last # of DB Queries
-----------------------------------------  -----  ---------  --------  ----------  --------------  -------------------  ----------------------
/opt/airflow/dags/lazada_dashboard_dag.py                           1           0  0.11s           2026-05-08T06:57:09                      12
================================================================================
[2026-05-08T06:58:03.974+0000] {manager.py:997} INFO - 
================================================================================
DAG File Processing Stats

File Path                                  PID    Runtime      # DAGs    # Errors  Last Runtime    Last Run               Last # of DB Queries
-----------------------------------------  -----  ---------  --------  ----------  --------------  -------------------  ----------------------
/opt/airflow/dags/lazada_dashboard_dag.py                           1           0  0.12s           2026-05-08T06:57:39                      12
================================================================================
[2026-05-08T06:58:34.306+0000] {manager.py:997} INFO - 
================================================================================
DAG File Processing Stats

File Path                                  PID    Runtime      # DAGs    # Errors  Last Runtime    Last Run               Last # of DB Queries
-----------------------------------------  -----  ---------  --------  ----------  --------------  -------------------  ----------------------
/opt/airflow/dags/lazada_dashboard_dag.py                           1           0  0.11s           2026-05-08T06:58:10                      12
================================================================================
[2026-05-08T06:59:04.688+0000] {manager.py:997} INFO - 
================================================================================
DAG File Processing Stats

File Path                                  PID    Runtime      # DAGs    # Errors  Last Runtime    Last Run               Last # of DB Queries
-----------------------------------------  -----  ---------  --------  ----------  --------------  -------------------  ----------------------
/opt/airflow/dags/lazada_dashboard_dag.py                           1           0  0.12s           2026-05-08T06:58:40                      12
================================================================================
[2026-05-08T06:59:34.940+0000] {manager.py:997} INFO - 
================================================================================
DAG File Processing Stats

File Path                                  PID    Runtime      # DAGs    # Errors  Last Runtime    Last Run               Last # of DB Queries
-----------------------------------------  -----  ---------  --------  ----------  --------------  -------------------  ----------------------
/opt/airflow/dags/lazada_dashboard_dag.py                           1           0  0.12s           2026-05-08T06:59:10                      12
================================================================================
[2026-05-08T07:00:05.369+0000] {manager.py:997} INFO - 
================================================================================
DAG File Processing Stats

File Path                                  PID    Runtime      # DAGs    # Errors  Last Runtime    Last Run               Last # of DB Queries
-----------------------------------------  -----  ---------  --------  ----------  --------------  -------------------  ----------------------
/opt/airflow/dags/lazada_dashboard_dag.py                           1           0  0.12s           2026-05-08T06:59:41                      12
================================================================================
[2026-05-08T07:00:35.679+0000] {manager.py:997} INFO - 
================================================================================
DAG File Processing Stats

File Path                                  PID    Runtime      # DAGs    # Errors  Last Runtime    Last Run               Last # of DB Queries
-----------------------------------------  -----  ---------  --------  ----------  --------------  -------------------  ----------------------
/opt/airflow/dags/lazada_dashboard_dag.py                           1           0  0.11s           2026-05-08T07:00:11                      12
================================================================================
[2026-05-08T07:00:49.849+0000] {manager.py:821} INFO - Searching for files in /opt/airflow/dags
[2026-05-08T07:00:49.872+0000] {manager.py:824} INFO - There are 1 files in /opt/airflow/dags
[2026-05-08T07:01:06.091+0000] {manager.py:997} INFO - 
================================================================================
DAG File Processing Stats

File Path                                  PID    Runtime      # DAGs    # Errors  Last Runtime    Last Run               Last # of DB Queries
-----------------------------------------  -----  ---------  --------  ----------  --------------  -------------------  ----------------------
/opt/airflow/dags/lazada_dashboard_dag.py                           1           0  0.10s           2026-05-08T07:00:41                      12
================================================================================
[2026-05-08T07:01:36.282+0000] {manager.py:997} INFO - 
================================================================================
DAG File Processing Stats

File Path                                  PID    Runtime      # DAGs    # Errors  Last Runtime    Last Run               Last # of DB Queries
-----------------------------------------  -----  ---------  --------  ----------  --------------  -------------------  ----------------------
/opt/airflow/dags/lazada_dashboard_dag.py                           1           0  0.11s           2026-05-08T07:01:12                      12
================================================================================
[2026-05-08T07:02:06.618+0000] {manager.py:997} INFO - 
================================================================================
DAG File Processing Stats

File Path                                  PID    Runtime      # DAGs    # Errors  Last Runtime    Last Run               Last # of DB Queries
-----------------------------------------  -----  ---------  --------  ----------  --------------  -------------------  ----------------------
/opt/airflow/dags/lazada_dashboard_dag.py                           1           0  1.51s           2026-05-08T07:01:43                      12
================================================================================
[2026-05-08T07:02:36.774+0000] {manager.py:997} INFO - 
================================================================================
DAG File Processing Stats

File Path                                  PID    Runtime      # DAGs    # Errors  Last Runtime    Last Run               Last # of DB Queries
-----------------------------------------  -----  ---------  --------  ----------  --------------  -------------------  ----------------------
/opt/airflow/dags/lazada_dashboard_dag.py                           1           0  16.59s          2026-05-08T07:02:34                      12
================================================================================
[2026-05-08T07:03:06.978+0000] {manager.py:997} INFO - 
================================================================================
DAG File Processing Stats

File Path                                  PID    Runtime      # DAGs    # Errors  Last Runtime    Last Run               Last # of DB Queries
-----------------------------------------  -----  ---------  --------  ----------  --------------  -------------------  ----------------------
/opt/airflow/dags/lazada_dashboard_dag.py                           1           0  0.41s           2026-05-08T07:03:05                      12
================================================================================
[2026-05-08T07:03:37.027+0000] {manager.py:997} INFO - 
================================================================================
DAG File Processing Stats

File Path                                  PID    Runtime      # DAGs    # Errors  Last Runtime    Last Run               Last # of DB Queries
-----------------------------------------  -----  ---------  --------  ----------  --------------  -------------------  ----------------------
/opt/airflow/dags/lazada_dashboard_dag.py                           1           0  0.74s           2026-05-08T07:03:36                      12
================================================================================
[2026-05-08T07:04:07.525+0000] {manager.py:997} INFO - 
================================================================================
DAG File Processing Stats

File Path                                  PID    Runtime      # DAGs    # Errors  Last Runtime    Last Run               Last # of DB Queries
-----------------------------------------  -----  ---------  --------  ----------  --------------  -------------------  ----------------------
/opt/airflow/dags/lazada_dashboard_dag.py                           1           0  0.47s           2026-05-08T07:04:06                      12
================================================================================
[2026-05-08T07:04:38.041+0000] {manager.py:997} INFO - 
================================================================================
DAG File Processing Stats

File Path                                    PID  Runtime      # DAGs    # Errors  Last Runtime    Last Run               Last # of DB Queries
-----------------------------------------  -----  ---------  --------  ----------  --------------  -------------------  ----------------------
/opt/airflow/dags/lazada_dashboard_dag.py   3092  0.00s             1           0  0.47s           2026-05-08T07:04:06                      12
================================================================================
[2026-05-08T07:05:08.257+0000] {manager.py:997} INFO - 
================================================================================
DAG File Processing Stats

File Path                                  PID    Runtime      # DAGs    # Errors  Last Runtime    Last Run               Last # of DB Queries
-----------------------------------------  -----  ---------  --------  ----------  --------------  -------------------  ----------------------
/opt/airflow/dags/lazada_dashboard_dag.py                           1           0  2.18s           2026-05-08T07:04:40                      12
================================================================================
[2026-05-08T07:05:38.594+0000] {manager.py:997} INFO - 
================================================================================
DAG File Processing Stats

File Path                                  PID    Runtime      # DAGs    # Errors  Last Runtime    Last Run               Last # of DB Queries
-----------------------------------------  -----  ---------  --------  ----------  --------------  -------------------  ----------------------
/opt/airflow/dags/lazada_dashboard_dag.py                           1           0  0.31s           2026-05-08T07:05:10                      12
================================================================================
[2026-05-08T07:05:49.900+0000] {manager.py:821} INFO - Searching for files in /opt/airflow/dags
[2026-05-08T07:05:49.921+0000] {manager.py:824} INFO - There are 1 files in /opt/airflow/dags
[2026-05-08T07:06:08.901+0000] {manager.py:997} INFO - 
================================================================================
DAG File Processing Stats

File Path                                  PID    Runtime      # DAGs    # Errors  Last Runtime    Last Run               Last # of DB Queries
-----------------------------------------  -----  ---------  --------  ----------  --------------  -------------------  ----------------------
/opt/airflow/dags/lazada_dashboard_dag.py                           1           0  0.23s           2026-05-08T07:05:40                      12
================================================================================
[2026-05-08T07:06:39.210+0000] {manager.py:997} INFO - 
================================================================================
DAG File Processing Stats

File Path                                  PID    Runtime      # DAGs    # Errors  Last Runtime    Last Run               Last # of DB Queries
-----------------------------------------  -----  ---------  --------  ----------  --------------  -------------------  ----------------------
/opt/airflow/dags/lazada_dashboard_dag.py                           1           0  0.60s           2026-05-08T07:06:11                      12
================================================================================
[2026-05-08T07:07:09.808+0000] {manager.py:997} INFO - 
================================================================================
DAG File Processing Stats

File Path                                  PID    Runtime      # DAGs    # Errors  Last Runtime    Last Run               Last # of DB Queries
-----------------------------------------  -----  ---------  --------  ----------  --------------  -------------------  ----------------------
/opt/airflow/dags/lazada_dashboard_dag.py                           1           0  0.12s           2026-05-08T07:06:41                      12
================================================================================
[2026-05-08T07:07:40.083+0000] {manager.py:997} INFO - 
================================================================================
DAG File Processing Stats

File Path                                  PID    Runtime      # DAGs    # Errors  Last Runtime    Last Run               Last # of DB Queries
-----------------------------------------  -----  ---------  --------  ----------  --------------  -------------------  ----------------------
/opt/airflow/dags/lazada_dashboard_dag.py                           1           0  1.56s           2026-05-08T07:07:13                      12
================================================================================
[2026-05-08T07:08:10.772+0000] {manager.py:997} INFO - 
================================================================================
DAG File Processing Stats

File Path                                  PID    Runtime      # DAGs    # Errors  Last Runtime    Last Run               Last # of DB Queries
-----------------------------------------  -----  ---------  --------  ----------  --------------  -------------------  ----------------------
/opt/airflow/dags/lazada_dashboard_dag.py                           1           0  0.19s           2026-05-08T07:07:43                      12
================================================================================
[2026-05-08T07:08:41.097+0000] {manager.py:997} INFO - 
================================================================================
DAG File Processing Stats

File Path                                  PID    Runtime      # DAGs    # Errors  Last Runtime    Last Run               Last # of DB Queries
-----------------------------------------  -----  ---------  --------  ----------  --------------  -------------------  ----------------------
/opt/airflow/dags/lazada_dashboard_dag.py                           1           0  0.13s           2026-05-08T07:08:14                      12
================================================================================
[2026-05-08T07:09:11.516+0000] {manager.py:997} INFO - 
================================================================================
DAG File Processing Stats

File Path                                  PID    Runtime      # DAGs    # Errors  Last Runtime    Last Run               Last # of DB Queries
-----------------------------------------  -----  ---------  --------  ----------  --------------  -------------------  ----------------------
/opt/airflow/dags/lazada_dashboard_dag.py                           1           0  1.14s           2026-05-08T07:08:45                      12
================================================================================
[2026-05-08T07:09:41.524+0000] {manager.py:997} INFO - 
================================================================================
DAG File Processing Stats

File Path                                  PID    Runtime      # DAGs    # Errors  Last Runtime    Last Run               Last # of DB Queries
-----------------------------------------  -----  ---------  --------  ----------  --------------  -------------------  ----------------------
/opt/airflow/dags/lazada_dashboard_dag.py                           1           0  4.90s           2026-05-08T07:09:20                      12
================================================================================
[2026-05-08T07:10:11.907+0000] {manager.py:997} INFO - 
================================================================================
DAG File Processing Stats

File Path                                  PID    Runtime      # DAGs    # Errors  Last Runtime    Last Run               Last # of DB Queries
-----------------------------------------  -----  ---------  --------  ----------  --------------  -------------------  ----------------------
/opt/airflow/dags/lazada_dashboard_dag.py                           1           0  1.31s           2026-05-08T07:09:52                      12
================================================================================
[2026-05-08T07:10:42.398+0000] {manager.py:997} INFO - 
================================================================================
DAG File Processing Stats

File Path                                  PID    Runtime      # DAGs    # Errors  Last Runtime    Last Run               Last # of DB Queries
-----------------------------------------  -----  ---------  --------  ----------  --------------  -------------------  ----------------------
/opt/airflow/dags/lazada_dashboard_dag.py                           1           0  3.32s           2026-05-08T07:10:25                      12
================================================================================
[2026-05-08T07:10:50.470+0000] {manager.py:821} INFO - Searching for files in /opt/airflow/dags
[2026-05-08T07:10:50.514+0000] {manager.py:824} INFO - There are 1 files in /opt/airflow/dags
[2026-05-08T07:11:12.972+0000] {manager.py:997} INFO - 
================================================================================
DAG File Processing Stats

File Path                                  PID    Runtime      # DAGs    # Errors  Last Runtime    Last Run               Last # of DB Queries
-----------------------------------------  -----  ---------  --------  ----------  --------------  -------------------  ----------------------
/opt/airflow/dags/lazada_dashboard_dag.py                           1           0  2.12s           2026-05-08T07:10:57                      12
================================================================================
[2026-05-08T07:11:43.237+0000] {manager.py:997} INFO - 
================================================================================
DAG File Processing Stats

File Path                                  PID    Runtime      # DAGs    # Errors  Last Runtime    Last Run               Last # of DB Queries
-----------------------------------------  -----  ---------  --------  ----------  --------------  -------------------  ----------------------
/opt/airflow/dags/lazada_dashboard_dag.py                           1           0  0.19s           2026-05-08T07:11:28                      12
================================================================================
[2026-05-08T07:12:13.585+0000] {manager.py:997} INFO - 
================================================================================
DAG File Processing Stats

File Path                                  PID    Runtime      # DAGs    # Errors  Last Runtime    Last Run               Last # of DB Queries
-----------------------------------------  -----  ---------  --------  ----------  --------------  -------------------  ----------------------
/opt/airflow/dags/lazada_dashboard_dag.py                           1           0  0.09s           2026-05-08T07:11:58                      12
================================================================================
[2026-05-08T07:12:43.854+0000] {manager.py:997} INFO - 
================================================================================
DAG File Processing Stats

File Path                                  PID    Runtime      # DAGs    # Errors  Last Runtime    Last Run               Last # of DB Queries
-----------------------------------------  -----  ---------  --------  ----------  --------------  -------------------  ----------------------
/opt/airflow/dags/lazada_dashboard_dag.py                           1           0  0.13s           2026-05-08T07:12:28                      12
================================================================================
[2026-05-08T07:13:14.099+0000] {manager.py:997} INFO - 
================================================================================
DAG File Processing Stats

File Path                                  PID    Runtime      # DAGs    # Errors  Last Runtime    Last Run               Last # of DB Queries
-----------------------------------------  -----  ---------  --------  ----------  --------------  -------------------  ----------------------
/opt/airflow/dags/lazada_dashboard_dag.py                           1           0  0.10s           2026-05-08T07:12:59                      12
================================================================================
[2026-05-08T07:13:44.379+0000] {manager.py:997} INFO - 
================================================================================
DAG File Processing Stats

File Path                                  PID    Runtime      # DAGs    # Errors  Last Runtime    Last Run               Last # of DB Queries
-----------------------------------------  -----  ---------  --------  ----------  --------------  -------------------  ----------------------
/opt/airflow/dags/lazada_dashboard_dag.py                           1           0  0.11s           2026-05-08T07:13:29                      12
================================================================================
[2026-05-08T07:14:14.483+0000] {manager.py:997} INFO - 
================================================================================
DAG File Processing Stats

File Path                                  PID    Runtime      # DAGs    # Errors  Last Runtime    Last Run               Last # of DB Queries
-----------------------------------------  -----  ---------  --------  ----------  --------------  -------------------  ----------------------
/opt/airflow/dags/lazada_dashboard_dag.py                           1           0  1.66s           2026-05-08T07:14:02                      12
================================================================================
[2026-05-08T07:14:44.783+0000] {manager.py:997} INFO - 
================================================================================
DAG File Processing Stats

File Path                                  PID    Runtime      # DAGs    # Errors  Last Runtime    Last Run               Last # of DB Queries
-----------------------------------------  -----  ---------  --------  ----------  --------------  -------------------  ----------------------
/opt/airflow/dags/lazada_dashboard_dag.py                           1           0  10.83s          2026-05-08T07:14:43                      12
================================================================================
[2026-05-08T07:15:14.907+0000] {manager.py:997} INFO - 
================================================================================
DAG File Processing Stats

File Path                                    PID  Runtime      # DAGs    # Errors  Last Runtime    Last Run               Last # of DB Queries
-----------------------------------------  -----  ---------  --------  ----------  --------------  -------------------  ----------------------
/opt/airflow/dags/lazada_dashboard_dag.py   4033  1.26s             1           0  10.83s          2026-05-08T07:14:43                      12
================================================================================
[2026-05-08T07:15:45.249+0000] {manager.py:997} INFO - 
================================================================================
DAG File Processing Stats

File Path                                    PID  Runtime      # DAGs    # Errors  Last Runtime    Last Run               Last # of DB Queries
-----------------------------------------  -----  ---------  --------  ----------  --------------  -------------------  ----------------------
/opt/airflow/dags/lazada_dashboard_dag.py   4059  0.03s             1           0  1.28s           2026-05-08T07:15:14                      12
================================================================================
[2026-05-08T07:15:51.331+0000] {manager.py:821} INFO - Searching for files in /opt/airflow/dags
[2026-05-08T07:15:51.372+0000] {manager.py:824} INFO - There are 1 files in /opt/airflow/dags
[2026-05-08T07:16:15.716+0000] {manager.py:997} INFO - 
================================================================================
DAG File Processing Stats

File Path                                  PID    Runtime      # DAGs    # Errors  Last Runtime    Last Run               Last # of DB Queries
-----------------------------------------  -----  ---------  --------  ----------  --------------  -------------------  ----------------------
/opt/airflow/dags/lazada_dashboard_dag.py                           1           0  21.45s          2026-05-08T07:16:06                      12
================================================================================
[2026-05-08T07:16:45.930+0000] {manager.py:997} INFO - 
================================================================================
DAG File Processing Stats

File Path                                  PID    Runtime      # DAGs    # Errors  Last Runtime    Last Run               Last # of DB Queries
-----------------------------------------  -----  ---------  --------  ----------  --------------  -------------------  ----------------------
/opt/airflow/dags/lazada_dashboard_dag.py                           1           0  0.14s           2026-05-08T07:16:37                      12
================================================================================
[2026-05-08T07:17:16.204+0000] {manager.py:997} INFO - 
================================================================================
DAG File Processing Stats

File Path                                  PID    Runtime      # DAGs    # Errors  Last Runtime    Last Run               Last # of DB Queries
-----------------------------------------  -----  ---------  --------  ----------  --------------  -------------------  ----------------------
/opt/airflow/dags/lazada_dashboard_dag.py                           1           0  0.11s           2026-05-08T07:17:07                      12
================================================================================
[2026-05-08T07:17:46.386+0000] {manager.py:997} INFO - 
================================================================================
DAG File Processing Stats

File Path                                  PID    Runtime      # DAGs    # Errors  Last Runtime    Last Run               Last # of DB Queries
-----------------------------------------  -----  ---------  --------  ----------  --------------  -------------------  ----------------------
/opt/airflow/dags/lazada_dashboard_dag.py                           1           0  0.14s           2026-05-08T07:17:37                      12
================================================================================
[2026-05-08T07:18:16.653+0000] {manager.py:997} INFO - 
================================================================================
DAG File Processing Stats

File Path                                  PID    Runtime      # DAGs    # Errors  Last Runtime    Last Run               Last # of DB Queries
-----------------------------------------  -----  ---------  --------  ----------  --------------  -------------------  ----------------------
/opt/airflow/dags/lazada_dashboard_dag.py                           1           0  0.09s           2026-05-08T07:18:07                      12
================================================================================
[2026-05-08T07:20:14.815+0000] {manager.py:997} INFO - 
================================================================================
DAG File Processing Stats

File Path                                    PID  Runtime      # DAGs    # Errors  Last Runtime    Last Run               Last # of DB Queries
-----------------------------------------  -----  ---------  --------  ----------  --------------  -------------------  ----------------------
/opt/airflow/dags/lazada_dashboard_dag.py   4680  96.95s            1           0  0.09s           2026-05-08T07:18:07                      12
================================================================================
[2026-05-08T07:20:14.834+0000] {manager.py:1366} ERROR - Processor for /opt/airflow/dags/lazada_dashboard_dag.py with PID 4680 started at 2026-05-08T07:18:37.865387+00:00 has timed out, killing it.
[2026-05-08T07:20:45.052+0000] {manager.py:997} INFO - 
================================================================================
DAG File Processing Stats

File Path                                    PID  Runtime      # DAGs    # Errors  Last Runtime    Last Run               Last # of DB Queries
-----------------------------------------  -----  ---------  --------  ----------  --------------  -------------------  ----------------------
/opt/airflow/dags/lazada_dashboard_dag.py   4689  0.00s             0           1  96.97s          2026-05-08T07:20:14                       0
================================================================================
[2026-05-08T07:20:51.904+0000] {manager.py:821} INFO - Searching for files in /opt/airflow/dags
[2026-05-08T07:20:51.939+0000] {manager.py:824} INFO - There are 1 files in /opt/airflow/dags
[2026-05-08T07:21:15.196+0000] {manager.py:997} INFO - 
================================================================================
DAG File Processing Stats

File Path                                  PID    Runtime      # DAGs    # Errors  Last Runtime    Last Run               Last # of DB Queries
-----------------------------------------  -----  ---------  --------  ----------  --------------  -------------------  ----------------------
/opt/airflow/dags/lazada_dashboard_dag.py                           1           0  0.80s           2026-05-08T07:20:45                      12
================================================================================
[2026-05-08T07:21:45.446+0000] {manager.py:997} INFO - 
================================================================================
DAG File Processing Stats

File Path                                  PID    Runtime      # DAGs    # Errors  Last Runtime    Last Run               Last # of DB Queries
-----------------------------------------  -----  ---------  --------  ----------  --------------  -------------------  ----------------------
/opt/airflow/dags/lazada_dashboard_dag.py                           1           0  0.12s           2026-05-08T07:21:16                      12
================================================================================
[2026-05-08T07:22:15.693+0000] {manager.py:997} INFO - 
================================================================================
DAG File Processing Stats

File Path                                  PID    Runtime      # DAGs    # Errors  Last Runtime    Last Run               Last # of DB Queries
-----------------------------------------  -----  ---------  --------  ----------  --------------  -------------------  ----------------------
/opt/airflow/dags/lazada_dashboard_dag.py                           1           0  0.10s           2026-05-08T07:21:46                      12
================================================================================
