[2026-05-08T07:13:41.756+0000] {local_task_job_runner.py:123} INFO - ::group::Pre task execution logs
[2026-05-08T07:13:41.770+0000] {taskinstance.py:2613} INFO - Dependencies all met for dep_context=non-requeueable deps ti=<TaskInstance: lazada_dashboard_pipeline.check_environment manual__2026-05-08T07:13:39.901325+00:00 [queued]>
[2026-05-08T07:13:41.776+0000] {taskinstance.py:2613} INFO - Dependencies all met for dep_context=requeueable deps ti=<TaskInstance: lazada_dashboard_pipeline.check_environment manual__2026-05-08T07:13:39.901325+00:00 [queued]>
[2026-05-08T07:13:41.777+0000] {taskinstance.py:2866} INFO - Starting attempt 1 of 2
[2026-05-08T07:13:41.787+0000] {taskinstance.py:2889} INFO - Executing <Task(PythonOperator): check_environment> on 2026-05-08 07:13:39.901325+00:00
[2026-05-08T07:13:41.790+0000] {standard_task_runner.py:72} INFO - Started process 3803 to run task
[2026-05-08T07:13:41.792+0000] {standard_task_runner.py:104} INFO - Running: ['***', 'tasks', 'run', 'lazada_dashboard_pipeline', 'check_environment', 'manual__2026-05-08T07:13:39.901325+00:00', '--job-id', '14', '--raw', '--subdir', 'DAGS_FOLDER/lazada_dashboard_dag.py', '--cfg-path', '/tmp/tmpdyfo4rna']
[2026-05-08T07:13:41.793+0000] {standard_task_runner.py:105} INFO - Job 14: Subtask check_environment
[2026-05-08T07:13:41.845+0000] {task_command.py:467} INFO - Running <TaskInstance: lazada_dashboard_pipeline.check_environment manual__2026-05-08T07:13:39.901325+00:00 [running]> on host b77580192c62
[2026-05-08T07:13:41.909+0000] {taskinstance.py:3132} INFO - Exporting env vars: AIRFLOW_CTX_DAG_OWNER='lazada-dashboard' AIRFLOW_CTX_DAG_ID='lazada_dashboard_pipeline' AIRFLOW_CTX_TASK_ID='check_environment' AIRFLOW_CTX_EXECUTION_DATE='2026-05-08T07:13:39.901325+00:00' AIRFLOW_CTX_TRY_NUMBER='1' AIRFLOW_CTX_DAG_RUN_ID='manual__2026-05-08T07:13:39.901325+00:00'
[2026-05-08T07:13:41.910+0000] {taskinstance.py:731} INFO - ::endgroup::
[2026-05-08T07:13:41.929+0000] {logging_mixin.py:190} INFO - [check] PROJECT_DIR = /opt/***/project
[2026-05-08T07:13:41.929+0000] {logging_mixin.py:190} INFO - [check] STAGING_DIR = /opt/***/project/data/_staging
[2026-05-08T07:13:41.930+0000] {logging_mixin.py:190} INFO - [check] OUTPUT_PATH = /opt/***/project/data/analytics/dashboard_data.json
[2026-05-08T07:13:41.930+0000] {logging_mixin.py:190} INFO - [check] ROWS_PER_FILE = 25,000,000
[2026-05-08T07:13:44.604+0000] {logging_mixin.py:190} INFO - [check] Environment OK
[2026-05-08T07:13:44.604+0000] {python.py:240} INFO - Done. Returned value was: /opt/***/project
[2026-05-08T07:13:44.627+0000] {taskinstance.py:340} INFO - ::group::Post task execution logs
[2026-05-08T07:13:44.628+0000] {taskinstance.py:352} INFO - Marking task as SUCCESS. dag_id=lazada_dashboard_pipeline, task_id=check_environment, run_id=manual__2026-05-08T07:13:39.901325+00:00, execution_date=20260508T071339, start_date=20260508T071341, end_date=20260508T071344
[2026-05-08T07:13:44.665+0000] {local_task_job_runner.py:266} INFO - Task exited with return code 0
[2026-05-08T07:13:44.686+0000] {taskinstance.py:3895} INFO - 1 downstream tasks scheduled from follow-on schedule check
[2026-05-08T07:13:44.691+0000] {local_task_job_runner.py:245} INFO - ::endgroup::
