[2026-05-08T06:51:32.102+0000] {local_task_job_runner.py:123} INFO - ::group::Pre task execution logs
[2026-05-08T06:51:32.115+0000] {taskinstance.py:2613} INFO - Dependencies all met for dep_context=non-requeueable deps ti=<TaskInstance: lazada_dashboard_pipeline.run_spark_aggregations manual__2026-05-08T06:35:33.233697+00:00 [queued]>
[2026-05-08T06:51:32.122+0000] {taskinstance.py:2613} INFO - Dependencies all met for dep_context=requeueable deps ti=<TaskInstance: lazada_dashboard_pipeline.run_spark_aggregations manual__2026-05-08T06:35:33.233697+00:00 [queued]>
[2026-05-08T06:51:32.124+0000] {taskinstance.py:2866} INFO - Starting attempt 1 of 2
[2026-05-08T06:51:32.134+0000] {taskinstance.py:2889} INFO - Executing <Task(PythonOperator): run_spark_aggregations> on 2026-05-08 06:35:33.233697+00:00
[2026-05-08T06:51:32.138+0000] {standard_task_runner.py:72} INFO - Started process 1745 to run task
[2026-05-08T06:51:32.140+0000] {standard_task_runner.py:104} INFO - Running: ['***', 'tasks', 'run', 'lazada_dashboard_pipeline', 'run_spark_aggregations', 'manual__2026-05-08T06:35:33.233697+00:00', '--job-id', '11', '--raw', '--subdir', 'DAGS_FOLDER/lazada_dashboard_dag.py', '--cfg-path', '/tmp/tmpllexf23f']
[2026-05-08T06:51:32.142+0000] {standard_task_runner.py:105} INFO - Job 11: Subtask run_spark_aggregations
[2026-05-08T06:51:32.181+0000] {task_command.py:467} INFO - Running <TaskInstance: lazada_dashboard_pipeline.run_spark_aggregations manual__2026-05-08T06:35:33.233697+00:00 [running]> on host b77580192c62
[2026-05-08T06:51:32.283+0000] {taskinstance.py:3132} INFO - Exporting env vars: AIRFLOW_CTX_DAG_OWNER='lazada-dashboard' AIRFLOW_CTX_DAG_ID='lazada_dashboard_pipeline' AIRFLOW_CTX_TASK_ID='run_spark_aggregations' AIRFLOW_CTX_EXECUTION_DATE='2026-05-08T06:35:33.233697+00:00' AIRFLOW_CTX_TRY_NUMBER='1' AIRFLOW_CTX_DAG_RUN_ID='manual__2026-05-08T06:35:33.233697+00:00'
[2026-05-08T06:51:32.285+0000] {taskinstance.py:731} INFO - ::endgroup::
[2026-05-08T06:51:37.911+0000] {logging_mixin.py:190} INFO - [bench] [1/3] Reading CSV with Spark (csv_paths=['/home/***/.cache/kagglehub/datasets/mkechinov/ecommerce-behavior-data-from-multi-category-store/versions/8/2019-Oct.csv', '/home/***/.cache/kagglehub/datasets/mkechinov/ecommerce-behavior-data-from-multi-category-store/versions/8/2019-Nov.csv']) ...
[2026-05-08T06:52:32.973+0000] {logging_mixin.py:190} INFO - [bench]      CSV read     → 50,000,000 rows in 55.06s
[2026-05-08T06:52:32.979+0000] {logging_mixin.py:190} INFO - [bench] [2/3] Writing Parquet (batch size = 500,000 rows / file) ...
[2026-05-08T06:55:36.104+0000] {logging_mixin.py:190} INFO - [bench]      Parquet write → 100 file(s), 183.17s (≈ 500,000 rows / file)
[2026-05-08T06:55:36.105+0000] {logging_mixin.py:190} INFO - [bench] [3/3] Reading Parquet back ...
[2026-05-08T06:55:38.188+0000] {logging_mixin.py:190} INFO - [bench]      Parquet read → 50,000,000 rows in 2.08s
[2026-05-08T06:55:38.193+0000] {logging_mixin.py:190} INFO - [bench] DONE | CSV 55.06s vs Parquet 2.08s → PARQUET faster ×26.44
[2026-05-08T06:55:38.194+0000] {logging_mixin.py:190} INFO - [spark] Cleaning + feature engineering...
[2026-05-08T06:55:38.414+0000] {logging_mixin.py:190} INFO - [spark] Funnel events...
[2026-05-08T06:56:28.342+0000] {logging_mixin.py:190} WARNING - /home/***/.local/lib/python3.11/site-packages/pyspark/sql/pandas/conversion.py:184 UserWarning: toPandas attempted Arrow optimization because 'spark.sql.execution.arrow.pyspark.enabled' is set to true, but has reached the error below and can not continue. Note that 'spark.sql.execution.arrow.pyspark.fallback.enabled' does not have an effect on failures in the middle of computation.
  An error occurred while calling o101.getResult.
: org.apache.spark.SparkException: Exception thrown in awaitResult: 
        at org.apache.spark.util.SparkThreadUtils$.awaitResult(SparkThreadUtils.scala:53)
        at org.apache.spark.util.ThreadUtils$.awaitResult(ThreadUtils.scala:359)
        at org.apache.spark.security.SocketAuthServer.getResult(SocketAuthServer.scala:126)
        at org.apache.spark.security.SocketAuthServer.getResult(SocketAuthServer.scala:122)
        at java.base/jdk.internal.reflect.NativeMethodAccessorImpl.invoke0(Native Method)
        at java.base/jdk.internal.reflect.NativeMethodAccessorImpl.invoke(NativeMethodAccessorImpl.java:77)
        at java.base/jdk.internal.reflect.DelegatingMethodAccessorImpl.invoke(DelegatingMethodAccessorImpl.java:43)
        at java.base/java.lang.reflect.Method.invoke(Method.java:569)
        at py4j.reflection.MethodInvoker.invoke(MethodInvoker.java:244)
        at py4j.reflection.ReflectionEngine.invoke(ReflectionEngine.java:374)
        at py4j.Gateway.invoke(Gateway.java:282)
        at py4j.commands.AbstractCommand.invokeMethod(AbstractCommand.java:132)
        at py4j.commands.CallCommand.execute(CallCommand.java:79)
        at py4j.ClientServerConnection.waitForCommands(ClientServerConnection.java:184)
        at py4j.ClientServerConnection.run(ClientServerConnection.java:108)
        at java.base/java.lang.Thread.run(Thread.java:840)
Caused by: org.apache.spark.SparkException: Job aborted due to stage failure: Task 10 in stage 13.0 failed 1 times, most recent failure: Lost task 10.0 in stage 13.0 (TID 379) (b77580192c62 executor driver): org.apache.spark.memory.SparkOutOfMemoryError: [UNABLE_TO_ACQUIRE_MEMORY] Unable to acquire 262144 bytes of memory, got 175145. SQLSTATE: 53200
        at org.apache.spark.errors.SparkCoreErrors$.outOfMemoryError(SparkCoreErrors.scala:456)
        at org.apache.spark.errors.SparkCoreErrors.outOfMemoryError(SparkCoreErrors.scala)
        at org.apache.spark.memory.MemoryConsumer.throwOom(MemoryConsumer.java:157)
        at org.apache.spark.memory.MemoryConsumer.allocateArray(MemoryConsumer.java:98)
        at org.apache.spark.unsafe.map.BytesToBytesMap.allocate(BytesToBytesMap.java:868)
        at org.apache.spark.unsafe.map.BytesToBytesMap.<init>(BytesToBytesMap.java:202)
        at org.apache.spark.unsafe.map.BytesToBytesMap.<init>(BytesToBytesMap.java:209)
        at org.apache.spark.sql.execution.UnsafeFixedWidthAggregationMap.<init>(UnsafeFixedWidthAggregationMap.java:96)
        at org.apache.spark.sql.execution.aggregate.HashAggregateExec.createHashMap(HashAggregateExec.scala:173)
        at org.apache.spark.sql.catalyst.expressions.GeneratedClass$GeneratedIteratorForCodegenStage1.processNext(Unknown Source)
        at org.apache.spark.sql.execution.BufferedRowIterator.hasNext(BufferedRowIterator.java:43)
        at org.apache.spark.sql.execution.WholeStageCodegenEvaluatorFactory$WholeStageCodegenPartitionEvaluator$$anon$1.hasNext(WholeStageCodegenEvaluatorFactory.scala:50)
        at scala.collection.Iterator$$anon$9.hasNext(Iterator.scala:593)
        at org.apache.spark.shuffle.sort.BypassMergeSortShuffleWriter.write(BypassMergeSortShuffleWriter.java:153)
        at org.apache.spark.shuffle.ShuffleWriteProcessor.write(ShuffleWriteProcessor.scala:57)
        at org.apache.spark.scheduler.ShuffleMapTask.runTask(ShuffleMapTask.scala:111)
        at org.apache.spark.scheduler.ShuffleMapTask.runTask(ShuffleMapTask.scala:54)
        at org.apache.spark.TaskContext.runTaskWithListeners(TaskContext.scala:180)
        at org.apache.spark.scheduler.Task.run(Task.scala:147)
        at org.apache.spark.executor.Executor$TaskRunner.$anonfun$run$5(Executor.scala:716)
        at org.apache.spark.util.SparkErrorUtils.tryWithSafeFinally(SparkErrorUtils.scala:86)
        at org.apache.spark.util.SparkErrorUtils.tryWithSafeFinally$(SparkErrorUtils.scala:83)
        at org.apache.spark.util.Utils$.tryWithSafeFinally(Utils.scala:97)
        at org.apache.spark.executor.Executor$TaskRunner.run(Executor.scala:719)
        at java.base/java.util.concurrent.ThreadPoolExecutor.runWorker(ThreadPoolExecutor.java:1136)
        at java.base/java.util.concurrent.ThreadPoolExecutor$Worker.run(ThreadPoolExecutor.java:635)
        at java.base/java.lang.Thread.run(Thread.java:840)

Driver stacktrace:
        at org.apache.spark.scheduler.DAGScheduler.$anonfun$abortStage$3(DAGScheduler.scala:3122)
        at scala.Option.getOrElse(Option.scala:201)
        at org.apache.spark.scheduler.DAGScheduler.$anonfun$abortStage$2(DAGScheduler.scala:3122)
        at org.apache.spark.scheduler.DAGScheduler.$anonfun$abortStage$2$adapted(DAGScheduler.scala:3114)
        at scala.collection.immutable.List.foreach(List.scala:323)
        at org.apache.spark.scheduler.DAGScheduler.abortStage(DAGScheduler.scala:3114)
        at org.apache.spark.scheduler.DAGScheduler.$anonfun$handleTaskSetFailed$1(DAGScheduler.scala:1303)
        at org.apache.spark.scheduler.DAGScheduler.$anonfun$handleTaskSetFailed$1$adapted(DAGScheduler.scala:1303)
        at scala.Option.foreach(Option.scala:437)
        at org.apache.spark.scheduler.DAGScheduler.handleTaskSetFailed(DAGScheduler.scala:1303)
        at org.apache.spark.scheduler.DAGSchedulerEventProcessLoop.doOnReceive(DAGScheduler.scala:3397)
        at org.apache.spark.scheduler.DAGSchedulerEventProcessLoop.onReceive(DAGScheduler.scala:3328)
        at org.apache.spark.scheduler.DAGSchedulerEventProcessLoop.onReceive(DAGScheduler.scala:3317)
        at org.apache.spark.util.EventLoop$$anon$1.run(EventLoop.scala:50)
        at org.apache.spark.util.Utils$.getTryWithCallerStacktrace(Utils.scala:1453)
        at org.apache.spark.util.LazyTry.get(LazyTry.scala:58)
        at org.apache.spark.sql.execution.SparkPlan.$anonfun$execute$1(SparkPlan.scala:201)
        at org.apache.spark.sql.execution.SparkPlan.$anonfun$executeQuery$1(SparkPlan.scala:260)
        at org.apache.spark.rdd.RDDOperationScope$.withScope(RDDOperationScope.scala:151)
        at org.apache.spark.sql.execution.SparkPlan.executeQuery(SparkPlan.scala:257)
        at org.apache.spark.sql.execution.SparkPlan.execute(SparkPlan.scala:197)
        at org.apache.spark.sql.classic.Dataset.toArrowBatchRdd(Dataset.scala:2351)
        at org.apache.spark.sql.classic.Dataset.$anonfun$collectAsArrowToPython$5(Dataset.scala:2204)
        at scala.runtime.java8.JFunction0$mcV$sp.apply(JFunction0$mcV$sp.scala:18)
        at org.apache.spark.util.SparkErrorUtils.tryWithSafeFinally(SparkErrorUtils.scala:86)
        at org.apache.spark.util.SparkErrorUtils.tryWithSafeFinally$(SparkErrorUtils.scala:83)
        at org.apache.spark.util.Utils$.tryWithSafeFinally(Utils.scala:97)
        at org.apache.spark.sql.classic.Dataset.$anonfun$collectAsArrowToPython$2(Dataset.scala:2209)
        at org.apache.spark.sql.classic.Dataset.$anonfun$collectAsArrowToPython$2$adapted(Dataset.scala:2184)
        at org.apache.spark.sql.classic.Dataset.$anonfun$withAction$2(Dataset.scala:2265)
        at org.apache.spark.sql.execution.QueryExecution$.withInternalError(QueryExecution.scala:717)
        at org.apache.spark.sql.classic.Dataset.$anonfun$withAction$1(Dataset.scala:2263)
        at org.apache.spark.sql.execution.SQLExecution$.$anonfun$withNewExecutionId0$8(SQLExecution.scala:177)
        at org.apache.spark.sql.execution.SQLExecution$.withSessionTagsApplied(SQLExecution.scala:285)
        at org.apache.spark.sql.execution.SQLExecution$.$anonfun$withNewExecutionId0$7(SQLExecution.scala:139)
        at org.apache.spark.JobArtifactSet$.withActiveJobArtifactState(JobArtifactSet.scala:94)
        at org.apache.spark.sql.artifact.ArtifactManager.$anonfun$withResources$1(ArtifactManager.scala:112)
        at org.apache.spark.sql.artifact.ArtifactManager.withClassLoaderIfNeeded(ArtifactManager.scala:106)
        at org.apache.spark.sql.artifact.ArtifactManager.withResources(ArtifactManager.scala:111)
        at org.apache.spark.sql.execution.SQLExecution$.$anonfun$withNewExecutionId0$6(SQLExecution.scala:139)
        at org.apache.spark.sql.execution.SQLExecution$.withSQLConfPropagated(SQLExecution.scala:308)
        at org.apache.spark.sql.execution.SQLExecution$.$anonfun$withNewExecutionId0$1(SQLExecution.scala:138)
        at org.apache.spark.sql.SparkSession.withActive(SparkSession.scala:804)
        at org.apache.spark.sql.execution.SQLExecution$.withNewExecutionId0(SQLExecution.scala:92)
        at org.apache.spark.sql.execution.SQLExecution$.withNewExecutionId(SQLExecution.scala:250)
        at org.apache.spark.sql.classic.Dataset.withAction(Dataset.scala:2263)
        at org.apache.spark.sql.classic.Dataset.$anonfun$collectAsArrowToPython$1(Dataset.scala:2184)
        at org.apache.spark.sql.classic.Dataset.$anonfun$collectAsArrowToPython$1$adapted(Dataset.scala:2183)
        at org.apache.spark.security.SocketAuthServer$.$anonfun$serveToStream$2(SocketAuthServer.scala:168)
        at scala.runtime.java8.JFunction0$mcV$sp.apply(JFunction0$mcV$sp.scala:18)
        at org.apache.spark.util.SparkErrorUtils.tryWithSafeFinally(SparkErrorUtils.scala:86)
        at org.apache.spark.util.SparkErrorUtils.tryWithSafeFinally$(SparkErrorUtils.scala:83)
        at org.apache.spark.util.Utils$.tryWithSafeFinally(Utils.scala:97)
        at org.apache.spark.security.SocketAuthServer$.$anonfun$serveToStream$1(SocketAuthServer.scala:170)
        at org.apache.spark.security.SocketAuthServer$.$anonfun$serveToStream$1$adapted(SocketAuthServer.scala:165)
        at org.apache.spark.security.SocketFuncServer.handleConnection(SocketAuthServer.scala:142)
        at org.apache.spark.security.SocketFuncServer.handleConnection(SocketAuthServer.scala:136)
        at org.apache.spark.security.SocketAuthServer$$anon$1.$anonfun$run$5(SocketAuthServer.scala:91)
        at scala.util.Try$.apply(Try.scala:217)
        at org.apache.spark.security.SocketAuthServer$$anon$1.run(SocketAuthServer.scala:91)
        Suppressed: org.apache.spark.util.Utils$OriginalTryStackTraceException: Full stacktrace of original doTryWithCallerStacktrace caller
                at org.apache.spark.scheduler.DAGScheduler.$anonfun$abortStage$3(DAGScheduler.scala:3122)
                at scala.Option.getOrElse(Option.scala:201)
                at org.apache.spark.scheduler.DAGScheduler.$anonfun$abortStage$2(DAGScheduler.scala:3122)
                at org.apache.spark.scheduler.DAGScheduler.$anonfun$abortStage$2$adapted(DAGScheduler.scala:3114)
                at scala.collection.immutable.List.foreach(List.scala:323)
                at org.apache.spark.scheduler.DAGScheduler.abortStage(DAGScheduler.scala:3114)
                at org.apache.spark.scheduler.DAGScheduler.$anonfun$handleTaskSetFailed$1(DAGScheduler.scala:1303)
                at org.apache.spark.scheduler.DAGScheduler.$anonfun$handleTaskSetFailed$1$adapted(DAGScheduler.scala:1303)
                at scala.Option.foreach(Option.scala:437)
                at org.apache.spark.scheduler.DAGScheduler.handleTaskSetFailed(DAGScheduler.scala:1303)
                at org.apache.spark.scheduler.DAGSchedulerEventProcessLoop.doOnReceive(DAGScheduler.scala:3397)
                at org.apache.spark.scheduler.DAGSchedulerEventProcessLoop.onReceive(DAGScheduler.scala:3328)
                at org.apache.spark.scheduler.DAGSchedulerEventProcessLoop.onReceive(DAGScheduler.scala:3317)
                at org.apache.spark.util.EventLoop$$anon$1.run(EventLoop.scala:50)
Caused by: org.apache.spark.memory.SparkOutOfMemoryError: [UNABLE_TO_ACQUIRE_MEMORY] Unable to acquire 262144 bytes of memory, got 175145. SQLSTATE: 53200
        at org.apache.spark.errors.SparkCoreErrors$.outOfMemoryError(SparkCoreErrors.scala:456)
        at org.apache.spark.errors.SparkCoreErrors.outOfMemoryError(SparkCoreErrors.scala)
        at org.apache.spark.memory.MemoryConsumer.throwOom(MemoryConsumer.java:157)
        at org.apache.spark.memory.MemoryConsumer.allocateArray(MemoryConsumer.java:98)
        at org.apache.spark.unsafe.map.BytesToBytesMap.allocate(BytesToBytesMap.java:868)
        at org.apache.spark.unsafe.map.BytesToBytesMap.<init>(BytesToBytesMap.java:202)
        at org.apache.spark.unsafe.map.BytesToBytesMap.<init>(BytesToBytesMap.java:209)
        at org.apache.spark.sql.execution.UnsafeFixedWidthAggregationMap.<init>(UnsafeFixedWidthAggregationMap.java:96)
        at org.apache.spark.sql.execution.aggregate.HashAggregateExec.createHashMap(HashAggregateExec.scala:173)
        at org.apache.spark.sql.catalyst.expressions.GeneratedClass$GeneratedIteratorForCodegenStage1.processNext(Unknown Source)
        at org.apache.spark.sql.execution.BufferedRowIterator.hasNext(BufferedRowIterator.java:43)
        at org.apache.spark.sql.execution.WholeStageCodegenEvaluatorFactory$WholeStageCodegenPartitionEvaluator$$anon$1.hasNext(WholeStageCodegenEvaluatorFactory.scala:50)
        at scala.collection.Iterator$$anon$9.hasNext(Iterator.scala:593)
        at org.apache.spark.shuffle.sort.BypassMergeSortShuffleWriter.write(BypassMergeSortShuffleWriter.java:153)
        at org.apache.spark.shuffle.ShuffleWriteProcessor.write(ShuffleWriteProcessor.scala:57)
        at org.apache.spark.scheduler.ShuffleMapTask.runTask(ShuffleMapTask.scala:111)
        at org.apache.spark.scheduler.ShuffleMapTask.runTask(ShuffleMapTask.scala:54)
        at org.apache.spark.TaskContext.runTaskWithListeners(TaskContext.scala:180)
        at org.apache.spark.scheduler.Task.run(Task.scala:147)
        at org.apache.spark.executor.Executor$TaskRunner.$anonfun$run$5(Executor.scala:716)
        at org.apache.spark.util.SparkErrorUtils.tryWithSafeFinally(SparkErrorUtils.scala:86)
        at org.apache.spark.util.SparkErrorUtils.tryWithSafeFinally$(SparkErrorUtils.scala:83)
        at org.apache.spark.util.Utils$.tryWithSafeFinally(Utils.scala:97)
        at org.apache.spark.executor.Executor$TaskRunner.run(Executor.scala:719)
        at java.base/java.util.concurrent.ThreadPoolExecutor.runWorker(ThreadPoolExecutor.java:1136)
        at java.base/java.util.concurrent.ThreadPoolExecutor$Worker.run(ThreadPoolExecutor.java:635)
        at java.base/java.lang.Thread.run(Thread.java:840)
[2026-05-08T06:56:28.821+0000] {taskinstance.py:3311} ERROR - Task failed with exception
Traceback (most recent call last):
  File "/home/airflow/.local/lib/python3.11/site-packages/airflow/models/taskinstance.py", line 762, in _execute_task
    result = _execute_callable(context=context, **execute_callable_kwargs)
             ^^^^^^^^^^^^^^^^^^^^^^^^^^^^^^^^^^^^^^^^^^^^^^^^^^^^^^^^^^^^^
  File "/home/airflow/.local/lib/python3.11/site-packages/airflow/models/taskinstance.py", line 733, in _execute_callable
    return ExecutionCallableRunner(
           ^^^^^^^^^^^^^^^^^^^^^^^^
  File "/home/airflow/.local/lib/python3.11/site-packages/airflow/utils/operator_helpers.py", line 252, in run
    return self.func(*args, **kwargs)
           ^^^^^^^^^^^^^^^^^^^^^^^^^^
  File "/home/airflow/.local/lib/python3.11/site-packages/airflow/models/baseoperator.py", line 417, in wrapper
    return func(self, *args, **kwargs)
           ^^^^^^^^^^^^^^^^^^^^^^^^^^^
  File "/home/airflow/.local/lib/python3.11/site-packages/airflow/operators/python.py", line 238, in execute
    return_value = self.execute_callable()
                   ^^^^^^^^^^^^^^^^^^^^^^^
  File "/home/airflow/.local/lib/python3.11/site-packages/airflow/operators/python.py", line 256, in execute_callable
    return runner.run(*self.op_args, **self.op_kwargs)
           ^^^^^^^^^^^^^^^^^^^^^^^^^^^^^^^^^^^^^^^^^^^
  File "/home/airflow/.local/lib/python3.11/site-packages/airflow/utils/operator_helpers.py", line 252, in run
    return self.func(*args, **kwargs)
           ^^^^^^^^^^^^^^^^^^^^^^^^^^
  File "/opt/airflow/dags/lazada_dashboard_dag.py", line 98, in _run_spark_aggregations
    staging = run_spark_aggregations(
              ^^^^^^^^^^^^^^^^^^^^^^^
  File "/opt/airflow/project/data/build_kaggle_spark.py", line 236, in run_spark_aggregations
    events_count_df = df.groupBy("event_type").count().toPandas()
                      ^^^^^^^^^^^^^^^^^^^^^^^^^^^^^^^^^^^^^^^^^^^
  File "/home/airflow/.local/lib/python3.11/site-packages/pyspark/sql/classic/dataframe.py", line 1816, in toPandas
    return PandasConversionMixin.toPandas(self)
           ^^^^^^^^^^^^^^^^^^^^^^^^^^^^^^^^^^^^
  File "/home/airflow/.local/lib/python3.11/site-packages/pyspark/sql/pandas/conversion.py", line 114, in toPandas
    batches = self._collect_as_arrow(split_batches=self_destruct)
              ^^^^^^^^^^^^^^^^^^^^^^^^^^^^^^^^^^^^^^^^^^^^^^^^^^^
  File "/home/airflow/.local/lib/python3.11/site-packages/pyspark/sql/pandas/conversion.py", line 308, in _collect_as_arrow
    jsocket_auth_server.getResult()
  File "/home/airflow/.local/lib/python3.11/site-packages/py4j/java_gateway.py", line 1362, in __call__
    return_value = get_return_value(
                   ^^^^^^^^^^^^^^^^^
  File "/home/airflow/.local/lib/python3.11/site-packages/pyspark/errors/exceptions/captured.py", line 263, in deco
    return f(*a, **kw)
           ^^^^^^^^^^^
  File "/home/airflow/.local/lib/python3.11/site-packages/py4j/protocol.py", line 327, in get_return_value
    raise Py4JJavaError(
py4j.protocol.Py4JJavaError: An error occurred while calling o101.getResult.
: org.apache.spark.SparkException: Exception thrown in awaitResult: 
	at org.apache.spark.util.SparkThreadUtils$.awaitResult(SparkThreadUtils.scala:53)
	at org.apache.spark.util.ThreadUtils$.awaitResult(ThreadUtils.scala:359)
	at org.apache.spark.security.SocketAuthServer.getResult(SocketAuthServer.scala:126)
	at org.apache.spark.security.SocketAuthServer.getResult(SocketAuthServer.scala:122)
	at java.base/jdk.internal.reflect.NativeMethodAccessorImpl.invoke0(Native Method)
	at java.base/jdk.internal.reflect.NativeMethodAccessorImpl.invoke(NativeMethodAccessorImpl.java:77)
	at java.base/jdk.internal.reflect.DelegatingMethodAccessorImpl.invoke(DelegatingMethodAccessorImpl.java:43)
	at java.base/java.lang.reflect.Method.invoke(Method.java:569)
	at py4j.reflection.MethodInvoker.invoke(MethodInvoker.java:244)
	at py4j.reflection.ReflectionEngine.invoke(ReflectionEngine.java:374)
	at py4j.Gateway.invoke(Gateway.java:282)
	at py4j.commands.AbstractCommand.invokeMethod(AbstractCommand.java:132)
	at py4j.commands.CallCommand.execute(CallCommand.java:79)
	at py4j.ClientServerConnection.waitForCommands(ClientServerConnection.java:184)
	at py4j.ClientServerConnection.run(ClientServerConnection.java:108)
	at java.base/java.lang.Thread.run(Thread.java:840)
Caused by: org.apache.spark.SparkException: Job aborted due to stage failure: Task 10 in stage 13.0 failed 1 times, most recent failure: Lost task 10.0 in stage 13.0 (TID 379) (b77580192c62 executor driver): org.apache.spark.memory.SparkOutOfMemoryError: [UNABLE_TO_ACQUIRE_MEMORY] Unable to acquire 262144 bytes of memory, got 175145. SQLSTATE: 53200
	at org.apache.spark.errors.SparkCoreErrors$.outOfMemoryError(SparkCoreErrors.scala:456)
	at org.apache.spark.errors.SparkCoreErrors.outOfMemoryError(SparkCoreErrors.scala)
	at org.apache.spark.memory.MemoryConsumer.throwOom(MemoryConsumer.java:157)
	at org.apache.spark.memory.MemoryConsumer.allocateArray(MemoryConsumer.java:98)
	at org.apache.spark.unsafe.map.BytesToBytesMap.allocate(BytesToBytesMap.java:868)
	at org.apache.spark.unsafe.map.BytesToBytesMap.<init>(BytesToBytesMap.java:202)
	at org.apache.spark.unsafe.map.BytesToBytesMap.<init>(BytesToBytesMap.java:209)
	at org.apache.spark.sql.execution.UnsafeFixedWidthAggregationMap.<init>(UnsafeFixedWidthAggregationMap.java:96)
	at org.apache.spark.sql.execution.aggregate.HashAggregateExec.createHashMap(HashAggregateExec.scala:173)
	at org.apache.spark.sql.catalyst.expressions.GeneratedClass$GeneratedIteratorForCodegenStage1.processNext(Unknown Source)
	at org.apache.spark.sql.execution.BufferedRowIterator.hasNext(BufferedRowIterator.java:43)
	at org.apache.spark.sql.execution.WholeStageCodegenEvaluatorFactory$WholeStageCodegenPartitionEvaluator$$anon$1.hasNext(WholeStageCodegenEvaluatorFactory.scala:50)
	at scala.collection.Iterator$$anon$9.hasNext(Iterator.scala:593)
	at org.apache.spark.shuffle.sort.BypassMergeSortShuffleWriter.write(BypassMergeSortShuffleWriter.java:153)
	at org.apache.spark.shuffle.ShuffleWriteProcessor.write(ShuffleWriteProcessor.scala:57)
	at org.apache.spark.scheduler.ShuffleMapTask.runTask(ShuffleMapTask.scala:111)
	at org.apache.spark.scheduler.ShuffleMapTask.runTask(ShuffleMapTask.scala:54)
	at org.apache.spark.TaskContext.runTaskWithListeners(TaskContext.scala:180)
	at org.apache.spark.scheduler.Task.run(Task.scala:147)
	at org.apache.spark.executor.Executor$TaskRunner.$anonfun$run$5(Executor.scala:716)
	at org.apache.spark.util.SparkErrorUtils.tryWithSafeFinally(SparkErrorUtils.scala:86)
	at org.apache.spark.util.SparkErrorUtils.tryWithSafeFinally$(SparkErrorUtils.scala:83)
	at org.apache.spark.util.Utils$.tryWithSafeFinally(Utils.scala:97)
	at org.apache.spark.executor.Executor$TaskRunner.run(Executor.scala:719)
	at java.base/java.util.concurrent.ThreadPoolExecutor.runWorker(ThreadPoolExecutor.java:1136)
	at java.base/java.util.concurrent.ThreadPoolExecutor$Worker.run(ThreadPoolExecutor.java:635)
	at java.base/java.lang.Thread.run(Thread.java:840)

Driver stacktrace:
	at org.apache.spark.scheduler.DAGScheduler.$anonfun$abortStage$3(DAGScheduler.scala:3122)
	at scala.Option.getOrElse(Option.scala:201)
	at org.apache.spark.scheduler.DAGScheduler.$anonfun$abortStage$2(DAGScheduler.scala:3122)
	at org.apache.spark.scheduler.DAGScheduler.$anonfun$abortStage$2$adapted(DAGScheduler.scala:3114)
	at scala.collection.immutable.List.foreach(List.scala:323)
	at org.apache.spark.scheduler.DAGScheduler.abortStage(DAGScheduler.scala:3114)
	at org.apache.spark.scheduler.DAGScheduler.$anonfun$handleTaskSetFailed$1(DAGScheduler.scala:1303)
	at org.apache.spark.scheduler.DAGScheduler.$anonfun$handleTaskSetFailed$1$adapted(DAGScheduler.scala:1303)
	at scala.Option.foreach(Option.scala:437)
	at org.apache.spark.scheduler.DAGScheduler.handleTaskSetFailed(DAGScheduler.scala:1303)
	at org.apache.spark.scheduler.DAGSchedulerEventProcessLoop.doOnReceive(DAGScheduler.scala:3397)
	at org.apache.spark.scheduler.DAGSchedulerEventProcessLoop.onReceive(DAGScheduler.scala:3328)
	at org.apache.spark.scheduler.DAGSchedulerEventProcessLoop.onReceive(DAGScheduler.scala:3317)
	at org.apache.spark.util.EventLoop$$anon$1.run(EventLoop.scala:50)
	at org.apache.spark.util.Utils$.getTryWithCallerStacktrace(Utils.scala:1453)
	at org.apache.spark.util.LazyTry.get(LazyTry.scala:58)
	at org.apache.spark.sql.execution.SparkPlan.$anonfun$execute$1(SparkPlan.scala:201)
	at org.apache.spark.sql.execution.SparkPlan.$anonfun$executeQuery$1(SparkPlan.scala:260)
	at org.apache.spark.rdd.RDDOperationScope$.withScope(RDDOperationScope.scala:151)
	at org.apache.spark.sql.execution.SparkPlan.executeQuery(SparkPlan.scala:257)
	at org.apache.spark.sql.execution.SparkPlan.execute(SparkPlan.scala:197)
	at org.apache.spark.sql.classic.Dataset.toArrowBatchRdd(Dataset.scala:2351)
	at org.apache.spark.sql.classic.Dataset.$anonfun$collectAsArrowToPython$5(Dataset.scala:2204)
	at scala.runtime.java8.JFunction0$mcV$sp.apply(JFunction0$mcV$sp.scala:18)
	at org.apache.spark.util.SparkErrorUtils.tryWithSafeFinally(SparkErrorUtils.scala:86)
	at org.apache.spark.util.SparkErrorUtils.tryWithSafeFinally$(SparkErrorUtils.scala:83)
	at org.apache.spark.util.Utils$.tryWithSafeFinally(Utils.scala:97)
	at org.apache.spark.sql.classic.Dataset.$anonfun$collectAsArrowToPython$2(Dataset.scala:2209)
	at org.apache.spark.sql.classic.Dataset.$anonfun$collectAsArrowToPython$2$adapted(Dataset.scala:2184)
	at org.apache.spark.sql.classic.Dataset.$anonfun$withAction$2(Dataset.scala:2265)
	at org.apache.spark.sql.execution.QueryExecution$.withInternalError(QueryExecution.scala:717)
	at org.apache.spark.sql.classic.Dataset.$anonfun$withAction$1(Dataset.scala:2263)
	at org.apache.spark.sql.execution.SQLExecution$.$anonfun$withNewExecutionId0$8(SQLExecution.scala:177)
	at org.apache.spark.sql.execution.SQLExecution$.withSessionTagsApplied(SQLExecution.scala:285)
	at org.apache.spark.sql.execution.SQLExecution$.$anonfun$withNewExecutionId0$7(SQLExecution.scala:139)
	at org.apache.spark.JobArtifactSet$.withActiveJobArtifactState(JobArtifactSet.scala:94)
	at org.apache.spark.sql.artifact.ArtifactManager.$anonfun$withResources$1(ArtifactManager.scala:112)
	at org.apache.spark.sql.artifact.ArtifactManager.withClassLoaderIfNeeded(ArtifactManager.scala:106)
	at org.apache.spark.sql.artifact.ArtifactManager.withResources(ArtifactManager.scala:111)
	at org.apache.spark.sql.execution.SQLExecution$.$anonfun$withNewExecutionId0$6(SQLExecution.scala:139)
	at org.apache.spark.sql.execution.SQLExecution$.withSQLConfPropagated(SQLExecution.scala:308)
	at org.apache.spark.sql.execution.SQLExecution$.$anonfun$withNewExecutionId0$1(SQLExecution.scala:138)
	at org.apache.spark.sql.SparkSession.withActive(SparkSession.scala:804)
	at org.apache.spark.sql.execution.SQLExecution$.withNewExecutionId0(SQLExecution.scala:92)
	at org.apache.spark.sql.execution.SQLExecution$.withNewExecutionId(SQLExecution.scala:250)
	at org.apache.spark.sql.classic.Dataset.withAction(Dataset.scala:2263)
	at org.apache.spark.sql.classic.Dataset.$anonfun$collectAsArrowToPython$1(Dataset.scala:2184)
	at org.apache.spark.sql.classic.Dataset.$anonfun$collectAsArrowToPython$1$adapted(Dataset.scala:2183)
	at org.apache.spark.security.SocketAuthServer$.$anonfun$serveToStream$2(SocketAuthServer.scala:168)
	at scala.runtime.java8.JFunction0$mcV$sp.apply(JFunction0$mcV$sp.scala:18)
	at org.apache.spark.util.SparkErrorUtils.tryWithSafeFinally(SparkErrorUtils.scala:86)
	at org.apache.spark.util.SparkErrorUtils.tryWithSafeFinally$(SparkErrorUtils.scala:83)
	at org.apache.spark.util.Utils$.tryWithSafeFinally(Utils.scala:97)
	at org.apache.spark.security.SocketAuthServer$.$anonfun$serveToStream$1(SocketAuthServer.scala:170)
	at org.apache.spark.security.SocketAuthServer$.$anonfun$serveToStream$1$adapted(SocketAuthServer.scala:165)
	at org.apache.spark.security.SocketFuncServer.handleConnection(SocketAuthServer.scala:142)
	at org.apache.spark.security.SocketFuncServer.handleConnection(SocketAuthServer.scala:136)
	at org.apache.spark.security.SocketAuthServer$$anon$1.$anonfun$run$5(SocketAuthServer.scala:91)
	at scala.util.Try$.apply(Try.scala:217)
	at org.apache.spark.security.SocketAuthServer$$anon$1.run(SocketAuthServer.scala:91)
	Suppressed: org.apache.spark.util.Utils$OriginalTryStackTraceException: Full stacktrace of original doTryWithCallerStacktrace caller
		at org.apache.spark.scheduler.DAGScheduler.$anonfun$abortStage$3(DAGScheduler.scala:3122)
		at scala.Option.getOrElse(Option.scala:201)
		at org.apache.spark.scheduler.DAGScheduler.$anonfun$abortStage$2(DAGScheduler.scala:3122)
		at org.apache.spark.scheduler.DAGScheduler.$anonfun$abortStage$2$adapted(DAGScheduler.scala:3114)
		at scala.collection.immutable.List.foreach(List.scala:323)
		at org.apache.spark.scheduler.DAGScheduler.abortStage(DAGScheduler.scala:3114)
		at org.apache.spark.scheduler.DAGScheduler.$anonfun$handleTaskSetFailed$1(DAGScheduler.scala:1303)
		at org.apache.spark.scheduler.DAGScheduler.$anonfun$handleTaskSetFailed$1$adapted(DAGScheduler.scala:1303)
		at scala.Option.foreach(Option.scala:437)
		at org.apache.spark.scheduler.DAGScheduler.handleTaskSetFailed(DAGScheduler.scala:1303)
		at org.apache.spark.scheduler.DAGSchedulerEventProcessLoop.doOnReceive(DAGScheduler.scala:3397)
		at org.apache.spark.scheduler.DAGSchedulerEventProcessLoop.onReceive(DAGScheduler.scala:3328)
		at org.apache.spark.scheduler.DAGSchedulerEventProcessLoop.onReceive(DAGScheduler.scala:3317)
		at org.apache.spark.util.EventLoop$$anon$1.run(EventLoop.scala:50)
Caused by: org.apache.spark.memory.SparkOutOfMemoryError: [UNABLE_TO_ACQUIRE_MEMORY] Unable to acquire 262144 bytes of memory, got 175145. SQLSTATE: 53200
	at org.apache.spark.errors.SparkCoreErrors$.outOfMemoryError(SparkCoreErrors.scala:456)
	at org.apache.spark.errors.SparkCoreErrors.outOfMemoryError(SparkCoreErrors.scala)
	at org.apache.spark.memory.MemoryConsumer.throwOom(MemoryConsumer.java:157)
	at org.apache.spark.memory.MemoryConsumer.allocateArray(MemoryConsumer.java:98)
	at org.apache.spark.unsafe.map.BytesToBytesMap.allocate(BytesToBytesMap.java:868)
	at org.apache.spark.unsafe.map.BytesToBytesMap.<init>(BytesToBytesMap.java:202)
	at org.apache.spark.unsafe.map.BytesToBytesMap.<init>(BytesToBytesMap.java:209)
	at org.apache.spark.sql.execution.UnsafeFixedWidthAggregationMap.<init>(UnsafeFixedWidthAggregationMap.java:96)
	at org.apache.spark.sql.execution.aggregate.HashAggregateExec.createHashMap(HashAggregateExec.scala:173)
	at org.apache.spark.sql.catalyst.expressions.GeneratedClass$GeneratedIteratorForCodegenStage1.processNext(Unknown Source)
	at org.apache.spark.sql.execution.BufferedRowIterator.hasNext(BufferedRowIterator.java:43)
	at org.apache.spark.sql.execution.WholeStageCodegenEvaluatorFactory$WholeStageCodegenPartitionEvaluator$$anon$1.hasNext(WholeStageCodegenEvaluatorFactory.scala:50)
	at scala.collection.Iterator$$anon$9.hasNext(Iterator.scala:593)
	at org.apache.spark.shuffle.sort.BypassMergeSortShuffleWriter.write(BypassMergeSortShuffleWriter.java:153)
	at org.apache.spark.shuffle.ShuffleWriteProcessor.write(ShuffleWriteProcessor.scala:57)
	at org.apache.spark.scheduler.ShuffleMapTask.runTask(ShuffleMapTask.scala:111)
	at org.apache.spark.scheduler.ShuffleMapTask.runTask(ShuffleMapTask.scala:54)
	at org.apache.spark.TaskContext.runTaskWithListeners(TaskContext.scala:180)
	at org.apache.spark.scheduler.Task.run(Task.scala:147)
	at org.apache.spark.executor.Executor$TaskRunner.$anonfun$run$5(Executor.scala:716)
	at org.apache.spark.util.SparkErrorUtils.tryWithSafeFinally(SparkErrorUtils.scala:86)
	at org.apache.spark.util.SparkErrorUtils.tryWithSafeFinally$(SparkErrorUtils.scala:83)
	at org.apache.spark.util.Utils$.tryWithSafeFinally(Utils.scala:97)
	at org.apache.spark.executor.Executor$TaskRunner.run(Executor.scala:719)
	at java.base/java.util.concurrent.ThreadPoolExecutor.runWorker(ThreadPoolExecutor.java:1136)
	at java.base/java.util.concurrent.ThreadPoolExecutor$Worker.run(ThreadPoolExecutor.java:635)
	at java.base/java.lang.Thread.run(Thread.java:840)

[2026-05-08T06:56:28.902+0000] {taskinstance.py:1225} INFO - Marking task as UP_FOR_RETRY. dag_id=lazada_dashboard_pipeline, task_id=run_spark_aggregations, run_id=manual__2026-05-08T06:35:33.233697+00:00, execution_date=20260508T063533, start_date=20260508T065132, end_date=20260508T065628
[2026-05-08T06:56:28.958+0000] {taskinstance.py:340} INFO - ::group::Post task execution logs
[2026-05-08T06:56:28.959+0000] {standard_task_runner.py:124} ERROR - Failed to execute job 11 for task run_spark_aggregations (An error occurred while calling o101.getResult.
: org.apache.spark.SparkException: Exception thrown in awaitResult: 
	at org.apache.spark.util.SparkThreadUtils$.awaitResult(SparkThreadUtils.scala:53)
	at org.apache.spark.util.ThreadUtils$.awaitResult(ThreadUtils.scala:359)
	at org.apache.spark.security.SocketAuthServer.getResult(SocketAuthServer.scala:126)
	at org.apache.spark.security.SocketAuthServer.getResult(SocketAuthServer.scala:122)
	at java.base/jdk.internal.reflect.NativeMethodAccessorImpl.invoke0(Native Method)
	at java.base/jdk.internal.reflect.NativeMethodAccessorImpl.invoke(NativeMethodAccessorImpl.java:77)
	at java.base/jdk.internal.reflect.DelegatingMethodAccessorImpl.invoke(DelegatingMethodAccessorImpl.java:43)
	at java.base/java.lang.reflect.Method.invoke(Method.java:569)
	at py4j.reflection.MethodInvoker.invoke(MethodInvoker.java:244)
	at py4j.reflection.ReflectionEngine.invoke(ReflectionEngine.java:374)
	at py4j.Gateway.invoke(Gateway.java:282)
	at py4j.commands.AbstractCommand.invokeMethod(AbstractCommand.java:132)
	at py4j.commands.CallCommand.execute(CallCommand.java:79)
	at py4j.ClientServerConnection.waitForCommands(ClientServerConnection.java:184)
	at py4j.ClientServerConnection.run(ClientServerConnection.java:108)
	at java.base/java.lang.Thread.run(Thread.java:840)
Caused by: org.apache.spark.SparkException: Job aborted due to stage failure: Task 10 in stage 13.0 failed 1 times, most recent failure: Lost task 10.0 in stage 13.0 (TID 379) (b77580192c62 executor driver): org.apache.spark.memory.SparkOutOfMemoryError: [UNABLE_TO_ACQUIRE_MEMORY] Unable to acquire 262144 bytes of memory, got 175145. SQLSTATE: 53200
	at org.apache.spark.errors.SparkCoreErrors$.outOfMemoryError(SparkCoreErrors.scala:456)
	at org.apache.spark.errors.SparkCoreErrors.outOfMemoryError(SparkCoreErrors.scala)
	at org.apache.spark.memory.MemoryConsumer.throwOom(MemoryConsumer.java:157)
	at org.apache.spark.memory.MemoryConsumer.allocateArray(MemoryConsumer.java:98)
	at org.apache.spark.unsafe.map.BytesToBytesMap.allocate(BytesToBytesMap.java:868)
	at org.apache.spark.unsafe.map.BytesToBytesMap.<init>(BytesToBytesMap.java:202)
	at org.apache.spark.unsafe.map.BytesToBytesMap.<init>(BytesToBytesMap.java:209)
	at org.apache.spark.sql.execution.UnsafeFixedWidthAggregationMap.<init>(UnsafeFixedWidthAggregationMap.java:96)
	at org.apache.spark.sql.execution.aggregate.HashAggregateExec.createHashMap(HashAggregateExec.scala:173)
	at org.apache.spark.sql.catalyst.expressions.GeneratedClass$GeneratedIteratorForCodegenStage1.processNext(Unknown Source)
	at org.apache.spark.sql.execution.BufferedRowIterator.hasNext(BufferedRowIterator.java:43)
	at org.apache.spark.sql.execution.WholeStageCodegenEvaluatorFactory$WholeStageCodegenPartitionEvaluator$$anon$1.hasNext(WholeStageCodegenEvaluatorFactory.scala:50)
	at scala.collection.Iterator$$anon$9.hasNext(Iterator.scala:593)
	at org.apache.spark.shuffle.sort.BypassMergeSortShuffleWriter.write(BypassMergeSortShuffleWriter.java:153)
	at org.apache.spark.shuffle.ShuffleWriteProcessor.write(ShuffleWriteProcessor.scala:57)
	at org.apache.spark.scheduler.ShuffleMapTask.runTask(ShuffleMapTask.scala:111)
	at org.apache.spark.scheduler.ShuffleMapTask.runTask(ShuffleMapTask.scala:54)
	at org.apache.spark.TaskContext.runTaskWithListeners(TaskContext.scala:180)
	at org.apache.spark.scheduler.Task.run(Task.scala:147)
	at org.apache.spark.executor.Executor$TaskRunner.$anonfun$run$5(Executor.scala:716)
	at org.apache.spark.util.SparkErrorUtils.tryWithSafeFinally(SparkErrorUtils.scala:86)
	at org.apache.spark.util.SparkErrorUtils.tryWithSafeFinally$(SparkErrorUtils.scala:83)
	at org.apache.spark.util.Utils$.tryWithSafeFinally(Utils.scala:97)
	at org.apache.spark.executor.Executor$TaskRunner.run(Executor.scala:719)
	at java.base/java.util.concurrent.ThreadPoolExecutor.runWorker(ThreadPoolExecutor.java:1136)
	at java.base/java.util.concurrent.ThreadPoolExecutor$Worker.run(ThreadPoolExecutor.java:635)
	at java.base/java.lang.Thread.run(Thread.java:840)

Driver stacktrace:
	at org.apache.spark.scheduler.DAGScheduler.$anonfun$abortStage$3(DAGScheduler.scala:3122)
	at scala.Option.getOrElse(Option.scala:201)
	at org.apache.spark.scheduler.DAGScheduler.$anonfun$abortStage$2(DAGScheduler.scala:3122)
	at org.apache.spark.scheduler.DAGScheduler.$anonfun$abortStage$2$adapted(DAGScheduler.scala:3114)
	at scala.collection.immutable.List.foreach(List.scala:323)
	at org.apache.spark.scheduler.DAGScheduler.abortStage(DAGScheduler.scala:3114)
	at org.apache.spark.scheduler.DAGScheduler.$anonfun$handleTaskSetFailed$1(DAGScheduler.scala:1303)
	at org.apache.spark.scheduler.DAGScheduler.$anonfun$handleTaskSetFailed$1$adapted(DAGScheduler.scala:1303)
	at scala.Option.foreach(Option.scala:437)
	at org.apache.spark.scheduler.DAGScheduler.handleTaskSetFailed(DAGScheduler.scala:1303)
	at org.apache.spark.scheduler.DAGSchedulerEventProcessLoop.doOnReceive(DAGScheduler.scala:3397)
	at org.apache.spark.scheduler.DAGSchedulerEventProcessLoop.onReceive(DAGScheduler.scala:3328)
	at org.apache.spark.scheduler.DAGSchedulerEventProcessLoop.onReceive(DAGScheduler.scala:3317)
	at org.apache.spark.util.EventLoop$$anon$1.run(EventLoop.scala:50)
	at org.apache.spark.util.Utils$.getTryWithCallerStacktrace(Utils.scala:1453)
	at org.apache.spark.util.LazyTry.get(LazyTry.scala:58)
	at org.apache.spark.sql.execution.SparkPlan.$anonfun$execute$1(SparkPlan.scala:201)
	at org.apache.spark.sql.execution.SparkPlan.$anonfun$executeQuery$1(SparkPlan.scala:260)
	at org.apache.spark.rdd.RDDOperationScope$.withScope(RDDOperationScope.scala:151)
	at org.apache.spark.sql.execution.SparkPlan.executeQuery(SparkPlan.scala:257)
	at org.apache.spark.sql.execution.SparkPlan.execute(SparkPlan.scala:197)
	at org.apache.spark.sql.classic.Dataset.toArrowBatchRdd(Dataset.scala:2351)
	at org.apache.spark.sql.classic.Dataset.$anonfun$collectAsArrowToPython$5(Dataset.scala:2204)
	at scala.runtime.java8.JFunction0$mcV$sp.apply(JFunction0$mcV$sp.scala:18)
	at org.apache.spark.util.SparkErrorUtils.tryWithSafeFinally(SparkErrorUtils.scala:86)
	at org.apache.spark.util.SparkErrorUtils.tryWithSafeFinally$(SparkErrorUtils.scala:83)
	at org.apache.spark.util.Utils$.tryWithSafeFinally(Utils.scala:97)
	at org.apache.spark.sql.classic.Dataset.$anonfun$collectAsArrowToPython$2(Dataset.scala:2209)
	at org.apache.spark.sql.classic.Dataset.$anonfun$collectAsArrowToPython$2$adapted(Dataset.scala:2184)
	at org.apache.spark.sql.classic.Dataset.$anonfun$withAction$2(Dataset.scala:2265)
	at org.apache.spark.sql.execution.QueryExecution$.withInternalError(QueryExecution.scala:717)
	at org.apache.spark.sql.classic.Dataset.$anonfun$withAction$1(Dataset.scala:2263)
	at org.apache.spark.sql.execution.SQLExecution$.$anonfun$withNewExecutionId0$8(SQLExecution.scala:177)
	at org.apache.spark.sql.execution.SQLExecution$.withSessionTagsApplied(SQLExecution.scala:285)
	at org.apache.spark.sql.execution.SQLExecution$.$anonfun$withNewExecutionId0$7(SQLExecution.scala:139)
	at org.apache.spark.JobArtifactSet$.withActiveJobArtifactState(JobArtifactSet.scala:94)
	at org.apache.spark.sql.artifact.ArtifactManager.$anonfun$withResources$1(ArtifactManager.scala:112)
	at org.apache.spark.sql.artifact.ArtifactManager.withClassLoaderIfNeeded(ArtifactManager.scala:106)
	at org.apache.spark.sql.artifact.ArtifactManager.withResources(ArtifactManager.scala:111)
	at org.apache.spark.sql.execution.SQLExecution$.$anonfun$withNewExecutionId0$6(SQLExecution.scala:139)
	at org.apache.spark.sql.execution.SQLExecution$.withSQLConfPropagated(SQLExecution.scala:308)
	at org.apache.spark.sql.execution.SQLExecution$.$anonfun$withNewExecutionId0$1(SQLExecution.scala:138)
	at org.apache.spark.sql.SparkSession.withActive(SparkSession.scala:804)
	at org.apache.spark.sql.execution.SQLExecution$.withNewExecutionId0(SQLExecution.scala:92)
	at org.apache.spark.sql.execution.SQLExecution$.withNewExecutionId(SQLExecution.scala:250)
	at org.apache.spark.sql.classic.Dataset.withAction(Dataset.scala:2263)
	at org.apache.spark.sql.classic.Dataset.$anonfun$collectAsArrowToPython$1(Dataset.scala:2184)
	at org.apache.spark.sql.classic.Dataset.$anonfun$collectAsArrowToPython$1$adapted(Dataset.scala:2183)
	at org.apache.spark.security.SocketAuthServer$.$anonfun$serveToStream$2(SocketAuthServer.scala:168)
	at scala.runtime.java8.JFunction0$mcV$sp.apply(JFunction0$mcV$sp.scala:18)
	at org.apache.spark.util.SparkErrorUtils.tryWithSafeFinally(SparkErrorUtils.scala:86)
	at org.apache.spark.util.SparkErrorUtils.tryWithSafeFinally$(SparkErrorUtils.scala:83)
	at org.apache.spark.util.Utils$.tryWithSafeFinally(Utils.scala:97)
	at org.apache.spark.security.SocketAuthServer$.$anonfun$serveToStream$1(SocketAuthServer.scala:170)
	at org.apache.spark.security.SocketAuthServer$.$anonfun$serveToStream$1$adapted(SocketAuthServer.scala:165)
	at org.apache.spark.security.SocketFuncServer.handleConnection(SocketAuthServer.scala:142)
	at org.apache.spark.security.SocketFuncServer.handleConnection(SocketAuthServer.scala:136)
	at org.apache.spark.security.SocketAuthServer$$anon$1.$anonfun$run$5(SocketAuthServer.scala:91)
	at scala.util.Try$.apply(Try.scala:217)
	at org.apache.spark.security.SocketAuthServer$$anon$1.run(SocketAuthServer.scala:91)
	Suppressed: org.apache.spark.util.Utils$OriginalTryStackTraceException: Full stacktrace of original doTryWithCallerStacktrace caller
		at org.apache.spark.scheduler.DAGScheduler.$anonfun$abortStage$3(DAGScheduler.scala:3122)
		at scala.Option.getOrElse(Option.scala:201)
		at org.apache.spark.scheduler.DAGScheduler.$anonfun$abortStage$2(DAGScheduler.scala:3122)
		at org.apache.spark.scheduler.DAGScheduler.$anonfun$abortStage$2$adapted(DAGScheduler.scala:3114)
		at scala.collection.immutable.List.foreach(List.scala:323)
		at org.apache.spark.scheduler.DAGScheduler.abortStage(DAGScheduler.scala:3114)
		at org.apache.spark.scheduler.DAGScheduler.$anonfun$handleTaskSetFailed$1(DAGScheduler.scala:1303)
		at org.apache.spark.scheduler.DAGScheduler.$anonfun$handleTaskSetFailed$1$adapted(DAGScheduler.scala:1303)
		at scala.Option.foreach(Option.scala:437)
		at org.apache.spark.scheduler.DAGScheduler.handleTaskSetFailed(DAGScheduler.scala:1303)
		at org.apache.spark.scheduler.DAGSchedulerEventProcessLoop.doOnReceive(DAGScheduler.scala:3397)
		at org.apache.spark.scheduler.DAGSchedulerEventProcessLoop.onReceive(DAGScheduler.scala:3328)
		at org.apache.spark.scheduler.DAGSchedulerEventProcessLoop.onReceive(DAGScheduler.scala:3317)
		at org.apache.spark.util.EventLoop$$anon$1.run(EventLoop.scala:50)
Caused by: org.apache.spark.memory.SparkOutOfMemoryError: [UNABLE_TO_ACQUIRE_MEMORY] Unable to acquire 262144 bytes of memory, got 175145. SQLSTATE: 53200
	at org.apache.spark.errors.SparkCoreErrors$.outOfMemoryError(SparkCoreErrors.scala:456)
	at org.apache.spark.errors.SparkCoreErrors.outOfMemoryError(SparkCoreErrors.scala)
	at org.apache.spark.memory.MemoryConsumer.throwOom(MemoryConsumer.java:157)
	at org.apache.spark.memory.MemoryConsumer.allocateArray(MemoryConsumer.java:98)
	at org.apache.spark.unsafe.map.BytesToBytesMap.allocate(BytesToBytesMap.java:868)
	at org.apache.spark.unsafe.map.BytesToBytesMap.<init>(BytesToBytesMap.java:202)
	at org.apache.spark.unsafe.map.BytesToBytesMap.<init>(BytesToBytesMap.java:209)
	at org.apache.spark.sql.execution.UnsafeFixedWidthAggregationMap.<init>(UnsafeFixedWidthAggregationMap.java:96)
	at org.apache.spark.sql.execution.aggregate.HashAggregateExec.createHashMap(HashAggregateExec.scala:173)
	at org.apache.spark.sql.catalyst.expressions.GeneratedClass$GeneratedIteratorForCodegenStage1.processNext(Unknown Source)
	at org.apache.spark.sql.execution.BufferedRowIterator.hasNext(BufferedRowIterator.java:43)
	at org.apache.spark.sql.execution.WholeStageCodegenEvaluatorFactory$WholeStageCodegenPartitionEvaluator$$anon$1.hasNext(WholeStageCodegenEvaluatorFactory.scala:50)
	at scala.collection.Iterator$$anon$9.hasNext(Iterator.scala:593)
	at org.apache.spark.shuffle.sort.BypassMergeSortShuffleWriter.write(BypassMergeSortShuffleWriter.java:153)
	at org.apache.spark.shuffle.ShuffleWriteProcessor.write(ShuffleWriteProcessor.scala:57)
	at org.apache.spark.scheduler.ShuffleMapTask.runTask(ShuffleMapTask.scala:111)
	at org.apache.spark.scheduler.ShuffleMapTask.runTask(ShuffleMapTask.scala:54)
	at org.apache.spark.TaskContext.runTaskWithListeners(TaskContext.scala:180)
	at org.apache.spark.scheduler.Task.run(Task.scala:147)
	at org.apache.spark.executor.Executor$TaskRunner.$anonfun$run$5(Executor.scala:716)
	at org.apache.spark.util.SparkErrorUtils.tryWithSafeFinally(SparkErrorUtils.scala:86)
	at org.apache.spark.util.SparkErrorUtils.tryWithSafeFinally$(SparkErrorUtils.scala:83)
	at org.apache.spark.util.Utils$.tryWithSafeFinally(Utils.scala:97)
	at org.apache.spark.executor.Executor$TaskRunner.run(Executor.scala:719)
	at java.base/java.util.concurrent.ThreadPoolExecutor.runWorker(ThreadPoolExecutor.java:1136)
	at java.base/java.util.concurrent.ThreadPoolExecutor$Worker.run(ThreadPoolExecutor.java:635)
	at java.base/java.lang.Thread.run(Thread.java:840)
; 1745)
Traceback (most recent call last):
  File "/home/airflow/.local/lib/python3.11/site-packages/airflow/task/task_runner/standard_task_runner.py", line 117, in _start_by_fork
    ret = args.func(args, dag=self.dag)
          ^^^^^^^^^^^^^^^^^^^^^^^^^^^^^
  File "/home/airflow/.local/lib/python3.11/site-packages/airflow/cli/cli_config.py", line 49, in command
    return func(*args, **kwargs)
           ^^^^^^^^^^^^^^^^^^^^^
  File "/home/airflow/.local/lib/python3.11/site-packages/airflow/utils/cli.py", line 116, in wrapper
    return f(*args, **kwargs)
           ^^^^^^^^^^^^^^^^^^
  File "/home/airflow/.local/lib/python3.11/site-packages/airflow/cli/commands/task_command.py", line 483, in task_run
    task_return_code = _run_task_by_selected_method(args, _dag, ti)
                       ^^^^^^^^^^^^^^^^^^^^^^^^^^^^^^^^^^^^^^^^^^^^
  File "/home/airflow/.local/lib/python3.11/site-packages/airflow/cli/commands/task_command.py", line 256, in _run_task_by_selected_method
    return _run_raw_task(args, ti)
           ^^^^^^^^^^^^^^^^^^^^^^^
  File "/home/airflow/.local/lib/python3.11/site-packages/airflow/cli/commands/task_command.py", line 341, in _run_raw_task
    return ti._run_raw_task(
           ^^^^^^^^^^^^^^^^^
  File "/home/airflow/.local/lib/python3.11/site-packages/airflow/utils/session.py", line 97, in wrapper
    return func(*args, session=session, **kwargs)
           ^^^^^^^^^^^^^^^^^^^^^^^^^^^^^^^^^^^^^^
  File "/home/airflow/.local/lib/python3.11/site-packages/airflow/models/taskinstance.py", line 3005, in _run_raw_task
    return _run_raw_task(
           ^^^^^^^^^^^^^^
  File "/home/airflow/.local/lib/python3.11/site-packages/airflow/models/taskinstance.py", line 273, in _run_raw_task
    TaskInstance._execute_task_with_callbacks(
  File "/home/airflow/.local/lib/python3.11/site-packages/airflow/models/taskinstance.py", line 3159, in _execute_task_with_callbacks
    result = self._execute_task(context, task_orig)
             ^^^^^^^^^^^^^^^^^^^^^^^^^^^^^^^^^^^^^^
  File "/home/airflow/.local/lib/python3.11/site-packages/airflow/models/taskinstance.py", line 3183, in _execute_task
    return _execute_task(self, context, task_orig)
           ^^^^^^^^^^^^^^^^^^^^^^^^^^^^^^^^^^^^^^^
  File "/home/airflow/.local/lib/python3.11/site-packages/airflow/models/taskinstance.py", line 762, in _execute_task
    result = _execute_callable(context=context, **execute_callable_kwargs)
             ^^^^^^^^^^^^^^^^^^^^^^^^^^^^^^^^^^^^^^^^^^^^^^^^^^^^^^^^^^^^^
  File "/home/airflow/.local/lib/python3.11/site-packages/airflow/models/taskinstance.py", line 733, in _execute_callable
    return ExecutionCallableRunner(
           ^^^^^^^^^^^^^^^^^^^^^^^^
  File "/home/airflow/.local/lib/python3.11/site-packages/airflow/utils/operator_helpers.py", line 252, in run
    return self.func(*args, **kwargs)
           ^^^^^^^^^^^^^^^^^^^^^^^^^^
  File "/home/airflow/.local/lib/python3.11/site-packages/airflow/models/baseoperator.py", line 417, in wrapper
    return func(self, *args, **kwargs)
           ^^^^^^^^^^^^^^^^^^^^^^^^^^^
  File "/home/airflow/.local/lib/python3.11/site-packages/airflow/operators/python.py", line 238, in execute
    return_value = self.execute_callable()
                   ^^^^^^^^^^^^^^^^^^^^^^^
  File "/home/airflow/.local/lib/python3.11/site-packages/airflow/operators/python.py", line 256, in execute_callable
    return runner.run(*self.op_args, **self.op_kwargs)
           ^^^^^^^^^^^^^^^^^^^^^^^^^^^^^^^^^^^^^^^^^^^
  File "/home/airflow/.local/lib/python3.11/site-packages/airflow/utils/operator_helpers.py", line 252, in run
    return self.func(*args, **kwargs)
           ^^^^^^^^^^^^^^^^^^^^^^^^^^
  File "/opt/airflow/dags/lazada_dashboard_dag.py", line 98, in _run_spark_aggregations
    staging = run_spark_aggregations(
              ^^^^^^^^^^^^^^^^^^^^^^^
  File "/opt/airflow/project/data/build_kaggle_spark.py", line 236, in run_spark_aggregations
    events_count_df = df.groupBy("event_type").count().toPandas()
                      ^^^^^^^^^^^^^^^^^^^^^^^^^^^^^^^^^^^^^^^^^^^
  File "/home/airflow/.local/lib/python3.11/site-packages/pyspark/sql/classic/dataframe.py", line 1816, in toPandas
    return PandasConversionMixin.toPandas(self)
           ^^^^^^^^^^^^^^^^^^^^^^^^^^^^^^^^^^^^
  File "/home/airflow/.local/lib/python3.11/site-packages/pyspark/sql/pandas/conversion.py", line 114, in toPandas
    batches = self._collect_as_arrow(split_batches=self_destruct)
              ^^^^^^^^^^^^^^^^^^^^^^^^^^^^^^^^^^^^^^^^^^^^^^^^^^^
  File "/home/airflow/.local/lib/python3.11/site-packages/pyspark/sql/pandas/conversion.py", line 308, in _collect_as_arrow
    jsocket_auth_server.getResult()
  File "/home/airflow/.local/lib/python3.11/site-packages/py4j/java_gateway.py", line 1362, in __call__
    return_value = get_return_value(
                   ^^^^^^^^^^^^^^^^^
  File "/home/airflow/.local/lib/python3.11/site-packages/pyspark/errors/exceptions/captured.py", line 263, in deco
    return f(*a, **kw)
           ^^^^^^^^^^^
  File "/home/airflow/.local/lib/python3.11/site-packages/py4j/protocol.py", line 327, in get_return_value
    raise Py4JJavaError(
py4j.protocol.Py4JJavaError: An error occurred while calling o101.getResult.
: org.apache.spark.SparkException: Exception thrown in awaitResult: 
	at org.apache.spark.util.SparkThreadUtils$.awaitResult(SparkThreadUtils.scala:53)
	at org.apache.spark.util.ThreadUtils$.awaitResult(ThreadUtils.scala:359)
	at org.apache.spark.security.SocketAuthServer.getResult(SocketAuthServer.scala:126)
	at org.apache.spark.security.SocketAuthServer.getResult(SocketAuthServer.scala:122)
	at java.base/jdk.internal.reflect.NativeMethodAccessorImpl.invoke0(Native Method)
	at java.base/jdk.internal.reflect.NativeMethodAccessorImpl.invoke(NativeMethodAccessorImpl.java:77)
	at java.base/jdk.internal.reflect.DelegatingMethodAccessorImpl.invoke(DelegatingMethodAccessorImpl.java:43)
	at java.base/java.lang.reflect.Method.invoke(Method.java:569)
	at py4j.reflection.MethodInvoker.invoke(MethodInvoker.java:244)
	at py4j.reflection.ReflectionEngine.invoke(ReflectionEngine.java:374)
	at py4j.Gateway.invoke(Gateway.java:282)
	at py4j.commands.AbstractCommand.invokeMethod(AbstractCommand.java:132)
	at py4j.commands.CallCommand.execute(CallCommand.java:79)
	at py4j.ClientServerConnection.waitForCommands(ClientServerConnection.java:184)
	at py4j.ClientServerConnection.run(ClientServerConnection.java:108)
	at java.base/java.lang.Thread.run(Thread.java:840)
Caused by: org.apache.spark.SparkException: Job aborted due to stage failure: Task 10 in stage 13.0 failed 1 times, most recent failure: Lost task 10.0 in stage 13.0 (TID 379) (b77580192c62 executor driver): org.apache.spark.memory.SparkOutOfMemoryError: [UNABLE_TO_ACQUIRE_MEMORY] Unable to acquire 262144 bytes of memory, got 175145. SQLSTATE: 53200
	at org.apache.spark.errors.SparkCoreErrors$.outOfMemoryError(SparkCoreErrors.scala:456)
	at org.apache.spark.errors.SparkCoreErrors.outOfMemoryError(SparkCoreErrors.scala)
	at org.apache.spark.memory.MemoryConsumer.throwOom(MemoryConsumer.java:157)
	at org.apache.spark.memory.MemoryConsumer.allocateArray(MemoryConsumer.java:98)
	at org.apache.spark.unsafe.map.BytesToBytesMap.allocate(BytesToBytesMap.java:868)
	at org.apache.spark.unsafe.map.BytesToBytesMap.<init>(BytesToBytesMap.java:202)
	at org.apache.spark.unsafe.map.BytesToBytesMap.<init>(BytesToBytesMap.java:209)
	at org.apache.spark.sql.execution.UnsafeFixedWidthAggregationMap.<init>(UnsafeFixedWidthAggregationMap.java:96)
	at org.apache.spark.sql.execution.aggregate.HashAggregateExec.createHashMap(HashAggregateExec.scala:173)
	at org.apache.spark.sql.catalyst.expressions.GeneratedClass$GeneratedIteratorForCodegenStage1.processNext(Unknown Source)
	at org.apache.spark.sql.execution.BufferedRowIterator.hasNext(BufferedRowIterator.java:43)
	at org.apache.spark.sql.execution.WholeStageCodegenEvaluatorFactory$WholeStageCodegenPartitionEvaluator$$anon$1.hasNext(WholeStageCodegenEvaluatorFactory.scala:50)
	at scala.collection.Iterator$$anon$9.hasNext(Iterator.scala:593)
	at org.apache.spark.shuffle.sort.BypassMergeSortShuffleWriter.write(BypassMergeSortShuffleWriter.java:153)
	at org.apache.spark.shuffle.ShuffleWriteProcessor.write(ShuffleWriteProcessor.scala:57)
	at org.apache.spark.scheduler.ShuffleMapTask.runTask(ShuffleMapTask.scala:111)
	at org.apache.spark.scheduler.ShuffleMapTask.runTask(ShuffleMapTask.scala:54)
	at org.apache.spark.TaskContext.runTaskWithListeners(TaskContext.scala:180)
	at org.apache.spark.scheduler.Task.run(Task.scala:147)
	at org.apache.spark.executor.Executor$TaskRunner.$anonfun$run$5(Executor.scala:716)
	at org.apache.spark.util.SparkErrorUtils.tryWithSafeFinally(SparkErrorUtils.scala:86)
	at org.apache.spark.util.SparkErrorUtils.tryWithSafeFinally$(SparkErrorUtils.scala:83)
	at org.apache.spark.util.Utils$.tryWithSafeFinally(Utils.scala:97)
	at org.apache.spark.executor.Executor$TaskRunner.run(Executor.scala:719)
	at java.base/java.util.concurrent.ThreadPoolExecutor.runWorker(ThreadPoolExecutor.java:1136)
	at java.base/java.util.concurrent.ThreadPoolExecutor$Worker.run(ThreadPoolExecutor.java:635)
	at java.base/java.lang.Thread.run(Thread.java:840)

Driver stacktrace:
	at org.apache.spark.scheduler.DAGScheduler.$anonfun$abortStage$3(DAGScheduler.scala:3122)
	at scala.Option.getOrElse(Option.scala:201)
	at org.apache.spark.scheduler.DAGScheduler.$anonfun$abortStage$2(DAGScheduler.scala:3122)
	at org.apache.spark.scheduler.DAGScheduler.$anonfun$abortStage$2$adapted(DAGScheduler.scala:3114)
	at scala.collection.immutable.List.foreach(List.scala:323)
	at org.apache.spark.scheduler.DAGScheduler.abortStage(DAGScheduler.scala:3114)
	at org.apache.spark.scheduler.DAGScheduler.$anonfun$handleTaskSetFailed$1(DAGScheduler.scala:1303)
	at org.apache.spark.scheduler.DAGScheduler.$anonfun$handleTaskSetFailed$1$adapted(DAGScheduler.scala:1303)
	at scala.Option.foreach(Option.scala:437)
	at org.apache.spark.scheduler.DAGScheduler.handleTaskSetFailed(DAGScheduler.scala:1303)
	at org.apache.spark.scheduler.DAGSchedulerEventProcessLoop.doOnReceive(DAGScheduler.scala:3397)
	at org.apache.spark.scheduler.DAGSchedulerEventProcessLoop.onReceive(DAGScheduler.scala:3328)
	at org.apache.spark.scheduler.DAGSchedulerEventProcessLoop.onReceive(DAGScheduler.scala:3317)
	at org.apache.spark.util.EventLoop$$anon$1.run(EventLoop.scala:50)
	at org.apache.spark.util.Utils$.getTryWithCallerStacktrace(Utils.scala:1453)
	at org.apache.spark.util.LazyTry.get(LazyTry.scala:58)
	at org.apache.spark.sql.execution.SparkPlan.$anonfun$execute$1(SparkPlan.scala:201)
	at org.apache.spark.sql.execution.SparkPlan.$anonfun$executeQuery$1(SparkPlan.scala:260)
	at org.apache.spark.rdd.RDDOperationScope$.withScope(RDDOperationScope.scala:151)
	at org.apache.spark.sql.execution.SparkPlan.executeQuery(SparkPlan.scala:257)
	at org.apache.spark.sql.execution.SparkPlan.execute(SparkPlan.scala:197)
	at org.apache.spark.sql.classic.Dataset.toArrowBatchRdd(Dataset.scala:2351)
	at org.apache.spark.sql.classic.Dataset.$anonfun$collectAsArrowToPython$5(Dataset.scala:2204)
	at scala.runtime.java8.JFunction0$mcV$sp.apply(JFunction0$mcV$sp.scala:18)
	at org.apache.spark.util.SparkErrorUtils.tryWithSafeFinally(SparkErrorUtils.scala:86)
	at org.apache.spark.util.SparkErrorUtils.tryWithSafeFinally$(SparkErrorUtils.scala:83)
	at org.apache.spark.util.Utils$.tryWithSafeFinally(Utils.scala:97)
	at org.apache.spark.sql.classic.Dataset.$anonfun$collectAsArrowToPython$2(Dataset.scala:2209)
	at org.apache.spark.sql.classic.Dataset.$anonfun$collectAsArrowToPython$2$adapted(Dataset.scala:2184)
	at org.apache.spark.sql.classic.Dataset.$anonfun$withAction$2(Dataset.scala:2265)
	at org.apache.spark.sql.execution.QueryExecution$.withInternalError(QueryExecution.scala:717)
	at org.apache.spark.sql.classic.Dataset.$anonfun$withAction$1(Dataset.scala:2263)
	at org.apache.spark.sql.execution.SQLExecution$.$anonfun$withNewExecutionId0$8(SQLExecution.scala:177)
	at org.apache.spark.sql.execution.SQLExecution$.withSessionTagsApplied(SQLExecution.scala:285)
	at org.apache.spark.sql.execution.SQLExecution$.$anonfun$withNewExecutionId0$7(SQLExecution.scala:139)
	at org.apache.spark.JobArtifactSet$.withActiveJobArtifactState(JobArtifactSet.scala:94)
	at org.apache.spark.sql.artifact.ArtifactManager.$anonfun$withResources$1(ArtifactManager.scala:112)
	at org.apache.spark.sql.artifact.ArtifactManager.withClassLoaderIfNeeded(ArtifactManager.scala:106)
	at org.apache.spark.sql.artifact.ArtifactManager.withResources(ArtifactManager.scala:111)
	at org.apache.spark.sql.execution.SQLExecution$.$anonfun$withNewExecutionId0$6(SQLExecution.scala:139)
	at org.apache.spark.sql.execution.SQLExecution$.withSQLConfPropagated(SQLExecution.scala:308)
	at org.apache.spark.sql.execution.SQLExecution$.$anonfun$withNewExecutionId0$1(SQLExecution.scala:138)
	at org.apache.spark.sql.SparkSession.withActive(SparkSession.scala:804)
	at org.apache.spark.sql.execution.SQLExecution$.withNewExecutionId0(SQLExecution.scala:92)
	at org.apache.spark.sql.execution.SQLExecution$.withNewExecutionId(SQLExecution.scala:250)
	at org.apache.spark.sql.classic.Dataset.withAction(Dataset.scala:2263)
	at org.apache.spark.sql.classic.Dataset.$anonfun$collectAsArrowToPython$1(Dataset.scala:2184)
	at org.apache.spark.sql.classic.Dataset.$anonfun$collectAsArrowToPython$1$adapted(Dataset.scala:2183)
	at org.apache.spark.security.SocketAuthServer$.$anonfun$serveToStream$2(SocketAuthServer.scala:168)
	at scala.runtime.java8.JFunction0$mcV$sp.apply(JFunction0$mcV$sp.scala:18)
	at org.apache.spark.util.SparkErrorUtils.tryWithSafeFinally(SparkErrorUtils.scala:86)
	at org.apache.spark.util.SparkErrorUtils.tryWithSafeFinally$(SparkErrorUtils.scala:83)
	at org.apache.spark.util.Utils$.tryWithSafeFinally(Utils.scala:97)
	at org.apache.spark.security.SocketAuthServer$.$anonfun$serveToStream$1(SocketAuthServer.scala:170)
	at org.apache.spark.security.SocketAuthServer$.$anonfun$serveToStream$1$adapted(SocketAuthServer.scala:165)
	at org.apache.spark.security.SocketFuncServer.handleConnection(SocketAuthServer.scala:142)
	at org.apache.spark.security.SocketFuncServer.handleConnection(SocketAuthServer.scala:136)
	at org.apache.spark.security.SocketAuthServer$$anon$1.$anonfun$run$5(SocketAuthServer.scala:91)
	at scala.util.Try$.apply(Try.scala:217)
	at org.apache.spark.security.SocketAuthServer$$anon$1.run(SocketAuthServer.scala:91)
	Suppressed: org.apache.spark.util.Utils$OriginalTryStackTraceException: Full stacktrace of original doTryWithCallerStacktrace caller
		at org.apache.spark.scheduler.DAGScheduler.$anonfun$abortStage$3(DAGScheduler.scala:3122)
		at scala.Option.getOrElse(Option.scala:201)
		at org.apache.spark.scheduler.DAGScheduler.$anonfun$abortStage$2(DAGScheduler.scala:3122)
		at org.apache.spark.scheduler.DAGScheduler.$anonfun$abortStage$2$adapted(DAGScheduler.scala:3114)
		at scala.collection.immutable.List.foreach(List.scala:323)
		at org.apache.spark.scheduler.DAGScheduler.abortStage(DAGScheduler.scala:3114)
		at org.apache.spark.scheduler.DAGScheduler.$anonfun$handleTaskSetFailed$1(DAGScheduler.scala:1303)
		at org.apache.spark.scheduler.DAGScheduler.$anonfun$handleTaskSetFailed$1$adapted(DAGScheduler.scala:1303)
		at scala.Option.foreach(Option.scala:437)
		at org.apache.spark.scheduler.DAGScheduler.handleTaskSetFailed(DAGScheduler.scala:1303)
		at org.apache.spark.scheduler.DAGSchedulerEventProcessLoop.doOnReceive(DAGScheduler.scala:3397)
		at org.apache.spark.scheduler.DAGSchedulerEventProcessLoop.onReceive(DAGScheduler.scala:3328)
		at org.apache.spark.scheduler.DAGSchedulerEventProcessLoop.onReceive(DAGScheduler.scala:3317)
		at org.apache.spark.util.EventLoop$$anon$1.run(EventLoop.scala:50)
Caused by: org.apache.spark.memory.SparkOutOfMemoryError: [UNABLE_TO_ACQUIRE_MEMORY] Unable to acquire 262144 bytes of memory, got 175145. SQLSTATE: 53200
	at org.apache.spark.errors.SparkCoreErrors$.outOfMemoryError(SparkCoreErrors.scala:456)
	at org.apache.spark.errors.SparkCoreErrors.outOfMemoryError(SparkCoreErrors.scala)
	at org.apache.spark.memory.MemoryConsumer.throwOom(MemoryConsumer.java:157)
	at org.apache.spark.memory.MemoryConsumer.allocateArray(MemoryConsumer.java:98)
	at org.apache.spark.unsafe.map.BytesToBytesMap.allocate(BytesToBytesMap.java:868)
	at org.apache.spark.unsafe.map.BytesToBytesMap.<init>(BytesToBytesMap.java:202)
	at org.apache.spark.unsafe.map.BytesToBytesMap.<init>(BytesToBytesMap.java:209)
	at org.apache.spark.sql.execution.UnsafeFixedWidthAggregationMap.<init>(UnsafeFixedWidthAggregationMap.java:96)
	at org.apache.spark.sql.execution.aggregate.HashAggregateExec.createHashMap(HashAggregateExec.scala:173)
	at org.apache.spark.sql.catalyst.expressions.GeneratedClass$GeneratedIteratorForCodegenStage1.processNext(Unknown Source)
	at org.apache.spark.sql.execution.BufferedRowIterator.hasNext(BufferedRowIterator.java:43)
	at org.apache.spark.sql.execution.WholeStageCodegenEvaluatorFactory$WholeStageCodegenPartitionEvaluator$$anon$1.hasNext(WholeStageCodegenEvaluatorFactory.scala:50)
	at scala.collection.Iterator$$anon$9.hasNext(Iterator.scala:593)
	at org.apache.spark.shuffle.sort.BypassMergeSortShuffleWriter.write(BypassMergeSortShuffleWriter.java:153)
	at org.apache.spark.shuffle.ShuffleWriteProcessor.write(ShuffleWriteProcessor.scala:57)
	at org.apache.spark.scheduler.ShuffleMapTask.runTask(ShuffleMapTask.scala:111)
	at org.apache.spark.scheduler.ShuffleMapTask.runTask(ShuffleMapTask.scala:54)
	at org.apache.spark.TaskContext.runTaskWithListeners(TaskContext.scala:180)
	at org.apache.spark.scheduler.Task.run(Task.scala:147)
	at org.apache.spark.executor.Executor$TaskRunner.$anonfun$run$5(Executor.scala:716)
	at org.apache.spark.util.SparkErrorUtils.tryWithSafeFinally(SparkErrorUtils.scala:86)
	at org.apache.spark.util.SparkErrorUtils.tryWithSafeFinally$(SparkErrorUtils.scala:83)
	at org.apache.spark.util.Utils$.tryWithSafeFinally(Utils.scala:97)
	at org.apache.spark.executor.Executor$TaskRunner.run(Executor.scala:719)
	at java.base/java.util.concurrent.ThreadPoolExecutor.runWorker(ThreadPoolExecutor.java:1136)
	at java.base/java.util.concurrent.ThreadPoolExecutor$Worker.run(ThreadPoolExecutor.java:635)
	at java.base/java.lang.Thread.run(Thread.java:840)

[2026-05-08T06:56:29.123+0000] {local_task_job_runner.py:266} INFO - Task exited with return code 1
[2026-05-08T06:56:29.144+0000] {taskinstance.py:3895} INFO - 0 downstream tasks scheduled from follow-on schedule check
[2026-05-08T06:56:29.147+0000] {local_task_job_runner.py:245} INFO - ::endgroup::
